agents/analysis/agent-audit.ts(21,23): error TS1005: '{' expected.
agents/analysis/agent-audit.ts(21,36): error TS1005: ';' expected.
agents/analysis/agent-audit.ts(28,19): error TS1005: '{' expected.
agents/analysis/agent-audit.ts(28,26): error TS1005: ';' expected.
agents/analysis/agent-audit.ts(28,112): error TS1005: ';' expected.
agents/analysis/agent-audit.ts(34,23): error TS1005: ',' expected.
agents/analysis/agent-audit.ts(34,29): error TS1005: ',' expected.
agents/analysis/agent-audit.ts(34,50): error TS1005: ';' expected.
agents/analysis/agent-audit.ts(41,3): error TS1434: Unexpected keyword or identifier.
agents/analysis/agent-audit.ts(41,28): error TS1109: Expression expected.
agents/analysis/agent-audit.ts(41,50): error TS1005: ';' expected.
agents/analysis/agent-audit.ts(41,64): error TS1109: Expression expected.
agents/analysis/agent-audit.ts(48,12): error TS1005: ';' expected.
agents/analysis/agent-audit.ts(48,14): error TS1434: Unexpected keyword or identifier.
agents/analysis/agent-audit.ts(55,3): error TS1434: Unexpected keyword or identifier.
agents/analysis/agent-audit.ts(55,19): error TS1005: ';' expected.
agents/analysis/agent-audit.ts(55,33): error TS1109: Expression expected.
agents/analysis/agent-audit.ts(62,16): error TS1005: ';' expected.
agents/analysis/agent-audit.ts(63,12): error TS1005: ':' expected.
agents/analysis/agent-audit.ts(68,6): error TS1005: ',' expected.
agents/analysis/agent-audit.ts(76,26): error TS1005: ';' expected.
agents/analysis/agent-audit.ts(83,6): error TS1109: Expression expected.
agents/analysis/agent-audit.ts(90,7): error TS1109: Expression expected.
agents/analysis/agent-audit.ts(97,6): error TS1109: Expression expected.
agents/analysis/agent-audit.ts(104,3): error TS1005: 'try' expected.
agents/analysis/agent-audit.ts(104,9): error TS1003: Identifier expected.
agents/analysis/agent-audit.ts(111,10): error TS1005: ';' expected.
agents/analysis/agent-audit.ts(118,3): error TS1005: 'try' expected.
agents/analysis/agent-audit.ts(118,9): error TS1003: Identifier expected.
agents/analysis/agent-audit.ts(125,23): error TS1005: ';' expected.
agents/analysis/agent-audit.ts(132,3): error TS1005: 'try' expected.
agents/analysis/agent-audit.ts(132,9): error TS1003: Identifier expected.
agents/analysis/agent-audit.ts(139,18): error TS1005: ';' expected.
agents/analysis/agent-audit.ts(146,3): error TS1005: 'try' expected.
agents/analysis/agent-audit.ts(146,9): error TS1003: Identifier expected.
agents/analysis/agent-audit.ts(153,23): error TS1005: ';' expected.
agents/analysis/agent-audit.ts(160,7): error TS1109: Expression expected.
agents/analysis/agent-audit.ts(167,7): error TS1109: Expression expected.
agents/analysis/agent-audit.ts(174,3): error TS1005: 'try' expected.
agents/analysis/agent-audit.ts(174,9): error TS1003: Identifier expected.
agents/analysis/agent-audit.ts(181,3): error TS1005: 'try' expected.
agents/analysis/agent-audit.ts(181,9): error TS1003: Identifier expected.
agents/analysis/agent-audit.ts(188,6): error TS1109: Expression expected.
agents/analysis/agent-audit.ts(195,13): error TS1005: ';' expected.
agents/analysis/agent-audit.ts(202,6): error TS1109: Expression expected.
agents/analysis/agent-audit.ts(214,3): error TS1434: Unexpected keyword or identifier.
agents/analysis/agent-audit.ts(214,25): error TS1005: ';' expected.
agents/analysis/agent-audit.ts(215,12): error TS1005: ':' expected.
agents/analysis/agent-audit.ts(218,6): error TS1005: ',' expected.
agents/analysis/agent-donnees.ts(18,23): error TS1005: '{' expected.
agents/analysis/agent-donnees.ts(18,38): error TS1005: ';' expected.
agents/analysis/agent-donnees.ts(25,19): error TS1005: '{' expected.
agents/analysis/agent-donnees.ts(25,28): error TS1005: ';' expected.
agents/analysis/agent-donnees.ts(25,119): error TS1005: ';' expected.
agents/analysis/agent-donnees.ts(31,23): error TS1005: ',' expected.
agents/analysis/agent-donnees.ts(31,29): error TS1005: ',' expected.
agents/analysis/agent-donnees.ts(31,52): error TS1005: ';' expected.
agents/analysis/agent-donnees.ts(38,3): error TS1434: Unexpected keyword or identifier.
agents/analysis/agent-donnees.ts(38,28): error TS1109: Expression expected.
agents/analysis/agent-donnees.ts(38,50): error TS1005: ';' expected.
agents/analysis/agent-donnees.ts(38,64): error TS1109: Expression expected.
agents/analysis/agent-donnees.ts(45,12): error TS1005: ';' expected.
agents/analysis/agent-donnees.ts(45,14): error TS1434: Unexpected keyword or identifier.
agents/analysis/agent-donnees.ts(52,3): error TS1434: Unexpected keyword or identifier.
agents/analysis/agent-donnees.ts(52,19): error TS1005: ';' expected.
agents/analysis/agent-donnees.ts(52,33): error TS1109: Expression expected.
agents/analysis/agent-donnees.ts(59,16): error TS1005: ';' expected.
agents/analysis/agent-donnees.ts(60,12): error TS1005: ':' expected.
agents/analysis/agent-donnees.ts(65,6): error TS1005: ',' expected.
agents/analysis/agent-donnees.ts(73,13): error TS1005: ';' expected.
agents/analysis/agent-donnees.ts(80,20): error TS1005: ';' expected.
agents/analysis/agent-donnees.ts(87,7): error TS1109: Expression expected.
agents/analysis/agent-donnees.ts(94,7): error TS1109: Expression expected.
agents/analysis/agent-donnees.ts(101,6): error TS1109: Expression expected.
agents/analysis/agent-donnees.ts(108,6): error TS1109: Expression expected.
agents/analysis/agent-donnees.ts(115,20): error TS1005: ';' expected.
agents/analysis/agent-donnees.ts(122,7): error TS1109: Expression expected.
agents/analysis/agent-donnees.ts(129,6): error TS1109: Expression expected.
agents/analysis/agent-donnees.ts(136,6): error TS1109: Expression expected.
agents/analysis/agent-donnees.ts(143,23): error TS1005: ';' expected.
agents/analysis/agent-donnees.ts(150,7): error TS1109: Expression expected.
agents/analysis/agent-donnees.ts(157,6): error TS1109: Expression expected.
agents/analysis/agent-donnees.ts(164,6): error TS1109: Expression expected.
agents/analysis/agent-donnees.ts(171,23): error TS1005: ';' expected.
agents/analysis/agent-donnees.ts(178,23): error TS1005: ';' expected.
agents/analysis/agent-donnees.ts(185,26): error TS1005: ';' expected.
agents/analysis/agent-donnees.ts(192,6): error TS1109: Expression expected.
agents/analysis/agent-donnees.ts(199,6): error TS1109: Expression expected.
agents/analysis/agent-donnees.ts(206,6): error TS1109: Expression expected.
agents/analysis/agent-donnees.ts(213,19): error TS1005: ';' expected.
agents/analysis/agent-donnees.ts(220,3): error TS1005: 'try' expected.
agents/analysis/agent-donnees.ts(220,9): error TS1003: Identifier expected.
agents/analysis/agent-donnees.ts(227,28): error TS1005: ';' expected.
agents/analysis/agent-donnees.ts(234,6): error TS1109: Expression expected.
agents/analysis/agent-donnees.ts(241,6): error TS1109: Expression expected.
agents/analysis/agent-donnees.ts(253,3): error TS1434: Unexpected keyword or identifier.
agents/analysis/agent-donnees.ts(253,19): error TS1005: ';' expected.
agents/analysis/agent-donnees.ts(254,12): error TS1005: ':' expected.
agents/analysis/agent-donnees.ts(257,6): error TS1005: ',' expected.
agents/analysis/config-parsers/htaccess-parser.ts(407,3): error TS1434: Unexpected keyword or identifier.
agents/analysis/config-parsers/htaccess-parser.ts(407,28): error TS1109: Expression expected.
agents/analysis/config-parsers/htaccess-parser.ts(407,50): error TS1005: ';' expected.
agents/analysis/config-parsers/htaccess-parser.ts(407,64): error TS1109: Expression expected.
agents/analysis/config-parsers/htaccess-parser.ts(409,12): error TS1005: ',' expected.
agents/analysis/config-parsers/htaccess-parser.ts(409,52): error TS1005: ',' expected.
agents/analysis/config-parsers/htaccess-parser.ts(415,12): error TS1005: ';' expected.
agents/analysis/config-parsers/htaccess-parser.ts(415,14): error TS1434: Unexpected keyword or identifier.
agents/analysis/config-parsers/htaccess-parser.ts(422,3): error TS1434: Unexpected keyword or identifier.
agents/analysis/config-parsers/htaccess-parser.ts(422,19): error TS1005: ';' expected.
agents/analysis/config-parsers/htaccess-parser.ts(422,33): error TS1109: Expression expected.
agents/analysis/config-parsers/htaccess-parser.ts(423,12): error TS1005: ',' expected.
agents/analysis/config-parsers/htaccess-parser.ts(423,43): error TS1005: ',' expected.
agents/analysis/config-parsers/htaccess-parser.ts(429,16): error TS1005: ';' expected.
agents/analysis/config-parsers/htaccess-parser.ts(430,12): error TS1005: ':' expected.
agents/analysis/config-parsers/htaccess-parser.ts(435,6): error TS1005: ',' expected.
agents/analysis/config-parsers/htaccess-parser.ts(441,3): error TS1434: Unexpected keyword or identifier.
agents/analysis/config-parsers/htaccess-parser.ts(441,19): error TS1005: ';' expected.
agents/analysis/config-parsers/htaccess-parser.ts(442,12): error TS1005: ':' expected.
agents/analysis/config-parsers/htaccess-parser.ts(445,6): error TS1005: ',' expected.
agents/analysis/mysql-analyzer+optimizer.ts(17,23): error TS1005: '{' expected.
agents/analysis/mysql-analyzer+optimizer.ts(17,49): error TS1005: ';' expected.
agents/analysis/mysql-analyzer+optimizer.ts(24,19): error TS1005: '{' expected.
agents/analysis/mysql-analyzer+optimizer.ts(24,39): error TS1005: ';' expected.
agents/analysis/mysql-analyzer+optimizer.ts(24,116): error TS1005: ';' expected.
agents/analysis/mysql-analyzer+optimizer.ts(30,23): error TS1005: ',' expected.
agents/analysis/mysql-analyzer+optimizer.ts(30,29): error TS1005: ',' expected.
agents/analysis/mysql-analyzer+optimizer.ts(30,63): error TS1005: ';' expected.
agents/analysis/mysql-analyzer+optimizer.ts(37,3): error TS1434: Unexpected keyword or identifier.
agents/analysis/mysql-analyzer+optimizer.ts(37,28): error TS1109: Expression expected.
agents/analysis/mysql-analyzer+optimizer.ts(37,50): error TS1005: ';' expected.
agents/analysis/mysql-analyzer+optimizer.ts(37,64): error TS1109: Expression expected.
agents/analysis/mysql-analyzer+optimizer.ts(44,12): error TS1005: ';' expected.
agents/analysis/mysql-analyzer+optimizer.ts(44,14): error TS1434: Unexpected keyword or identifier.
agents/analysis/mysql-analyzer+optimizer.ts(51,3): error TS1434: Unexpected keyword or identifier.
agents/analysis/mysql-analyzer+optimizer.ts(51,19): error TS1005: ';' expected.
agents/analysis/mysql-analyzer+optimizer.ts(51,33): error TS1109: Expression expected.
agents/analysis/mysql-analyzer+optimizer.ts(58,16): error TS1005: ';' expected.
agents/analysis/mysql-analyzer+optimizer.ts(59,12): error TS1005: ':' expected.
agents/analysis/mysql-analyzer+optimizer.ts(64,6): error TS1005: ',' expected.
agents/analysis/mysql-analyzer+optimizer.ts(77,3): error TS1434: Unexpected keyword or identifier.
agents/analysis/mysql-analyzer+optimizer.ts(77,19): error TS1005: ';' expected.
agents/analysis/mysql-analyzer+optimizer.ts(78,12): error TS1005: ':' expected.
agents/analysis/mysql-analyzer+optimizer.ts(81,6): error TS1005: ',' expected.
agents/analysis/php-analyzer-v3.ts(17,21): error TS1005: '{' expected.
agents/analysis/php-analyzer-v3.ts(17,40): error TS1005: ';' expected.
agents/analysis/php-analyzer-v3.ts(24,17): error TS1005: '{' expected.
agents/analysis/php-analyzer-v3.ts(24,30): error TS1005: ';' expected.
agents/analysis/php-analyzer-v3.ts(24,107): error TS1005: ';' expected.
agents/analysis/php-analyzer-v3.ts(30,23): error TS1005: ',' expected.
agents/analysis/php-analyzer-v3.ts(30,29): error TS1005: ',' expected.
agents/analysis/php-analyzer-v3.ts(30,54): error TS1005: ';' expected.
agents/analysis/php-analyzer-v3.ts(37,3): error TS1434: Unexpected keyword or identifier.
agents/analysis/php-analyzer-v3.ts(37,28): error TS1109: Expression expected.
agents/analysis/php-analyzer-v3.ts(37,50): error TS1005: ';' expected.
agents/analysis/php-analyzer-v3.ts(37,64): error TS1109: Expression expected.
agents/analysis/php-analyzer-v3.ts(44,12): error TS1005: ';' expected.
agents/analysis/php-analyzer-v3.ts(44,14): error TS1434: Unexpected keyword or identifier.
agents/analysis/php-analyzer-v3.ts(51,3): error TS1434: Unexpected keyword or identifier.
agents/analysis/php-analyzer-v3.ts(51,19): error TS1005: ';' expected.
agents/analysis/php-analyzer-v3.ts(51,33): error TS1109: Expression expected.
agents/analysis/php-analyzer-v3.ts(58,16): error TS1005: ';' expected.
agents/analysis/php-analyzer-v3.ts(59,12): error TS1005: ':' expected.
agents/analysis/php-analyzer-v3.ts(64,6): error TS1005: ',' expected.
agents/analysis/php-analyzer-v3.ts(77,3): error TS1434: Unexpected keyword or identifier.
agents/analysis/php-analyzer-v3.ts(77,19): error TS1005: ';' expected.
agents/analysis/php-analyzer-v3.ts(78,12): error TS1005: ':' expected.
agents/analysis/php-analyzer-v3.ts(81,6): error TS1005: ',' expected.
agents/analysis/php-analyzer-v4.ts(17,21): error TS1005: '{' expected.
agents/analysis/php-analyzer-v4.ts(17,40): error TS1005: ';' expected.
agents/analysis/php-analyzer-v4.ts(24,17): error TS1005: '{' expected.
agents/analysis/php-analyzer-v4.ts(24,30): error TS1005: ';' expected.
agents/analysis/php-analyzer-v4.ts(24,107): error TS1005: ';' expected.
agents/analysis/php-analyzer-v4.ts(30,23): error TS1005: ',' expected.
agents/analysis/php-analyzer-v4.ts(30,29): error TS1005: ',' expected.
agents/analysis/php-analyzer-v4.ts(30,54): error TS1005: ';' expected.
agents/analysis/php-analyzer-v4.ts(37,3): error TS1434: Unexpected keyword or identifier.
agents/analysis/php-analyzer-v4.ts(37,28): error TS1109: Expression expected.
agents/analysis/php-analyzer-v4.ts(37,50): error TS1005: ';' expected.
agents/analysis/php-analyzer-v4.ts(37,64): error TS1109: Expression expected.
agents/analysis/php-analyzer-v4.ts(44,12): error TS1005: ';' expected.
agents/analysis/php-analyzer-v4.ts(44,14): error TS1434: Unexpected keyword or identifier.
agents/analysis/php-analyzer-v4.ts(51,3): error TS1434: Unexpected keyword or identifier.
agents/analysis/php-analyzer-v4.ts(51,19): error TS1005: ';' expected.
agents/analysis/php-analyzer-v4.ts(51,33): error TS1109: Expression expected.
agents/analysis/php-analyzer-v4.ts(58,16): error TS1005: ';' expected.
agents/analysis/php-analyzer-v4.ts(59,12): error TS1005: ':' expected.
agents/analysis/php-analyzer-v4.ts(64,6): error TS1005: ',' expected.
agents/analysis/php-analyzer-v4.ts(77,3): error TS1434: Unexpected keyword or identifier.
agents/analysis/php-analyzer-v4.ts(77,19): error TS1005: ';' expected.
agents/analysis/php-analyzer-v4.ts(78,12): error TS1005: ':' expected.
agents/analysis/php-analyzer-v4.ts(81,6): error TS1005: ',' expected.
agents/analysis/php-analyzer.ts(125,3): error TS1434: Unexpected keyword or identifier.
agents/analysis/php-analyzer.ts(125,28): error TS1109: Expression expected.
agents/analysis/php-analyzer.ts(125,50): error TS1005: ';' expected.
agents/analysis/php-analyzer.ts(125,64): error TS1109: Expression expected.
agents/analysis/php-analyzer.ts(127,12): error TS1005: ',' expected.
agents/analysis/php-analyzer.ts(127,52): error TS1005: ',' expected.
agents/analysis/php-analyzer.ts(133,12): error TS1005: ';' expected.
agents/analysis/php-analyzer.ts(133,14): error TS1434: Unexpected keyword or identifier.
agents/analysis/php-analyzer.ts(140,3): error TS1434: Unexpected keyword or identifier.
agents/analysis/php-analyzer.ts(140,19): error TS1005: ';' expected.
agents/analysis/php-analyzer.ts(140,33): error TS1109: Expression expected.
agents/analysis/php-analyzer.ts(141,12): error TS1005: ',' expected.
agents/analysis/php-analyzer.ts(141,43): error TS1005: ',' expected.
agents/analysis/php-analyzer.ts(147,16): error TS1005: ';' expected.
agents/analysis/php-analyzer.ts(148,12): error TS1005: ':' expected.
agents/analysis/php-analyzer.ts(153,6): error TS1005: ',' expected.
agents/analysis/php-analyzer.ts(159,3): error TS1434: Unexpected keyword or identifier.
agents/analysis/php-analyzer.ts(159,19): error TS1005: ';' expected.
agents/analysis/php-analyzer.ts(160,12): error TS1005: ':' expected.
agents/analysis/php-analyzer.ts(163,6): error TS1005: ',' expected.
agents/analysis/relation-analyzer.ts(19,26): error TS1005: '{' expected.
agents/analysis/relation-analyzer.ts(19,42): error TS1005: ';' expected.
agents/analysis/relation-analyzer.ts(26,22): error TS1005: '{' expected.
agents/analysis/relation-analyzer.ts(26,32): error TS1005: ';' expected.
agents/analysis/relation-analyzer.ts(26,109): error TS1005: ';' expected.
agents/analysis/relation-analyzer.ts(32,23): error TS1005: ',' expected.
agents/analysis/relation-analyzer.ts(32,29): error TS1005: ',' expected.
agents/analysis/relation-analyzer.ts(32,56): error TS1005: ';' expected.
agents/analysis/relation-analyzer.ts(39,3): error TS1434: Unexpected keyword or identifier.
agents/analysis/relation-analyzer.ts(39,28): error TS1109: Expression expected.
agents/analysis/relation-analyzer.ts(39,50): error TS1005: ';' expected.
agents/analysis/relation-analyzer.ts(39,64): error TS1109: Expression expected.
agents/analysis/relation-analyzer.ts(46,12): error TS1005: ';' expected.
agents/analysis/relation-analyzer.ts(46,14): error TS1434: Unexpected keyword or identifier.
agents/analysis/relation-analyzer.ts(53,3): error TS1434: Unexpected keyword or identifier.
agents/analysis/relation-analyzer.ts(53,19): error TS1005: ';' expected.
agents/analysis/relation-analyzer.ts(53,33): error TS1109: Expression expected.
agents/analysis/relation-analyzer.ts(60,16): error TS1005: ';' expected.
agents/analysis/relation-analyzer.ts(61,12): error TS1005: ':' expected.
agents/analysis/relation-analyzer.ts(66,6): error TS1005: ',' expected.
agents/analysis/relation-analyzer.ts(74,16): error TS1005: ';' expected.
agents/analysis/relation-analyzer.ts(81,6): error TS1109: Expression expected.
agents/analysis/relation-analyzer.ts(88,3): error TS1005: 'try' expected.
agents/analysis/relation-analyzer.ts(88,9): error TS1003: Identifier expected.
agents/analysis/relation-analyzer.ts(95,13): error TS1005: ';' expected.
agents/analysis/relation-analyzer.ts(102,6): error TS1109: Expression expected.
agents/analysis/relation-analyzer.ts(109,6): error TS1109: Expression expected.
agents/analysis/relation-analyzer.ts(116,6): error TS1109: Expression expected.
agents/analysis/relation-analyzer.ts(123,30): error TS1005: ';' expected.
agents/analysis/relation-analyzer.ts(130,7): error TS1109: Expression expected.
agents/analysis/relation-analyzer.ts(137,7): error TS1109: Expression expected.
agents/analysis/relation-analyzer.ts(144,6): error TS1109: Expression expected.
agents/analysis/relation-analyzer.ts(151,29): error TS1005: ';' expected.
agents/analysis/relation-analyzer.ts(158,7): error TS1109: Expression expected.
agents/analysis/relation-analyzer.ts(165,7): error TS1109: Expression expected.
agents/analysis/relation-analyzer.ts(172,6): error TS1109: Expression expected.
agents/analysis/relation-analyzer.ts(179,6): error TS1109: Expression expected.
agents/analysis/relation-analyzer.ts(186,6): error TS1109: Expression expected.
agents/analysis/relation-analyzer.ts(193,6): error TS1109: Expression expected.
agents/analysis/relation-analyzer.ts(200,24): error TS1005: ';' expected.
agents/analysis/relation-analyzer.ts(207,7): error TS1109: Expression expected.
agents/analysis/relation-analyzer.ts(214,7): error TS1109: Expression expected.
agents/analysis/relation-analyzer.ts(221,6): error TS1109: Expression expected.
agents/analysis/relation-analyzer.ts(228,6): error TS1109: Expression expected.
agents/analysis/relation-analyzer.ts(235,7): error TS1109: Expression expected.
agents/analysis/relation-analyzer.ts(242,6): error TS1109: Expression expected.
agents/analysis/relation-analyzer.ts(249,38): error TS1005: ';' expected.
agents/analysis/relation-analyzer.ts(256,6): error TS1109: Expression expected.
agents/analysis/relation-analyzer.ts(263,15): error TS1005: ';' expected.
agents/analysis/relation-analyzer.ts(270,23): error TS1005: ';' expected.
agents/analysis/relation-analyzer.ts(277,7): error TS1109: Expression expected.
agents/analysis/relation-analyzer.ts(284,6): error TS1109: Expression expected.
agents/analysis/relation-analyzer.ts(291,6): error TS1109: Expression expected.
agents/analysis/relation-analyzer.ts(298,6): error TS1109: Expression expected.
agents/analysis/relation-analyzer.ts(305,6): error TS1109: Expression expected.
agents/analysis/relation-analyzer.ts(312,26): error TS1005: ';' expected.
agents/analysis/relation-analyzer.ts(319,7): error TS1109: Expression expected.
agents/analysis/relation-analyzer.ts(326,6): error TS1109: Expression expected.
agents/analysis/relation-analyzer.ts(333,6): error TS1109: Expression expected.
agents/analysis/relation-analyzer.ts(340,7): error TS1109: Expression expected.
agents/analysis/relation-analyzer.ts(347,21): error TS1005: ';' expected.
agents/analysis/relation-analyzer.ts(354,25): error TS1005: ';' expected.
agents/analysis/relation-analyzer.ts(361,7): error TS1109: Expression expected.
agents/analysis/relation-analyzer.ts(368,35): error TS1005: ';' expected.
agents/analysis/relation-analyzer.ts(375,7): error TS1109: Expression expected.
agents/analysis/relation-analyzer.ts(382,6): error TS1109: Expression expected.
agents/analysis/relation-analyzer.ts(389,33): error TS1005: ';' expected.
agents/analysis/relation-analyzer.ts(396,6): error TS1109: Expression expected.
agents/analysis/relation-analyzer.ts(403,6): error TS1109: Expression expected.
agents/analysis/relation-analyzer.ts(410,6): error TS1109: Expression expected.
agents/analysis/relation-analyzer.ts(417,25): error TS1005: ';' expected.
agents/analysis/relation-analyzer.ts(424,6): error TS1109: Expression expected.
agents/analysis/relation-analyzer.ts(431,15): error TS1005: ';' expected.
agents/analysis/relation-analyzer.ts(438,17): error TS1005: ';' expected.
agents/analysis/relation-analyzer.ts(445,25): error TS1005: ';' expected.
agents/analysis/relation-analyzer.ts(452,3): error TS1005: 'try' expected.
agents/analysis/relation-analyzer.ts(452,9): error TS1003: Identifier expected.
agents/analysis/relation-analyzer.ts(459,6): error TS1109: Expression expected.
agents/analysis/relation-analyzer.ts(466,35): error TS1005: ';' expected.
agents/analysis/relation-analyzer.ts(473,6): error TS1109: Expression expected.
agents/analysis/relation-analyzer.ts(480,7): error TS1109: Expression expected.
agents/analysis/relation-analyzer.ts(487,7): error TS1109: Expression expected.
agents/analysis/relation-analyzer.ts(494,6): error TS1109: Expression expected.
agents/analysis/relation-analyzer.ts(501,6): error TS1109: Expression expected.
agents/analysis/relation-analyzer.ts(508,6): error TS1109: Expression expected.
agents/analysis/relation-analyzer.ts(515,14): error TS1005: ';' expected.
agents/analysis/relation-analyzer.ts(522,6): error TS1109: Expression expected.
agents/analysis/relation-analyzer.ts(529,7): error TS1109: Expression expected.
agents/analysis/relation-analyzer.ts(536,6): error TS1109: Expression expected.
agents/analysis/relation-analyzer.ts(543,14): error TS1005: ';' expected.
agents/analysis/relation-analyzer.ts(550,6): error TS1109: Expression expected.
agents/analysis/relation-analyzer.ts(557,7): error TS1109: Expression expected.
agents/analysis/relation-analyzer.ts(564,6): error TS1109: Expression expected.
agents/analysis/relation-analyzer.ts(571,7): error TS1109: Expression expected.
agents/analysis/relation-analyzer.ts(578,6): error TS1109: Expression expected.
agents/analysis/relation-analyzer.ts(585,7): error TS1109: Expression expected.
agents/analysis/relation-analyzer.ts(592,10): error TS1005: ';' expected.
agents/analysis/relation-analyzer.ts(599,3): error TS1005: 'try' expected.
agents/analysis/relation-analyzer.ts(599,9): error TS1003: Identifier expected.
agents/analysis/relation-analyzer.ts(606,6): error TS1109: Expression expected.
agents/analysis/relation-analyzer.ts(618,3): error TS1434: Unexpected keyword or identifier.
agents/analysis/relation-analyzer.ts(618,19): error TS1005: ';' expected.
agents/analysis/relation-analyzer.ts(619,12): error TS1005: ':' expected.
agents/analysis/relation-analyzer.ts(622,6): error TS1005: ',' expected.
agents/analysis/table-cartographer.ts(19,23): error TS1005: '{' expected.
agents/analysis/table-cartographer.ts(19,43): error TS1005: ';' expected.
agents/analysis/table-cartographer.ts(26,19): error TS1005: '{' expected.
agents/analysis/table-cartographer.ts(26,33): error TS1005: ';' expected.
agents/analysis/table-cartographer.ts(26,124): error TS1005: ';' expected.
agents/analysis/table-cartographer.ts(32,23): error TS1005: ',' expected.
agents/analysis/table-cartographer.ts(32,29): error TS1005: ',' expected.
agents/analysis/table-cartographer.ts(32,57): error TS1005: ';' expected.
agents/analysis/table-cartographer.ts(39,3): error TS1434: Unexpected keyword or identifier.
agents/analysis/table-cartographer.ts(39,28): error TS1109: Expression expected.
agents/analysis/table-cartographer.ts(39,50): error TS1005: ';' expected.
agents/analysis/table-cartographer.ts(39,64): error TS1109: Expression expected.
agents/analysis/table-cartographer.ts(46,12): error TS1005: ';' expected.
agents/analysis/table-cartographer.ts(46,14): error TS1434: Unexpected keyword or identifier.
agents/analysis/table-cartographer.ts(53,3): error TS1434: Unexpected keyword or identifier.
agents/analysis/table-cartographer.ts(53,19): error TS1005: ';' expected.
agents/analysis/table-cartographer.ts(53,33): error TS1109: Expression expected.
agents/analysis/table-cartographer.ts(60,16): error TS1005: ';' expected.
agents/analysis/table-cartographer.ts(61,12): error TS1005: ':' expected.
agents/analysis/table-cartographer.ts(66,6): error TS1005: ',' expected.
agents/analysis/table-cartographer.ts(74,3): error TS1005: 'try' expected.
agents/analysis/table-cartographer.ts(74,9): error TS1003: Identifier expected.
agents/analysis/table-cartographer.ts(81,16): error TS1005: ';' expected.
agents/analysis/table-cartographer.ts(88,6): error TS1109: Expression expected.
agents/analysis/table-cartographer.ts(95,3): error TS1005: 'try' expected.
agents/analysis/table-cartographer.ts(95,9): error TS1003: Identifier expected.
agents/analysis/table-cartographer.ts(102,13): error TS1005: ';' expected.
agents/analysis/table-cartographer.ts(109,7): error TS1109: Expression expected.
agents/analysis/table-cartographer.ts(116,19): error TS1005: ';' expected.
agents/analysis/table-cartographer.ts(123,22): error TS1005: ';' expected.
agents/analysis/table-cartographer.ts(130,7): error TS1109: Expression expected.
agents/analysis/table-cartographer.ts(137,6): error TS1109: Expression expected.
agents/analysis/table-cartographer.ts(144,21): error TS1005: ';' expected.
agents/analysis/table-cartographer.ts(151,7): error TS1109: Expression expected.
agents/analysis/table-cartographer.ts(158,6): error TS1109: Expression expected.
agents/analysis/table-cartographer.ts(165,19): error TS1005: ';' expected.
agents/analysis/table-cartographer.ts(172,7): error TS1109: Expression expected.
agents/analysis/table-cartographer.ts(179,6): error TS1109: Expression expected.
agents/analysis/table-cartographer.ts(186,21): error TS1005: ';' expected.
agents/analysis/table-cartographer.ts(193,6): error TS1109: Expression expected.
agents/analysis/table-cartographer.ts(200,6): error TS1109: Expression expected.
agents/analysis/table-cartographer.ts(207,6): error TS1109: Expression expected.
agents/analysis/table-cartographer.ts(214,6): error TS1109: Expression expected.
agents/analysis/table-cartographer.ts(221,7): error TS1109: Expression expected.
agents/analysis/table-cartographer.ts(228,7): error TS1109: Expression expected.
agents/analysis/table-cartographer.ts(235,7): error TS1109: Expression expected.
agents/analysis/table-cartographer.ts(242,6): error TS1109: Expression expected.
agents/analysis/table-cartographer.ts(249,29): error TS1005: ';' expected.
agents/analysis/table-cartographer.ts(256,7): error TS1109: Expression expected.
agents/analysis/table-cartographer.ts(263,7): error TS1109: Expression expected.
agents/analysis/table-cartographer.ts(270,28): error TS1005: ';' expected.
agents/analysis/table-cartographer.ts(277,7): error TS1109: Expression expected.
agents/analysis/table-cartographer.ts(284,6): error TS1109: Expression expected.
agents/analysis/table-cartographer.ts(291,22): error TS1005: ';' expected.
agents/analysis/table-cartographer.ts(298,6): error TS1109: Expression expected.
agents/analysis/table-cartographer.ts(305,6): error TS1109: Expression expected.
agents/analysis/table-cartographer.ts(312,6): error TS1109: Expression expected.
agents/analysis/table-cartographer.ts(319,33): error TS1005: ';' expected.
agents/analysis/table-cartographer.ts(326,7): error TS1109: Expression expected.
agents/analysis/table-cartographer.ts(333,6): error TS1109: Expression expected.
agents/analysis/table-cartographer.ts(340,23): error TS1005: ';' expected.
agents/analysis/table-cartographer.ts(347,7): error TS1109: Expression expected.
agents/analysis/table-cartographer.ts(354,6): error TS1109: Expression expected.
agents/analysis/table-cartographer.ts(361,6): error TS1109: Expression expected.
agents/analysis/table-cartographer.ts(368,7): error TS1109: Expression expected.
agents/analysis/table-cartographer.ts(375,7): error TS1109: Expression expected.
agents/analysis/table-cartographer.ts(382,7): error TS1109: Expression expected.
agents/analysis/table-cartographer.ts(389,25): error TS1005: ';' expected.
agents/analysis/table-cartographer.ts(396,3): error TS1005: 'try' expected.
agents/analysis/table-cartographer.ts(396,9): error TS1003: Identifier expected.
agents/analysis/table-cartographer.ts(403,33): error TS1005: ';' expected.
agents/analysis/table-cartographer.ts(410,7): error TS1109: Expression expected.
agents/analysis/table-cartographer.ts(417,6): error TS1109: Expression expected.
agents/analysis/table-cartographer.ts(424,7): error TS1109: Expression expected.
agents/analysis/table-cartographer.ts(431,6): error TS1109: Expression expected.
agents/analysis/table-cartographer.ts(438,7): error TS1109: Expression expected.
agents/analysis/table-cartographer.ts(445,6): error TS1109: Expression expected.
agents/analysis/table-cartographer.ts(452,7): error TS1109: Expression expected.
agents/analysis/table-cartographer.ts(459,7): error TS1109: Expression expected.
agents/analysis/table-cartographer.ts(466,7): error TS1109: Expression expected.
agents/analysis/table-cartographer.ts(473,23): error TS1005: ';' expected.
agents/analysis/table-cartographer.ts(480,7): error TS1109: Expression expected.
agents/analysis/table-cartographer.ts(487,6): error TS1109: Expression expected.
agents/analysis/table-cartographer.ts(494,6): error TS1109: Expression expected.
agents/analysis/table-cartographer.ts(501,6): error TS1109: Expression expected.
agents/analysis/table-cartographer.ts(508,6): error TS1109: Expression expected.
agents/analysis/table-cartographer.ts(515,6): error TS1109: Expression expected.
agents/analysis/table-cartographer.ts(522,6): error TS1109: Expression expected.
agents/analysis/table-cartographer.ts(529,22): error TS1005: ';' expected.
agents/analysis/table-cartographer.ts(536,10): error TS1005: ';' expected.
agents/analysis/table-cartographer.ts(543,3): error TS1005: 'try' expected.
agents/analysis/table-cartographer.ts(543,9): error TS1003: Identifier expected.
agents/analysis/table-cartographer.ts(550,6): error TS1109: Expression expected.
agents/analysis/table-cartographer.ts(562,3): error TS1434: Unexpected keyword or identifier.
agents/analysis/table-cartographer.ts(562,19): error TS1005: ';' expected.
agents/analysis/table-cartographer.ts(563,12): error TS1005: ':' expected.
agents/analysis/table-cartographer.ts(566,6): error TS1005: ',' expected.
agents/analysis/type-mapper.ts(19,22): error TS1005: '{' expected.
agents/analysis/type-mapper.ts(19,36): error TS1005: ';' expected.
agents/analysis/type-mapper.ts(26,18): error TS1005: '{' expected.
agents/analysis/type-mapper.ts(26,26): error TS1005: ';' expected.
agents/analysis/type-mapper.ts(26,117): error TS1005: ';' expected.
agents/analysis/type-mapper.ts(32,23): error TS1005: ',' expected.
agents/analysis/type-mapper.ts(32,29): error TS1005: ',' expected.
agents/analysis/type-mapper.ts(32,50): error TS1005: ';' expected.
agents/analysis/type-mapper.ts(39,3): error TS1434: Unexpected keyword or identifier.
agents/analysis/type-mapper.ts(39,28): error TS1109: Expression expected.
agents/analysis/type-mapper.ts(39,50): error TS1005: ';' expected.
agents/analysis/type-mapper.ts(39,64): error TS1109: Expression expected.
agents/analysis/type-mapper.ts(46,12): error TS1005: ';' expected.
agents/analysis/type-mapper.ts(46,14): error TS1434: Unexpected keyword or identifier.
agents/analysis/type-mapper.ts(53,3): error TS1434: Unexpected keyword or identifier.
agents/analysis/type-mapper.ts(53,19): error TS1005: ';' expected.
agents/analysis/type-mapper.ts(53,33): error TS1109: Expression expected.
agents/analysis/type-mapper.ts(60,16): error TS1005: ';' expected.
agents/analysis/type-mapper.ts(61,12): error TS1005: ':' expected.
agents/analysis/type-mapper.ts(66,6): error TS1005: ',' expected.
agents/analysis/type-mapper.ts(74,6): error TS1109: Expression expected.
agents/analysis/type-mapper.ts(81,16): error TS1005: ';' expected.
agents/analysis/type-mapper.ts(88,6): error TS1109: Expression expected.
agents/analysis/type-mapper.ts(95,3): error TS1005: 'try' expected.
agents/analysis/type-mapper.ts(95,9): error TS1003: Identifier expected.
agents/analysis/type-mapper.ts(102,13): error TS1005: ';' expected.
agents/analysis/type-mapper.ts(109,7): error TS1109: Expression expected.
agents/analysis/type-mapper.ts(116,18): error TS1005: ';' expected.
agents/analysis/type-mapper.ts(123,7): error TS1109: Expression expected.
agents/analysis/type-mapper.ts(130,6): error TS1109: Expression expected.
agents/analysis/type-mapper.ts(137,6): error TS1109: Expression expected.
agents/analysis/type-mapper.ts(144,19): error TS1005: ';' expected.
agents/analysis/type-mapper.ts(151,25): error TS1005: ';' expected.
agents/analysis/type-mapper.ts(158,6): error TS1109: Expression expected.
agents/analysis/type-mapper.ts(165,6): error TS1109: Expression expected.
agents/analysis/type-mapper.ts(172,30): error TS1005: ';' expected.
agents/analysis/type-mapper.ts(179,6): error TS1109: Expression expected.
agents/analysis/type-mapper.ts(186,6): error TS1109: Expression expected.
agents/analysis/type-mapper.ts(193,6): error TS1109: Expression expected.
agents/analysis/type-mapper.ts(200,6): error TS1109: Expression expected.
agents/analysis/type-mapper.ts(207,6): error TS1109: Expression expected.
agents/analysis/type-mapper.ts(214,6): error TS1109: Expression expected.
agents/analysis/type-mapper.ts(221,19): error TS1005: ';' expected.
agents/analysis/type-mapper.ts(228,6): error TS1109: Expression expected.
agents/analysis/type-mapper.ts(235,6): error TS1109: Expression expected.
agents/analysis/type-mapper.ts(242,6): error TS1109: Expression expected.
agents/analysis/type-mapper.ts(249,6): error TS1109: Expression expected.
agents/analysis/type-mapper.ts(256,6): error TS1109: Expression expected.
agents/analysis/type-mapper.ts(263,6): error TS1109: Expression expected.
agents/analysis/type-mapper.ts(270,6): error TS1109: Expression expected.
agents/analysis/type-mapper.ts(277,23): error TS1005: ';' expected.
agents/analysis/type-mapper.ts(284,23): error TS1005: ';' expected.
agents/analysis/type-mapper.ts(291,6): error TS1109: Expression expected.
agents/analysis/type-mapper.ts(298,25): error TS1005: ';' expected.
agents/analysis/type-mapper.ts(305,3): error TS1005: 'try' expected.
agents/analysis/type-mapper.ts(305,9): error TS1003: Identifier expected.
agents/analysis/type-mapper.ts(312,37): error TS1005: ';' expected.
agents/analysis/type-mapper.ts(319,6): error TS1109: Expression expected.
agents/analysis/type-mapper.ts(326,7): error TS1109: Expression expected.
agents/analysis/type-mapper.ts(333,10): error TS1005: ';' expected.
agents/analysis/type-mapper.ts(340,6): error TS1109: Expression expected.
agents/analysis/type-mapper.ts(347,7): error TS1109: Expression expected.
agents/analysis/type-mapper.ts(354,10): error TS1109: Expression expected.
agents/analysis/type-mapper.ts(361,7): error TS1109: Expression expected.
agents/analysis/type-mapper.ts(368,10): error TS1005: ';' expected.
agents/analysis/type-mapper.ts(375,3): error TS1005: 'try' expected.
agents/analysis/type-mapper.ts(375,9): error TS1003: Identifier expected.
agents/analysis/type-mapper.ts(382,6): error TS1109: Expression expected.
agents/analysis/type-mapper.ts(394,3): error TS1434: Unexpected keyword or identifier.
agents/analysis/type-mapper.ts(394,19): error TS1005: ';' expected.
agents/analysis/type-mapper.ts(395,12): error TS1005: ':' expected.
agents/analysis/type-mapper.ts(398,6): error TS1005: ',' expected.
agents/bullmq-orchestrator.ts(223,12): error TS1005: ';' expected.
agents/bullmq-orchestrator.ts(223,14): error TS1434: Unexpected keyword or identifier.
agents/bullmq-orchestrator.ts(230,16): error TS1005: ';' expected.
agents/bullmq-orchestrator.ts(231,12): error TS1005: ':' expected.
agents/bullmq-orchestrator.ts(236,6): error TS1005: ',' expected.
agents/bullmq-orchestrator.ts(242,3): error TS1434: Unexpected keyword or identifier.
agents/bullmq-orchestrator.ts(242,25): error TS1005: ';' expected.
agents/bullmq-orchestrator.ts(243,12): error TS1005: ':' expected.
agents/bullmq-orchestrator.ts(246,6): error TS1005: ',' expected.
agents/ci-tester.ts(19,20): error TS1005: '{' expected.
agents/ci-tester.ts(19,34): error TS1005: ';' expected.
agents/ci-tester.ts(26,16): error TS1005: '{' expected.
agents/ci-tester.ts(26,24): error TS1005: ';' expected.
agents/ci-tester.ts(26,100): error TS1005: ';' expected.
agents/ci-tester.ts(32,23): error TS1005: ',' expected.
agents/ci-tester.ts(32,29): error TS1005: ',' expected.
agents/ci-tester.ts(32,48): error TS1005: ';' expected.
agents/ci-tester.ts(39,3): error TS1434: Unexpected keyword or identifier.
agents/ci-tester.ts(39,28): error TS1109: Expression expected.
agents/ci-tester.ts(39,50): error TS1005: ';' expected.
agents/ci-tester.ts(39,64): error TS1109: Expression expected.
agents/ci-tester.ts(46,12): error TS1005: ';' expected.
agents/ci-tester.ts(46,14): error TS1434: Unexpected keyword or identifier.
agents/ci-tester.ts(53,3): error TS1434: Unexpected keyword or identifier.
agents/ci-tester.ts(53,19): error TS1005: ';' expected.
agents/ci-tester.ts(53,33): error TS1109: Expression expected.
agents/ci-tester.ts(60,16): error TS1005: ';' expected.
agents/ci-tester.ts(61,12): error TS1005: ':' expected.
agents/ci-tester.ts(66,6): error TS1005: ',' expected.
agents/ci-tester.ts(74,9): error TS1005: ';' expected.
agents/ci-tester.ts(81,6): error TS1109: Expression expected.
agents/ci-tester.ts(88,6): error TS1109: Expression expected.
agents/ci-tester.ts(95,6): error TS1109: Expression expected.
agents/ci-tester.ts(102,6): error TS1109: Expression expected.
agents/ci-tester.ts(109,6): error TS1109: Expression expected.
agents/ci-tester.ts(116,6): error TS1109: Expression expected.
agents/ci-tester.ts(123,6): error TS1109: Expression expected.
agents/ci-tester.ts(130,3): error TS1005: 'try' expected.
agents/ci-tester.ts(130,9): error TS1003: Identifier expected.
agents/ci-tester.ts(137,27): error TS1005: ';' expected.
agents/ci-tester.ts(144,6): error TS1109: Expression expected.
agents/ci-tester.ts(151,3): error TS1005: 'try' expected.
agents/ci-tester.ts(151,9): error TS1003: Identifier expected.
agents/ci-tester.ts(158,7): error TS1109: Expression expected.
agents/ci-tester.ts(165,6): error TS1109: Expression expected.
agents/ci-tester.ts(172,3): error TS1005: 'try' expected.
agents/ci-tester.ts(172,9): error TS1003: Identifier expected.
agents/ci-tester.ts(179,19): error TS1005: ';' expected.
agents/ci-tester.ts(186,6): error TS1109: Expression expected.
agents/ci-tester.ts(193,6): error TS1109: Expression expected.
agents/ci-tester.ts(200,6): error TS1109: Expression expected.
agents/ci-tester.ts(207,15): error TS1005: ';' expected.
agents/ci-tester.ts(214,7): error TS1109: Expression expected.
agents/ci-tester.ts(221,6): error TS1109: Expression expected.
agents/ci-tester.ts(228,22): error TS1005: ';' expected.
agents/ci-tester.ts(235,19): error TS1005: ';' expected.
agents/ci-tester.ts(242,3): error TS1005: 'try' expected.
agents/ci-tester.ts(242,9): error TS1003: Identifier expected.
agents/ci-tester.ts(249,19): error TS1005: ';' expected.
agents/ci-tester.ts(256,10): error TS1005: ';' expected.
agents/ci-tester.ts(263,3): error TS1005: 'try' expected.
agents/ci-tester.ts(263,9): error TS1003: Identifier expected.
agents/ci-tester.ts(270,28): error TS1005: ';' expected.
agents/ci-tester.ts(277,6): error TS1109: Expression expected.
agents/ci-tester.ts(284,6): error TS1109: Expression expected.
agents/ci-tester.ts(291,22): error TS1005: ';' expected.
agents/ci-tester.ts(298,7): error TS1109: Expression expected.
agents/ci-tester.ts(305,7): error TS1109: Expression expected.
agents/ci-tester.ts(312,7): error TS1109: Expression expected.
agents/ci-tester.ts(319,7): error TS1109: Expression expected.
agents/ci-tester.ts(326,6): error TS1109: Expression expected.
agents/ci-tester.ts(333,6): error TS1109: Expression expected.
agents/ci-tester.ts(340,6): error TS1109: Expression expected.
agents/ci-tester.ts(352,3): error TS1434: Unexpected keyword or identifier.
agents/ci-tester.ts(352,19): error TS1005: ';' expected.
agents/ci-tester.ts(353,12): error TS1005: ':' expected.
agents/ci-tester.ts(356,6): error TS1005: ',' expected.
agents/core/coordinator-agent.ts(1102,3): error TS1434: Unexpected keyword or identifier.
agents/core/coordinator-agent.ts(1102,28): error TS1109: Expression expected.
agents/core/coordinator-agent.ts(1102,50): error TS1005: ';' expected.
agents/core/coordinator-agent.ts(1102,64): error TS1109: Expression expected.
agents/core/coordinator-agent.ts(1104,12): error TS1005: ',' expected.
agents/core/coordinator-agent.ts(1104,52): error TS1005: ',' expected.
agents/core/coordinator-agent.ts(1110,12): error TS1005: ';' expected.
agents/core/coordinator-agent.ts(1110,14): error TS1434: Unexpected keyword or identifier.
agents/core/coordinator-agent.ts(1117,3): error TS1434: Unexpected keyword or identifier.
agents/core/coordinator-agent.ts(1117,19): error TS1005: ';' expected.
agents/core/coordinator-agent.ts(1117,33): error TS1109: Expression expected.
agents/core/coordinator-agent.ts(1118,12): error TS1005: ',' expected.
agents/core/coordinator-agent.ts(1118,43): error TS1005: ',' expected.
agents/core/coordinator-agent.ts(1124,16): error TS1005: ';' expected.
agents/core/coordinator-agent.ts(1125,12): error TS1005: ':' expected.
agents/core/coordinator-agent.ts(1130,6): error TS1005: ',' expected.
agents/core/coordinator-agent.ts(1136,3): error TS1434: Unexpected keyword or identifier.
agents/core/coordinator-agent.ts(1136,34): error TS1005: ',' expected.
agents/core/coordinator-agent.ts(1136,43): error TS1005: ';' expected.
agents/core/coordinator-agent.ts(1137,12): error TS1005: ':' expected.
agents/core/coordinator-agent.ts(1137,16): error TS1005: ',' expected.
agents/dev-checker.ts(19,21): error TS1005: '{' expected.
agents/dev-checker.ts(19,36): error TS1005: ';' expected.
agents/dev-checker.ts(26,17): error TS1005: '{' expected.
agents/dev-checker.ts(26,26): error TS1005: ';' expected.
agents/dev-checker.ts(26,104): error TS1005: ';' expected.
agents/dev-checker.ts(32,23): error TS1005: ',' expected.
agents/dev-checker.ts(32,29): error TS1005: ',' expected.
agents/dev-checker.ts(32,50): error TS1005: ';' expected.
agents/dev-checker.ts(39,3): error TS1434: Unexpected keyword or identifier.
agents/dev-checker.ts(39,28): error TS1109: Expression expected.
agents/dev-checker.ts(39,50): error TS1005: ';' expected.
agents/dev-checker.ts(39,64): error TS1109: Expression expected.
agents/dev-checker.ts(46,12): error TS1005: ';' expected.
agents/dev-checker.ts(46,14): error TS1434: Unexpected keyword or identifier.
agents/dev-checker.ts(53,3): error TS1434: Unexpected keyword or identifier.
agents/dev-checker.ts(53,19): error TS1005: ';' expected.
agents/dev-checker.ts(53,33): error TS1109: Expression expected.
agents/dev-checker.ts(60,16): error TS1005: ';' expected.
agents/dev-checker.ts(61,12): error TS1005: ':' expected.
agents/dev-checker.ts(66,6): error TS1005: ',' expected.
agents/dev-checker.ts(74,9): error TS1005: ';' expected.
agents/dev-checker.ts(81,6): error TS1109: Expression expected.
agents/dev-checker.ts(88,6): error TS1109: Expression expected.
agents/dev-checker.ts(95,7): error TS1109: Expression expected.
agents/dev-checker.ts(102,6): error TS1109: Expression expected.
agents/dev-checker.ts(109,6): error TS1109: Expression expected.
agents/dev-checker.ts(116,3): error TS1005: 'try' expected.
agents/dev-checker.ts(116,9): error TS1003: Identifier expected.
agents/dev-checker.ts(123,6): error TS1109: Expression expected.
agents/dev-checker.ts(130,6): error TS1109: Expression expected.
agents/dev-checker.ts(137,7): error TS1109: Expression expected.
agents/dev-checker.ts(144,6): error TS1109: Expression expected.
agents/dev-checker.ts(151,6): error TS1109: Expression expected.
agents/dev-checker.ts(158,6): error TS1109: Expression expected.
agents/dev-checker.ts(165,6): error TS1109: Expression expected.
agents/dev-checker.ts(172,3): error TS1005: 'try' expected.
agents/dev-checker.ts(172,9): error TS1003: Identifier expected.
agents/dev-checker.ts(179,3): error TS1005: 'try' expected.
agents/dev-checker.ts(179,9): error TS1003: Identifier expected.
agents/dev-checker.ts(186,3): error TS1005: 'try' expected.
agents/dev-checker.ts(186,9): error TS1003: Identifier expected.
agents/dev-checker.ts(193,7): error TS1109: Expression expected.
agents/dev-checker.ts(200,6): error TS1109: Expression expected.
agents/dev-checker.ts(207,3): error TS1005: 'try' expected.
agents/dev-checker.ts(207,9): error TS1003: Identifier expected.
agents/dev-checker.ts(214,26): error TS1005: ';' expected.
agents/dev-checker.ts(221,7): error TS1109: Expression expected.
agents/dev-checker.ts(228,6): error TS1109: Expression expected.
agents/dev-checker.ts(235,26): error TS1005: ';' expected.
agents/dev-checker.ts(242,3): error TS1005: 'try' expected.
agents/dev-checker.ts(242,9): error TS1003: Identifier expected.
agents/dev-checker.ts(249,19): error TS1005: ';' expected.
agents/dev-checker.ts(256,3): error TS1005: 'try' expected.
agents/dev-checker.ts(256,9): error TS1003: Identifier expected.
agents/dev-checker.ts(263,20): error TS1005: ';' expected.
agents/dev-checker.ts(270,6): error TS1109: Expression expected.
agents/dev-checker.ts(277,6): error TS1109: Expression expected.
agents/dev-checker.ts(284,6): error TS1109: Expression expected.
agents/dev-checker.ts(291,7): error TS1109: Expression expected.
agents/dev-checker.ts(298,6): error TS1109: Expression expected.
agents/dev-checker.ts(305,7): error TS1109: Expression expected.
agents/dev-checker.ts(312,6): error TS1109: Expression expected.
agents/dev-checker.ts(319,3): error TS1005: 'try' expected.
agents/dev-checker.ts(319,9): error TS1003: Identifier expected.
agents/dev-checker.ts(326,24): error TS1005: ';' expected.
agents/dev-checker.ts(333,6): error TS1109: Expression expected.
agents/dev-checker.ts(340,6): error TS1109: Expression expected.
agents/dev-checker.ts(347,3): error TS1005: 'try' expected.
agents/dev-checker.ts(347,9): error TS1003: Identifier expected.
agents/dev-checker.ts(354,19): error TS1005: ';' expected.
agents/dev-checker.ts(361,10): error TS1109: Expression expected.
agents/dev-checker.ts(368,6): error TS1109: Expression expected.
agents/dev-checker.ts(375,6): error TS1109: Expression expected.
agents/dev-checker.ts(382,6): error TS1109: Expression expected.
agents/dev-checker.ts(389,3): error TS1005: 'try' expected.
agents/dev-checker.ts(389,9): error TS1003: Identifier expected.
agents/dev-checker.ts(396,28): error TS1005: ';' expected.
agents/dev-checker.ts(403,6): error TS1109: Expression expected.
agents/dev-checker.ts(410,7): error TS1109: Expression expected.
agents/dev-checker.ts(417,6): error TS1109: Expression expected.
agents/dev-checker.ts(424,6): error TS1109: Expression expected.
agents/dev-checker.ts(431,6): error TS1109: Expression expected.
agents/dev-checker.ts(438,6): error TS1109: Expression expected.
agents/dev-checker.ts(445,6): error TS1109: Expression expected.
agents/dev-checker.ts(452,3): error TS1005: 'try' expected.
agents/dev-checker.ts(452,9): error TS1003: Identifier expected.
agents/dev-checker.ts(459,6): error TS1109: Expression expected.
agents/dev-checker.ts(466,6): error TS1109: Expression expected.
agents/dev-checker.ts(478,3): error TS1434: Unexpected keyword or identifier.
agents/dev-checker.ts(478,19): error TS1005: ';' expected.
agents/dev-checker.ts(479,12): error TS1005: ':' expected.
agents/dev-checker.ts(482,6): error TS1005: ',' expected.
agents/dev-integrator.ts(20,21): error TS1005: '{' expected.
agents/dev-integrator.ts(20,39): error TS1005: ';' expected.
agents/dev-integrator.ts(27,17): error TS1005: '{' expected.
agents/dev-integrator.ts(27,29): error TS1005: ';' expected.
agents/dev-integrator.ts(27,105): error TS1005: ';' expected.
agents/dev-integrator.ts(33,23): error TS1005: ',' expected.
agents/dev-integrator.ts(33,29): error TS1005: ',' expected.
agents/dev-integrator.ts(33,53): error TS1005: ';' expected.
agents/dev-integrator.ts(40,3): error TS1434: Unexpected keyword or identifier.
agents/dev-integrator.ts(40,28): error TS1109: Expression expected.
agents/dev-integrator.ts(40,50): error TS1005: ';' expected.
agents/dev-integrator.ts(40,64): error TS1109: Expression expected.
agents/dev-integrator.ts(47,12): error TS1005: ';' expected.
agents/dev-integrator.ts(47,14): error TS1434: Unexpected keyword or identifier.
agents/dev-integrator.ts(54,3): error TS1434: Unexpected keyword or identifier.
agents/dev-integrator.ts(54,19): error TS1005: ';' expected.
agents/dev-integrator.ts(54,33): error TS1109: Expression expected.
agents/dev-integrator.ts(61,16): error TS1005: ';' expected.
agents/dev-integrator.ts(62,12): error TS1005: ':' expected.
agents/dev-integrator.ts(67,6): error TS1005: ',' expected.
agents/dev-integrator.ts(75,9): error TS1005: ';' expected.
agents/dev-integrator.ts(82,6): error TS1109: Expression expected.
agents/dev-integrator.ts(89,6): error TS1109: Expression expected.
agents/dev-integrator.ts(96,6): error TS1109: Expression expected.
agents/dev-integrator.ts(103,6): error TS1109: Expression expected.
agents/dev-integrator.ts(110,7): error TS1109: Expression expected.
agents/dev-integrator.ts(117,6): error TS1109: Expression expected.
agents/dev-integrator.ts(124,6): error TS1109: Expression expected.
agents/dev-integrator.ts(131,6): error TS1109: Expression expected.
agents/dev-integrator.ts(138,6): error TS1109: Expression expected.
agents/dev-integrator.ts(145,6): error TS1109: Expression expected.
agents/dev-integrator.ts(152,6): error TS1109: Expression expected.
agents/dev-integrator.ts(159,6): error TS1109: Expression expected.
agents/dev-integrator.ts(166,6): error TS1109: Expression expected.
agents/dev-integrator.ts(173,6): error TS1109: Expression expected.
agents/dev-integrator.ts(180,3): error TS1005: 'try' expected.
agents/dev-integrator.ts(180,9): error TS1003: Identifier expected.
agents/dev-integrator.ts(187,6): error TS1109: Expression expected.
agents/dev-integrator.ts(194,3): error TS1005: 'try' expected.
agents/dev-integrator.ts(194,9): error TS1003: Identifier expected.
agents/dev-integrator.ts(201,24): error TS1005: ';' expected.
agents/dev-integrator.ts(208,7): error TS1109: Expression expected.
agents/dev-integrator.ts(215,26): error TS1005: ';' expected.
agents/dev-integrator.ts(222,7): error TS1109: Expression expected.
agents/dev-integrator.ts(229,25): error TS1005: ';' expected.
agents/dev-integrator.ts(236,3): error TS1005: 'try' expected.
agents/dev-integrator.ts(236,9): error TS1003: Identifier expected.
agents/dev-integrator.ts(243,24): error TS1005: ';' expected.
agents/dev-integrator.ts(250,6): error TS1109: Expression expected.
agents/dev-integrator.ts(257,6): error TS1109: Expression expected.
agents/dev-integrator.ts(264,6): error TS1109: Expression expected.
agents/dev-integrator.ts(271,6): error TS1109: Expression expected.
agents/dev-integrator.ts(278,3): error TS1005: 'try' expected.
agents/dev-integrator.ts(278,9): error TS1003: Identifier expected.
agents/dev-integrator.ts(285,26): error TS1005: ';' expected.
agents/dev-integrator.ts(292,14): error TS1005: ';' expected.
agents/dev-integrator.ts(299,6): error TS1109: Expression expected.
agents/dev-integrator.ts(306,3): error TS1005: 'try' expected.
agents/dev-integrator.ts(306,9): error TS1003: Identifier expected.
agents/dev-integrator.ts(313,6): error TS1109: Expression expected.
agents/dev-integrator.ts(320,6): error TS1109: Expression expected.
agents/dev-integrator.ts(327,3): error TS1005: 'try' expected.
agents/dev-integrator.ts(327,9): error TS1003: Identifier expected.
agents/dev-integrator.ts(334,21): error TS1005: ';' expected.
agents/dev-integrator.ts(341,7): error TS1109: Expression expected.
agents/dev-integrator.ts(348,7): error TS1109: Expression expected.
agents/dev-integrator.ts(355,3): error TS1005: 'try' expected.
agents/dev-integrator.ts(355,9): error TS1003: Identifier expected.
agents/dev-integrator.ts(362,6): error TS1109: Expression expected.
agents/dev-integrator.ts(369,7): error TS1109: Expression expected.
agents/dev-integrator.ts(376,7): error TS1109: Expression expected.
agents/dev-integrator.ts(383,3): error TS1005: 'try' expected.
agents/dev-integrator.ts(383,9): error TS1003: Identifier expected.
agents/dev-integrator.ts(390,21): error TS1005: ';' expected.
agents/dev-integrator.ts(397,3): error TS1005: 'try' expected.
agents/dev-integrator.ts(397,9): error TS1003: Identifier expected.
agents/dev-integrator.ts(404,6): error TS1109: Expression expected.
agents/dev-integrator.ts(411,16): error TS1005: ';' expected.
agents/dev-integrator.ts(418,6): error TS1109: Expression expected.
agents/dev-integrator.ts(425,6): error TS1109: Expression expected.
agents/dev-integrator.ts(432,3): error TS1005: 'try' expected.
agents/dev-integrator.ts(432,9): error TS1003: Identifier expected.
agents/dev-integrator.ts(439,6): error TS1109: Expression expected.
agents/dev-integrator.ts(446,23): error TS1005: ';' expected.
agents/dev-integrator.ts(453,7): error TS1109: Expression expected.
agents/dev-integrator.ts(460,6): error TS1109: Expression expected.
agents/dev-integrator.ts(467,3): error TS1005: 'try' expected.
agents/dev-integrator.ts(467,9): error TS1003: Identifier expected.
agents/dev-integrator.ts(474,19): error TS1005: ';' expected.
agents/dev-integrator.ts(481,6): error TS1109: Expression expected.
agents/dev-integrator.ts(488,3): error TS1005: 'try' expected.
agents/dev-integrator.ts(488,9): error TS1003: Identifier expected.
agents/dev-integrator.ts(495,3): error TS1005: 'try' expected.
agents/dev-integrator.ts(495,9): error TS1003: Identifier expected.
agents/dev-integrator.ts(502,3): error TS1005: 'try' expected.
agents/dev-integrator.ts(502,9): error TS1003: Identifier expected.
agents/dev-integrator.ts(509,3): error TS1005: 'try' expected.
agents/dev-integrator.ts(509,9): error TS1003: Identifier expected.
agents/dev-integrator.ts(516,36): error TS1005: ';' expected.
agents/dev-integrator.ts(523,6): error TS1109: Expression expected.
agents/dev-integrator.ts(530,6): error TS1109: Expression expected.
agents/dev-integrator.ts(537,6): error TS1109: Expression expected.
agents/dev-integrator.ts(544,6): error TS1109: Expression expected.
agents/dev-integrator.ts(551,6): error TS1109: Expression expected.
agents/dev-integrator.ts(558,20): error TS1005: ';' expected.
agents/dev-integrator.ts(565,6): error TS1109: Expression expected.
agents/dev-integrator.ts(572,6): error TS1109: Expression expected.
agents/dev-integrator.ts(579,3): error TS1005: 'try' expected.
agents/dev-integrator.ts(579,9): error TS1003: Identifier expected.
agents/dev-integrator.ts(586,27): error TS1005: ';' expected.
agents/dev-integrator.ts(593,3): error TS1005: 'try' expected.
agents/dev-integrator.ts(593,9): error TS1003: Identifier expected.
agents/dev-integrator.ts(600,27): error TS1005: ';' expected.
agents/dev-integrator.ts(607,7): error TS1109: Expression expected.
agents/dev-integrator.ts(614,3): error TS1005: 'try' expected.
agents/dev-integrator.ts(614,9): error TS1003: Identifier expected.
agents/dev-integrator.ts(621,26): error TS1005: ';' expected.
agents/dev-integrator.ts(628,3): error TS1005: 'try' expected.
agents/dev-integrator.ts(628,9): error TS1003: Identifier expected.
agents/dev-integrator.ts(635,28): error TS1005: ';' expected.
agents/dev-integrator.ts(642,7): error TS1109: Expression expected.
agents/dev-integrator.ts(649,6): error TS1109: Expression expected.
agents/dev-integrator.ts(656,6): error TS1109: Expression expected.
agents/dev-integrator.ts(663,6): error TS1109: Expression expected.
agents/dev-integrator.ts(675,3): error TS1434: Unexpected keyword or identifier.
agents/dev-integrator.ts(675,19): error TS1005: ';' expected.
agents/dev-integrator.ts(676,12): error TS1005: ':' expected.
agents/dev-integrator.ts(679,6): error TS1005: ',' expected.
agents/dev-linter.ts(19,21): error TS1005: '{' expected.
agents/dev-linter.ts(19,35): error TS1005: ';' expected.
agents/dev-linter.ts(26,17): error TS1005: '{' expected.
agents/dev-linter.ts(26,25): error TS1005: ';' expected.
agents/dev-linter.ts(26,101): error TS1005: ';' expected.
agents/dev-linter.ts(32,23): error TS1005: ',' expected.
agents/dev-linter.ts(32,29): error TS1005: ',' expected.
agents/dev-linter.ts(32,49): error TS1005: ';' expected.
agents/dev-linter.ts(39,3): error TS1434: Unexpected keyword or identifier.
agents/dev-linter.ts(39,28): error TS1109: Expression expected.
agents/dev-linter.ts(39,50): error TS1005: ';' expected.
agents/dev-linter.ts(39,64): error TS1109: Expression expected.
agents/dev-linter.ts(46,12): error TS1005: ';' expected.
agents/dev-linter.ts(46,14): error TS1434: Unexpected keyword or identifier.
agents/dev-linter.ts(53,3): error TS1434: Unexpected keyword or identifier.
agents/dev-linter.ts(53,19): error TS1005: ';' expected.
agents/dev-linter.ts(53,33): error TS1109: Expression expected.
agents/dev-linter.ts(60,16): error TS1005: ';' expected.
agents/dev-linter.ts(61,12): error TS1005: ':' expected.
agents/dev-linter.ts(66,6): error TS1005: ',' expected.
agents/dev-linter.ts(74,9): error TS1005: ';' expected.
agents/dev-linter.ts(81,6): error TS1109: Expression expected.
agents/dev-linter.ts(88,6): error TS1109: Expression expected.
agents/dev-linter.ts(95,6): error TS1109: Expression expected.
agents/dev-linter.ts(102,10): error TS1005: ';' expected.
agents/dev-linter.ts(109,6): error TS1109: Expression expected.
agents/dev-linter.ts(116,6): error TS1109: Expression expected.
agents/dev-linter.ts(123,6): error TS1109: Expression expected.
agents/dev-linter.ts(130,10): error TS1005: ';' expected.
agents/dev-linter.ts(137,6): error TS1109: Expression expected.
agents/dev-linter.ts(144,6): error TS1109: Expression expected.
agents/dev-linter.ts(151,6): error TS1109: Expression expected.
agents/dev-linter.ts(158,6): error TS1109: Expression expected.
agents/dev-linter.ts(165,6): error TS1109: Expression expected.
agents/dev-linter.ts(172,10): error TS1005: ';' expected.
agents/dev-linter.ts(179,6): error TS1109: Expression expected.
agents/dev-linter.ts(186,6): error TS1109: Expression expected.
agents/dev-linter.ts(193,6): error TS1109: Expression expected.
agents/dev-linter.ts(200,6): error TS1109: Expression expected.
agents/dev-linter.ts(207,6): error TS1109: Expression expected.
agents/dev-linter.ts(214,3): error TS1005: 'try' expected.
agents/dev-linter.ts(214,9): error TS1003: Identifier expected.
agents/dev-linter.ts(221,20): error TS1005: ';' expected.
agents/dev-linter.ts(228,3): error TS1005: 'try' expected.
agents/dev-linter.ts(228,9): error TS1003: Identifier expected.
agents/dev-linter.ts(235,3): error TS1005: 'try' expected.
agents/dev-linter.ts(235,9): error TS1003: Identifier expected.
agents/dev-linter.ts(242,6): error TS1109: Expression expected.
agents/dev-linter.ts(249,14): error TS1005: ';' expected.
agents/dev-linter.ts(256,3): error TS1005: 'try' expected.
agents/dev-linter.ts(256,9): error TS1003: Identifier expected.
agents/dev-linter.ts(263,35): error TS1005: ';' expected.
agents/dev-linter.ts(270,13): error TS1005: ';' expected.
agents/dev-linter.ts(277,19): error TS1005: ';' expected.
agents/dev-linter.ts(284,3): error TS1005: 'try' expected.
agents/dev-linter.ts(284,9): error TS1003: Identifier expected.
agents/dev-linter.ts(291,6): error TS1109: Expression expected.
agents/dev-linter.ts(298,13): error TS1005: ';' expected.
agents/dev-linter.ts(305,3): error TS1005: 'try' expected.
agents/dev-linter.ts(305,9): error TS1003: Identifier expected.
agents/dev-linter.ts(312,6): error TS1109: Expression expected.
agents/dev-linter.ts(319,6): error TS1109: Expression expected.
agents/dev-linter.ts(326,13): error TS1005: ';' expected.
agents/dev-linter.ts(333,3): error TS1005: 'try' expected.
agents/dev-linter.ts(333,9): error TS1003: Identifier expected.
agents/dev-linter.ts(340,34): error TS1005: ';' expected.
agents/dev-linter.ts(347,6): error TS1109: Expression expected.
agents/dev-linter.ts(354,13): error TS1005: ';' expected.
agents/dev-linter.ts(361,18): error TS1005: ';' expected.
agents/dev-linter.ts(368,3): error TS1005: 'try' expected.
agents/dev-linter.ts(368,9): error TS1003: Identifier expected.
agents/dev-linter.ts(375,3): error TS1005: 'try' expected.
agents/dev-linter.ts(375,9): error TS1003: Identifier expected.
agents/dev-linter.ts(382,6): error TS1109: Expression expected.
agents/dev-linter.ts(389,3): error TS1005: 'try' expected.
agents/dev-linter.ts(389,9): error TS1003: Identifier expected.
agents/dev-linter.ts(396,22): error TS1005: ';' expected.
agents/dev-linter.ts(403,3): error TS1005: 'try' expected.
agents/dev-linter.ts(403,9): error TS1003: Identifier expected.
agents/dev-linter.ts(410,12): error TS1005: ';' expected.
agents/dev-linter.ts(417,3): error TS1005: 'try' expected.
agents/dev-linter.ts(417,9): error TS1003: Identifier expected.
agents/dev-linter.ts(424,3): error TS1005: 'try' expected.
agents/dev-linter.ts(424,9): error TS1003: Identifier expected.
agents/dev-linter.ts(431,28): error TS1005: ';' expected.
agents/dev-linter.ts(438,6): error TS1109: Expression expected.
agents/dev-linter.ts(445,6): error TS1109: Expression expected.
agents/dev-linter.ts(452,6): error TS1109: Expression expected.
agents/dev-linter.ts(459,6): error TS1109: Expression expected.
agents/dev-linter.ts(466,6): error TS1109: Expression expected.
agents/dev-linter.ts(473,6): error TS1109: Expression expected.
agents/dev-linter.ts(480,6): error TS1109: Expression expected.
agents/dev-linter.ts(487,6): error TS1109: Expression expected.
agents/dev-linter.ts(494,6): error TS1109: Expression expected.
agents/dev-linter.ts(501,6): error TS1109: Expression expected.
agents/dev-linter.ts(508,6): error TS1109: Expression expected.
agents/dev-linter.ts(515,6): error TS1109: Expression expected.
agents/dev-linter.ts(522,6): error TS1109: Expression expected.
agents/dev-linter.ts(529,6): error TS1109: Expression expected.
agents/dev-linter.ts(536,6): error TS1109: Expression expected.
agents/dev-linter.ts(543,6): error TS1109: Expression expected.
agents/dev-linter.ts(550,6): error TS1109: Expression expected.
agents/dev-linter.ts(557,6): error TS1109: Expression expected.
agents/dev-linter.ts(564,6): error TS1109: Expression expected.
agents/dev-linter.ts(571,6): error TS1109: Expression expected.
agents/dev-linter.ts(578,6): error TS1109: Expression expected.
agents/dev-linter.ts(585,6): error TS1109: Expression expected.
agents/dev-linter.ts(592,6): error TS1109: Expression expected.
agents/dev-linter.ts(599,6): error TS1109: Expression expected.
agents/dev-linter.ts(606,6): error TS1109: Expression expected.
agents/dev-linter.ts(613,6): error TS1109: Expression expected.
agents/dev-linter.ts(620,6): error TS1109: Expression expected.
agents/dev-linter.ts(627,3): error TS1005: 'try' expected.
agents/dev-linter.ts(627,9): error TS1003: Identifier expected.
agents/dev-linter.ts(634,6): error TS1109: Expression expected.
agents/dev-linter.ts(646,3): error TS1434: Unexpected keyword or identifier.
agents/dev-linter.ts(646,19): error TS1005: ';' expected.
agents/dev-linter.ts(647,12): error TS1005: ':' expected.
agents/dev-linter.ts(650,6): error TS1005: ',' expected.
agents/devops-preview.ts(22,24): error TS1005: '{' expected.
agents/devops-preview.ts(22,39): error TS1005: ';' expected.
agents/devops-preview.ts(29,20): error TS1005: '{' expected.
agents/devops-preview.ts(29,29): error TS1005: ';' expected.
agents/devops-preview.ts(29,105): error TS1005: ';' expected.
agents/devops-preview.ts(35,23): error TS1005: ',' expected.
agents/devops-preview.ts(35,29): error TS1005: ',' expected.
agents/devops-preview.ts(35,53): error TS1005: ';' expected.
agents/devops-preview.ts(42,3): error TS1434: Unexpected keyword or identifier.
agents/devops-preview.ts(42,28): error TS1109: Expression expected.
agents/devops-preview.ts(42,50): error TS1005: ';' expected.
agents/devops-preview.ts(42,64): error TS1109: Expression expected.
agents/devops-preview.ts(49,12): error TS1005: ';' expected.
agents/devops-preview.ts(49,14): error TS1434: Unexpected keyword or identifier.
agents/devops-preview.ts(56,3): error TS1434: Unexpected keyword or identifier.
agents/devops-preview.ts(56,19): error TS1005: ';' expected.
agents/devops-preview.ts(56,33): error TS1109: Expression expected.
agents/devops-preview.ts(63,16): error TS1005: ';' expected.
agents/devops-preview.ts(64,12): error TS1005: ':' expected.
agents/devops-preview.ts(69,6): error TS1005: ',' expected.
agents/devops-preview.ts(77,22): error TS1005: ';' expected.
agents/devops-preview.ts(84,23): error TS1005: ';' expected.
agents/devops-preview.ts(91,6): error TS1109: Expression expected.
agents/devops-preview.ts(98,3): error TS1005: 'try' expected.
agents/devops-preview.ts(98,9): error TS1003: Identifier expected.
agents/devops-preview.ts(105,19): error TS1005: ';' expected.
agents/devops-preview.ts(112,10): error TS1109: Expression expected.
agents/devops-preview.ts(119,6): error TS1109: Expression expected.
agents/devops-preview.ts(126,3): error TS1005: 'try' expected.
agents/devops-preview.ts(126,9): error TS1003: Identifier expected.
agents/devops-preview.ts(133,24): error TS1005: ';' expected.
agents/devops-preview.ts(140,3): error TS1005: 'try' expected.
agents/devops-preview.ts(140,9): error TS1003: Identifier expected.
agents/devops-preview.ts(147,7): error TS1109: Expression expected.
agents/devops-preview.ts(154,3): error TS1005: 'try' expected.
agents/devops-preview.ts(154,9): error TS1003: Identifier expected.
agents/devops-preview.ts(161,23): error TS1005: ';' expected.
agents/devops-preview.ts(168,7): error TS1109: Expression expected.
agents/devops-preview.ts(175,6): error TS1109: Expression expected.
agents/devops-preview.ts(182,7): error TS1109: Expression expected.
agents/devops-preview.ts(189,6): error TS1109: Expression expected.
agents/devops-preview.ts(196,6): error TS1109: Expression expected.
agents/devops-preview.ts(203,3): error TS1005: 'try' expected.
agents/devops-preview.ts(203,9): error TS1003: Identifier expected.
agents/devops-preview.ts(210,9): error TS1005: ';' expected.
agents/devops-preview.ts(217,6): error TS1109: Expression expected.
agents/devops-preview.ts(224,6): error TS1109: Expression expected.
agents/devops-preview.ts(231,3): error TS1005: 'try' expected.
agents/devops-preview.ts(231,9): error TS1003: Identifier expected.
agents/devops-preview.ts(238,27): error TS1005: ';' expected.
agents/devops-preview.ts(245,3): error TS1005: 'try' expected.
agents/devops-preview.ts(245,9): error TS1003: Identifier expected.
agents/devops-preview.ts(252,3): error TS1005: 'try' expected.
agents/devops-preview.ts(252,9): error TS1003: Identifier expected.
agents/devops-preview.ts(259,6): error TS1109: Expression expected.
agents/devops-preview.ts(266,7): error TS1109: Expression expected.
agents/devops-preview.ts(273,11): error TS1005: ';' expected.
agents/devops-preview.ts(280,13): error TS1005: ';' expected.
agents/devops-preview.ts(287,3): error TS1005: 'try' expected.
agents/devops-preview.ts(287,9): error TS1003: Identifier expected.
agents/devops-preview.ts(294,7): error TS1109: Expression expected.
agents/devops-preview.ts(301,6): error TS1109: Expression expected.
agents/devops-preview.ts(308,6): error TS1109: Expression expected.
agents/devops-preview.ts(315,3): error TS1005: 'try' expected.
agents/devops-preview.ts(315,9): error TS1003: Identifier expected.
agents/devops-preview.ts(322,17): error TS1005: ';' expected.
agents/devops-preview.ts(329,6): error TS1109: Expression expected.
agents/devops-preview.ts(336,6): error TS1109: Expression expected.
agents/devops-preview.ts(343,7): error TS1109: Expression expected.
agents/devops-preview.ts(350,6): error TS1109: Expression expected.
agents/devops-preview.ts(357,6): error TS1109: Expression expected.
agents/devops-preview.ts(364,6): error TS1109: Expression expected.
agents/devops-preview.ts(371,6): error TS1109: Expression expected.
agents/devops-preview.ts(378,3): error TS1005: 'try' expected.
agents/devops-preview.ts(378,9): error TS1003: Identifier expected.
agents/devops-preview.ts(385,17): error TS1005: ';' expected.
agents/devops-preview.ts(392,19): error TS1005: ';' expected.
agents/devops-preview.ts(399,6): error TS1109: Expression expected.
agents/devops-preview.ts(406,6): error TS1109: Expression expected.
agents/devops-preview.ts(418,3): error TS1434: Unexpected keyword or identifier.
agents/devops-preview.ts(418,19): error TS1005: ';' expected.
agents/devops-preview.ts(419,12): error TS1005: ':' expected.
agents/devops-preview.ts(422,6): error TS1005: ',' expected.
agents/diff-verifier.ts(20,22): error TS1005: '{' expected.
agents/diff-verifier.ts(20,38): error TS1005: ';' expected.
agents/diff-verifier.ts(27,18): error TS1005: '{' expected.
agents/diff-verifier.ts(27,28): error TS1005: ';' expected.
agents/diff-verifier.ts(27,104): error TS1005: ';' expected.
agents/diff-verifier.ts(33,23): error TS1005: ',' expected.
agents/diff-verifier.ts(33,29): error TS1005: ',' expected.
agents/diff-verifier.ts(33,52): error TS1005: ';' expected.
agents/diff-verifier.ts(40,3): error TS1434: Unexpected keyword or identifier.
agents/diff-verifier.ts(40,28): error TS1109: Expression expected.
agents/diff-verifier.ts(40,50): error TS1005: ';' expected.
agents/diff-verifier.ts(40,64): error TS1109: Expression expected.
agents/diff-verifier.ts(47,12): error TS1005: ';' expected.
agents/diff-verifier.ts(47,14): error TS1434: Unexpected keyword or identifier.
agents/diff-verifier.ts(54,3): error TS1434: Unexpected keyword or identifier.
agents/diff-verifier.ts(54,19): error TS1005: ';' expected.
agents/diff-verifier.ts(54,33): error TS1109: Expression expected.
agents/diff-verifier.ts(61,16): error TS1005: ';' expected.
agents/diff-verifier.ts(62,12): error TS1005: ':' expected.
agents/diff-verifier.ts(67,6): error TS1005: ',' expected.
agents/diff-verifier.ts(75,9): error TS1005: ';' expected.
agents/diff-verifier.ts(82,6): error TS1109: Expression expected.
agents/diff-verifier.ts(89,6): error TS1109: Expression expected.
agents/diff-verifier.ts(96,6): error TS1109: Expression expected.
agents/diff-verifier.ts(103,6): error TS1109: Expression expected.
agents/diff-verifier.ts(110,7): error TS1109: Expression expected.
agents/diff-verifier.ts(117,6): error TS1109: Expression expected.
agents/diff-verifier.ts(124,6): error TS1109: Expression expected.
agents/diff-verifier.ts(131,3): error TS1005: 'try' expected.
agents/diff-verifier.ts(131,9): error TS1003: Identifier expected.
agents/diff-verifier.ts(138,6): error TS1109: Expression expected.
agents/diff-verifier.ts(145,3): error TS1005: 'try' expected.
agents/diff-verifier.ts(145,9): error TS1003: Identifier expected.
agents/diff-verifier.ts(152,24): error TS1005: ';' expected.
agents/diff-verifier.ts(159,7): error TS1109: Expression expected.
agents/diff-verifier.ts(166,25): error TS1005: ';' expected.
agents/diff-verifier.ts(173,7): error TS1109: Expression expected.
agents/diff-verifier.ts(180,23): error TS1005: ';' expected.
agents/diff-verifier.ts(187,3): error TS1005: 'try' expected.
agents/diff-verifier.ts(187,9): error TS1003: Identifier expected.
agents/diff-verifier.ts(194,25): error TS1005: ';' expected.
agents/diff-verifier.ts(201,7): error TS1109: Expression expected.
agents/diff-verifier.ts(208,16): error TS1005: ';' expected.
agents/diff-verifier.ts(215,6): error TS1109: Expression expected.
agents/diff-verifier.ts(222,7): error TS1109: Expression expected.
agents/diff-verifier.ts(229,7): error TS1109: Expression expected.
agents/diff-verifier.ts(236,7): error TS1109: Expression expected.
agents/diff-verifier.ts(243,7): error TS1109: Expression expected.
agents/diff-verifier.ts(250,7): error TS1109: Expression expected.
agents/diff-verifier.ts(257,7): error TS1109: Expression expected.
agents/diff-verifier.ts(264,6): error TS1109: Expression expected.
agents/diff-verifier.ts(271,7): error TS1109: Expression expected.
agents/diff-verifier.ts(278,7): error TS1109: Expression expected.
agents/diff-verifier.ts(285,7): error TS1109: Expression expected.
agents/diff-verifier.ts(292,6): error TS1109: Expression expected.
agents/diff-verifier.ts(299,6): error TS1109: Expression expected.
agents/diff-verifier.ts(306,6): error TS1109: Expression expected.
agents/diff-verifier.ts(313,6): error TS1109: Expression expected.
agents/diff-verifier.ts(320,6): error TS1109: Expression expected.
agents/diff-verifier.ts(327,3): error TS1005: 'try' expected.
agents/diff-verifier.ts(327,9): error TS1003: Identifier expected.
agents/diff-verifier.ts(334,28): error TS1005: ';' expected.
agents/diff-verifier.ts(341,26): error TS1005: ';' expected.
agents/diff-verifier.ts(348,7): error TS1109: Expression expected.
agents/diff-verifier.ts(355,6): error TS1109: Expression expected.
agents/diff-verifier.ts(362,6): error TS1109: Expression expected.
agents/diff-verifier.ts(369,6): error TS1109: Expression expected.
agents/diff-verifier.ts(376,6): error TS1109: Expression expected.
agents/diff-verifier.ts(383,15): error TS1005: ';' expected.
agents/diff-verifier.ts(390,6): error TS1109: Expression expected.
agents/diff-verifier.ts(397,16): error TS1005: ';' expected.
agents/diff-verifier.ts(404,6): error TS1109: Expression expected.
agents/diff-verifier.ts(411,15): error TS1005: ';' expected.
agents/diff-verifier.ts(418,6): error TS1109: Expression expected.
agents/diff-verifier.ts(425,15): error TS1005: ';' expected.
agents/diff-verifier.ts(432,6): error TS1109: Expression expected.
agents/diff-verifier.ts(439,7): error TS1005: ';' expected.
agents/diff-verifier.ts(446,6): error TS1109: Expression expected.
agents/diff-verifier.ts(453,9): error TS1005: ';' expected.
agents/diff-verifier.ts(460,6): error TS1109: Expression expected.
agents/diff-verifier.ts(467,16): error TS1005: ';' expected.
agents/diff-verifier.ts(474,6): error TS1109: Expression expected.
agents/diff-verifier.ts(481,9): error TS1005: ';' expected.
agents/diff-verifier.ts(488,6): error TS1109: Expression expected.
agents/diff-verifier.ts(495,7): error TS1109: Expression expected.
agents/diff-verifier.ts(502,24): error TS1005: ';' expected.
agents/diff-verifier.ts(509,7): error TS1109: Expression expected.
agents/diff-verifier.ts(516,6): error TS1109: Expression expected.
agents/diff-verifier.ts(523,6): error TS1109: Expression expected.
agents/diff-verifier.ts(530,3): error TS1005: 'try' expected.
agents/diff-verifier.ts(530,9): error TS1003: Identifier expected.
agents/diff-verifier.ts(537,24): error TS1005: ';' expected.
agents/diff-verifier.ts(544,3): error TS1005: 'try' expected.
agents/diff-verifier.ts(544,9): error TS1003: Identifier expected.
agents/diff-verifier.ts(551,6): error TS1109: Expression expected.
agents/diff-verifier.ts(558,6): error TS1109: Expression expected.
agents/diff-verifier.ts(565,6): error TS1109: Expression expected.
agents/diff-verifier.ts(572,6): error TS1109: Expression expected.
agents/diff-verifier.ts(579,6): error TS1109: Expression expected.
agents/diff-verifier.ts(586,6): error TS1109: Expression expected.
agents/diff-verifier.ts(593,6): error TS1109: Expression expected.
agents/diff-verifier.ts(600,7): error TS1109: Expression expected.
agents/diff-verifier.ts(607,6): error TS1109: Expression expected.
agents/diff-verifier.ts(614,3): error TS1005: 'try' expected.
agents/diff-verifier.ts(614,9): error TS1003: Identifier expected.
agents/diff-verifier.ts(621,27): error TS1005: ';' expected.
agents/diff-verifier.ts(628,7): error TS1109: Expression expected.
agents/diff-verifier.ts(635,6): error TS1109: Expression expected.
agents/diff-verifier.ts(642,7): error TS1109: Expression expected.
agents/diff-verifier.ts(649,6): error TS1109: Expression expected.
agents/diff-verifier.ts(656,27): error TS1005: ';' expected.
agents/diff-verifier.ts(663,6): error TS1109: Expression expected.
agents/diff-verifier.ts(670,7): error TS1109: Expression expected.
agents/diff-verifier.ts(677,6): error TS1109: Expression expected.
agents/diff-verifier.ts(684,6): error TS1109: Expression expected.
agents/diff-verifier.ts(691,7): error TS1109: Expression expected.
agents/diff-verifier.ts(698,30): error TS1005: ';' expected.
agents/diff-verifier.ts(705,6): error TS1109: Expression expected.
agents/diff-verifier.ts(712,7): error TS1109: Expression expected.
agents/diff-verifier.ts(719,6): error TS1109: Expression expected.
agents/diff-verifier.ts(726,6): error TS1109: Expression expected.
agents/diff-verifier.ts(733,7): error TS1109: Expression expected.
agents/diff-verifier.ts(740,26): error TS1005: ';' expected.
agents/diff-verifier.ts(747,6): error TS1109: Expression expected.
agents/diff-verifier.ts(754,7): error TS1109: Expression expected.
agents/diff-verifier.ts(761,6): error TS1109: Expression expected.
agents/diff-verifier.ts(768,7): error TS1109: Expression expected.
agents/diff-verifier.ts(775,6): error TS1109: Expression expected.
agents/diff-verifier.ts(782,7): error TS1109: Expression expected.
agents/diff-verifier.ts(789,6): error TS1109: Expression expected.
agents/diff-verifier.ts(796,7): error TS1109: Expression expected.
agents/diff-verifier.ts(803,26): error TS1005: ';' expected.
agents/diff-verifier.ts(810,6): error TS1109: Expression expected.
agents/diff-verifier.ts(817,7): error TS1109: Expression expected.
agents/diff-verifier.ts(824,6): error TS1109: Expression expected.
agents/diff-verifier.ts(831,7): error TS1109: Expression expected.
agents/diff-verifier.ts(838,6): error TS1109: Expression expected.
agents/diff-verifier.ts(845,7): error TS1109: Expression expected.
agents/diff-verifier.ts(852,26): error TS1005: ';' expected.
agents/diff-verifier.ts(859,6): error TS1109: Expression expected.
agents/diff-verifier.ts(866,7): error TS1109: Expression expected.
agents/diff-verifier.ts(873,7): error TS1109: Expression expected.
agents/diff-verifier.ts(880,6): error TS1109: Expression expected.
agents/diff-verifier.ts(887,7): error TS1109: Expression expected.
agents/diff-verifier.ts(894,6): error TS1109: Expression expected.
agents/diff-verifier.ts(901,7): error TS1109: Expression expected.
agents/diff-verifier.ts(908,6): error TS1109: Expression expected.
agents/diff-verifier.ts(915,7): error TS1109: Expression expected.
agents/diff-verifier.ts(922,6): error TS1109: Expression expected.
agents/diff-verifier.ts(929,7): error TS1109: Expression expected.
agents/diff-verifier.ts(936,27): error TS1005: ';' expected.
agents/diff-verifier.ts(943,6): error TS1109: Expression expected.
agents/diff-verifier.ts(950,7): error TS1109: Expression expected.
agents/diff-verifier.ts(957,7): error TS1109: Expression expected.
agents/diff-verifier.ts(964,6): error TS1109: Expression expected.
agents/diff-verifier.ts(971,6): error TS1109: Expression expected.
agents/diff-verifier.ts(978,7): error TS1109: Expression expected.
agents/diff-verifier.ts(985,7): error TS1109: Expression expected.
agents/diff-verifier.ts(992,7): error TS1109: Expression expected.
agents/diff-verifier.ts(999,7): error TS1109: Expression expected.
agents/diff-verifier.ts(1006,6): error TS1109: Expression expected.
agents/diff-verifier.ts(1013,23): error TS1005: ';' expected.
agents/diff-verifier.ts(1020,6): error TS1109: Expression expected.
agents/diff-verifier.ts(1027,6): error TS1109: Expression expected.
agents/diff-verifier.ts(1034,6): error TS1109: Expression expected.
agents/diff-verifier.ts(1041,36): error TS1005: ';' expected.
agents/diff-verifier.ts(1048,6): error TS1109: Expression expected.
agents/diff-verifier.ts(1055,10): error TS1005: ';' expected.
agents/diff-verifier.ts(1062,6): error TS1109: Expression expected.
agents/diff-verifier.ts(1069,6): error TS1109: Expression expected.
agents/diff-verifier.ts(1076,6): error TS1109: Expression expected.
agents/diff-verifier.ts(1083,10): error TS1005: ';' expected.
agents/diff-verifier.ts(1090,6): error TS1109: Expression expected.
agents/diff-verifier.ts(1097,10): error TS1005: ';' expected.
agents/diff-verifier.ts(1104,6): error TS1109: Expression expected.
agents/diff-verifier.ts(1111,6): error TS1109: Expression expected.
agents/diff-verifier.ts(1118,10): error TS1005: ';' expected.
agents/diff-verifier.ts(1125,10): error TS1005: ';' expected.
agents/diff-verifier.ts(1132,7): error TS1109: Expression expected.
agents/diff-verifier.ts(1139,6): error TS1109: Expression expected.
agents/diff-verifier.ts(1146,6): error TS1109: Expression expected.
agents/diff-verifier.ts(1153,6): error TS1109: Expression expected.
agents/diff-verifier.ts(1160,6): error TS1109: Expression expected.
agents/diff-verifier.ts(1167,6): error TS1109: Expression expected.
agents/diff-verifier.ts(1174,6): error TS1109: Expression expected.
agents/diff-verifier.ts(1181,10): error TS1005: ';' expected.
agents/diff-verifier.ts(1193,3): error TS1434: Unexpected keyword or identifier.
agents/diff-verifier.ts(1193,19): error TS1005: ';' expected.
agents/diff-verifier.ts(1194,12): error TS1005: ':' expected.
agents/diff-verifier.ts(1197,6): error TS1005: ',' expected.
agents/discovery/audit-selector.ts(209,20): error TS1002: Unterminated string literal.
agents/discovery/audit-selector.ts(210,1): error TS1005: ',' expected.
agents/discovery/audit-selector.ts(210,10): error TS1005: ',' expected.
agents/discovery/audit-selector.ts(210,22): error TS1005: ',' expected.
agents/discovery/audit-selector.ts(210,26): error TS1002: Unterminated string literal.
agents/discovery/audit-selector.ts(211,7): error TS1005: ',' expected.
agents/discovery/audit-selector.ts(213,9): error TS1005: ')' expected.
agents/discovery/discovery-agent.ts(21,27): error TS1005: '{' expected.
agents/discovery/discovery-agent.ts(21,40): error TS1005: ';' expected.
agents/discovery/discovery-agent.ts(28,23): error TS1005: '{' expected.
agents/discovery/discovery-agent.ts(28,30): error TS1005: ';' expected.
agents/discovery/discovery-agent.ts(28,106): error TS1005: ';' expected.
agents/discovery/discovery-agent.ts(34,23): error TS1005: ',' expected.
agents/discovery/discovery-agent.ts(34,29): error TS1005: ',' expected.
agents/discovery/discovery-agent.ts(34,54): error TS1005: ';' expected.
agents/discovery/discovery-agent.ts(41,3): error TS1434: Unexpected keyword or identifier.
agents/discovery/discovery-agent.ts(41,28): error TS1109: Expression expected.
agents/discovery/discovery-agent.ts(41,50): error TS1005: ';' expected.
agents/discovery/discovery-agent.ts(41,64): error TS1109: Expression expected.
agents/discovery/discovery-agent.ts(48,12): error TS1005: ';' expected.
agents/discovery/discovery-agent.ts(48,14): error TS1434: Unexpected keyword or identifier.
agents/discovery/discovery-agent.ts(55,3): error TS1434: Unexpected keyword or identifier.
agents/discovery/discovery-agent.ts(55,19): error TS1005: ';' expected.
agents/discovery/discovery-agent.ts(55,33): error TS1109: Expression expected.
agents/discovery/discovery-agent.ts(62,16): error TS1005: ';' expected.
agents/discovery/discovery-agent.ts(63,12): error TS1005: ':' expected.
agents/discovery/discovery-agent.ts(68,6): error TS1005: ',' expected.
agents/discovery/discovery-agent.ts(76,15): error TS1005: ';' expected.
agents/discovery/discovery-agent.ts(83,7): error TS1109: Expression expected.
agents/discovery/discovery-agent.ts(90,6): error TS1109: Expression expected.
agents/discovery/discovery-agent.ts(97,6): error TS1109: Expression expected.
agents/discovery/discovery-agent.ts(104,6): error TS1109: Expression expected.
agents/discovery/discovery-agent.ts(111,7): error TS1109: Expression expected.
agents/discovery/discovery-agent.ts(118,6): error TS1109: Expression expected.
agents/discovery/discovery-agent.ts(125,23): error TS1005: ';' expected.
agents/discovery/discovery-agent.ts(132,25): error TS1005: ';' expected.
agents/discovery/discovery-agent.ts(139,6): error TS1109: Expression expected.
agents/discovery/discovery-agent.ts(146,6): error TS1109: Expression expected.
agents/discovery/discovery-agent.ts(153,19): error TS1005: ';' expected.
agents/discovery/discovery-agent.ts(160,19): error TS1005: ';' expected.
agents/discovery/discovery-agent.ts(167,10): error TS1005: ';' expected.
agents/discovery/discovery-agent.ts(174,3): error TS1005: 'try' expected.
agents/discovery/discovery-agent.ts(174,9): error TS1003: Identifier expected.
agents/discovery/discovery-agent.ts(181,7): error TS1109: Expression expected.
agents/discovery/discovery-agent.ts(188,6): error TS1109: Expression expected.
agents/discovery/discovery-agent.ts(195,6): error TS1109: Expression expected.
agents/discovery/discovery-agent.ts(202,3): error TS1005: 'try' expected.
agents/discovery/discovery-agent.ts(202,9): error TS1003: Identifier expected.
agents/discovery/discovery-agent.ts(209,9): error TS1005: ';' expected.
agents/discovery/discovery-agent.ts(216,6): error TS1109: Expression expected.
agents/discovery/discovery-agent.ts(223,22): error TS1005: ';' expected.
agents/discovery/discovery-agent.ts(230,7): error TS1109: Expression expected.
agents/discovery/discovery-agent.ts(237,6): error TS1109: Expression expected.
agents/discovery/discovery-agent.ts(244,6): error TS1109: Expression expected.
agents/discovery/discovery-agent.ts(251,6): error TS1109: Expression expected.
agents/discovery/discovery-agent.ts(263,3): error TS1434: Unexpected keyword or identifier.
agents/discovery/discovery-agent.ts(263,19): error TS1005: ';' expected.
agents/discovery/discovery-agent.ts(264,12): error TS1005: ':' expected.
agents/discovery/discovery-agent.ts(267,6): error TS1005: ',' expected.
agents/integration/notification-service.ts(195,3): error TS1434: Unexpected keyword or identifier.
agents/integration/notification-service.ts(195,28): error TS1109: Expression expected.
agents/integration/notification-service.ts(195,50): error TS1005: ';' expected.
agents/integration/notification-service.ts(195,64): error TS1109: Expression expected.
agents/integration/notification-service.ts(197,12): error TS1005: ',' expected.
agents/integration/notification-service.ts(197,52): error TS1005: ',' expected.
agents/integration/notification-service.ts(203,12): error TS1005: ';' expected.
agents/integration/notification-service.ts(203,14): error TS1434: Unexpected keyword or identifier.
agents/integration/notification-service.ts(210,3): error TS1434: Unexpected keyword or identifier.
agents/integration/notification-service.ts(210,19): error TS1005: ';' expected.
agents/integration/notification-service.ts(210,33): error TS1109: Expression expected.
agents/integration/notification-service.ts(211,12): error TS1005: ',' expected.
agents/integration/notification-service.ts(211,43): error TS1005: ',' expected.
agents/integration/notification-service.ts(217,16): error TS1005: ';' expected.
agents/integration/notification-service.ts(218,12): error TS1005: ':' expected.
agents/integration/notification-service.ts(223,6): error TS1005: ',' expected.
agents/integration/notification-service.ts(229,3): error TS1434: Unexpected keyword or identifier.
agents/integration/notification-service.ts(229,25): error TS1005: ';' expected.
agents/integration/notification-service.ts(230,12): error TS1005: ':' expected.
agents/integration/notification-service.ts(233,6): error TS1005: ',' expected.
agents/integration/notification-service.ts(402,32): error TS1002: Unterminated string literal.
agents/integration/notification-service.ts(403,1): error TS1005: ',' expected.
agents/integration/notification-service.ts(403,5): error TS1002: Unterminated string literal.
agents/integration/notification-service.ts(404,17): error TS1005: ':' expected.
agents/integration/notification-service.ts(406,26): error TS1002: Unterminated string literal.
agents/integration/notification-service.ts(407,1): error TS1005: ',' expected.
agents/integration/notification-service.ts(407,3): error TS1002: Unterminated string literal.
agents/integration/notification-service.ts(408,13): error TS1005: ',' expected.
agents/integration/notification-service.ts(492,20): error TS1002: Unterminated string literal.
agents/integration/notification-service.ts(495,3): error TS1002: Unterminated string literal.
agents/integration/notification-service.ts(508,20): error TS1002: Unterminated string literal.
agents/integration/notification-service.ts(511,3): error TS1002: Unterminated string literal.
agents/integration/notification-service.ts(657,34): error TS1002: Unterminated string literal.
agents/integration/notification-service.ts(658,1): error TS1005: ',' expected.
agents/integration/notification-service.ts(658,3): error TS1002: Unterminated string literal.
agents/integration/notification-service.ts(659,9): error TS1005: ',' expected.
agents/integration/orchestrator-bridge.ts(16,1): error TS1003: Identifier expected.
agents/integration/orchestrator-bridge.ts(16,8): error TS1005: ',' expected.
agents/integration/orchestrator-bridge.ts(16,42): error TS1005: ';' expected.
agents/integration/orchestrator-bridge.ts(22,1): error TS1128: Declaration or statement expected.
agents/integration/orchestrator-bridge.ts(22,3): error TS1434: Unexpected keyword or identifier.
agents/integration/orchestrator-bridge.ts(308,12): error TS1005: ';' expected.
agents/integration/orchestrator-bridge.ts(308,14): error TS1434: Unexpected keyword or identifier.
agents/integration/orchestrator-bridge.ts(315,16): error TS1005: ';' expected.
agents/integration/orchestrator-bridge.ts(316,12): error TS1005: ':' expected.
agents/integration/orchestrator-bridge.ts(321,6): error TS1005: ',' expected.
agents/integration/orchestrator-bridge.ts(327,3): error TS1434: Unexpected keyword or identifier.
agents/integration/orchestrator-bridge.ts(327,25): error TS1005: ';' expected.
agents/integration/orchestrator-bridge.ts(328,12): error TS1005: ':' expected.
agents/integration/orchestrator-bridge.ts(331,6): error TS1005: ',' expected.
agents/migration-orchestrator.ts(812,63): error TS1005: ',' expected.
agents/migration-orchestrator.ts(812,66): error TS1005: ',' expected.
agents/migration-orchestrator.ts(812,71): error TS1005: ',' expected.
agents/migration-orchestrator.ts(812,78): error TS1005: ',' expected.
agents/migration-orchestrator.ts(812,81): error TS1002: Unterminated string literal.
agents/migration-orchestrator.ts(813,7): error TS1005: ',' expected.
agents/migration/BusinessAgent.ts(149,48): error TS1002: Unterminated string literal.
agents/migration/BusinessAgent.ts(150,3): error TS1002: Unterminated string literal.
agents/migration/BusinessAgent.ts(156,59): error TS1002: Unterminated string literal.
agents/migration/BusinessAgent.ts(157,3): error TS1002: Unterminated string literal.
agents/migration/BusinessAgent.ts(162,56): error TS1002: Unterminated string literal.
agents/migration/BusinessAgent.ts(163,3): error TS1002: Unterminated string literal.
agents/migration/BusinessAgent.ts(169,62): error TS1002: Unterminated string literal.
agents/migration/BusinessAgent.ts(170,3): error TS1002: Unterminated string literal.
agents/migration/component-generator.ts(165,20): error TS1005: ']' expected.
agents/migration/component-generator.ts(165,25): error TS1005: ':' expected.
agents/migration/component-generator.ts(165,31): error TS1005: ',' expected.
agents/migration/component-generator.ts(165,38): error TS1005: ',' expected.
agents/migration/component-generator.ts(165,41): error TS1134: Variable declaration expected.
agents/migration/data-verifier.ts(21,22): error TS1005: '{' expected.
agents/migration/data-verifier.ts(21,38): error TS1005: ';' expected.
agents/migration/data-verifier.ts(28,18): error TS1005: '{' expected.
agents/migration/data-verifier.ts(28,28): error TS1005: ';' expected.
agents/migration/data-verifier.ts(28,104): error TS1005: ';' expected.
agents/migration/data-verifier.ts(34,23): error TS1005: ',' expected.
agents/migration/data-verifier.ts(34,29): error TS1005: ',' expected.
agents/migration/data-verifier.ts(34,52): error TS1005: ';' expected.
agents/migration/data-verifier.ts(41,3): error TS1434: Unexpected keyword or identifier.
agents/migration/data-verifier.ts(41,28): error TS1109: Expression expected.
agents/migration/data-verifier.ts(41,50): error TS1005: ';' expected.
agents/migration/data-verifier.ts(41,64): error TS1109: Expression expected.
agents/migration/data-verifier.ts(48,12): error TS1005: ';' expected.
agents/migration/data-verifier.ts(48,14): error TS1434: Unexpected keyword or identifier.
agents/migration/data-verifier.ts(55,3): error TS1434: Unexpected keyword or identifier.
agents/migration/data-verifier.ts(55,19): error TS1005: ';' expected.
agents/migration/data-verifier.ts(55,33): error TS1109: Expression expected.
agents/migration/data-verifier.ts(62,16): error TS1005: ';' expected.
agents/migration/data-verifier.ts(63,12): error TS1005: ':' expected.
agents/migration/data-verifier.ts(68,6): error TS1005: ',' expected.
agents/migration/data-verifier.ts(76,10): error TS1005: ';' expected.
agents/migration/data-verifier.ts(83,6): error TS1109: Expression expected.
agents/migration/data-verifier.ts(90,6): error TS1109: Expression expected.
agents/migration/data-verifier.ts(97,6): error TS1109: Expression expected.
agents/migration/data-verifier.ts(104,7): error TS1109: Expression expected.
agents/migration/data-verifier.ts(111,6): error TS1109: Expression expected.
agents/migration/data-verifier.ts(118,6): error TS1109: Expression expected.
agents/migration/data-verifier.ts(125,6): error TS1109: Expression expected.
agents/migration/data-verifier.ts(132,14): error TS1005: ';' expected.
agents/migration/data-verifier.ts(139,6): error TS1109: Expression expected.
agents/migration/data-verifier.ts(146,6): error TS1109: Expression expected.
agents/migration/data-verifier.ts(153,6): error TS1109: Expression expected.
agents/migration/data-verifier.ts(160,6): error TS1109: Expression expected.
agents/migration/data-verifier.ts(167,7): error TS1109: Expression expected.
agents/migration/data-verifier.ts(174,6): error TS1109: Expression expected.
agents/migration/data-verifier.ts(181,6): error TS1109: Expression expected.
agents/migration/data-verifier.ts(188,6): error TS1109: Expression expected.
agents/migration/data-verifier.ts(195,6): error TS1109: Expression expected.
agents/migration/data-verifier.ts(202,6): error TS1109: Expression expected.
agents/migration/data-verifier.ts(209,3): error TS1005: 'try' expected.
agents/migration/data-verifier.ts(209,9): error TS1003: Identifier expected.
agents/migration/data-verifier.ts(216,6): error TS1109: Expression expected.
agents/migration/data-verifier.ts(223,6): error TS1109: Expression expected.
agents/migration/data-verifier.ts(230,7): error TS1109: Expression expected.
agents/migration/data-verifier.ts(237,6): error TS1109: Expression expected.
agents/migration/data-verifier.ts(244,3): error TS1005: 'try' expected.
agents/migration/data-verifier.ts(244,9): error TS1003: Identifier expected.
agents/migration/data-verifier.ts(251,21): error TS1005: ';' expected.
agents/migration/data-verifier.ts(258,6): error TS1109: Expression expected.
agents/migration/data-verifier.ts(265,13): error TS1005: ';' expected.
agents/migration/data-verifier.ts(272,6): error TS1109: Expression expected.
agents/migration/data-verifier.ts(279,6): error TS1109: Expression expected.
agents/migration/data-verifier.ts(286,6): error TS1109: Expression expected.
agents/migration/data-verifier.ts(293,19): error TS1005: ';' expected.
agents/migration/data-verifier.ts(300,6): error TS1109: Expression expected.
agents/migration/data-verifier.ts(307,6): error TS1109: Expression expected.
agents/migration/data-verifier.ts(314,6): error TS1109: Expression expected.
agents/migration/data-verifier.ts(321,6): error TS1109: Expression expected.
agents/migration/data-verifier.ts(328,6): error TS1109: Expression expected.
agents/migration/data-verifier.ts(335,6): error TS1109: Expression expected.
agents/migration/data-verifier.ts(342,6): error TS1109: Expression expected.
agents/migration/data-verifier.ts(349,17): error TS1005: ';' expected.
agents/migration/data-verifier.ts(356,6): error TS1109: Expression expected.
agents/migration/data-verifier.ts(363,19): error TS1005: ';' expected.
agents/migration/data-verifier.ts(375,3): error TS1434: Unexpected keyword or identifier.
agents/migration/data-verifier.ts(375,19): error TS1005: ';' expected.
agents/migration/data-verifier.ts(376,12): error TS1005: ':' expected.
agents/migration/data-verifier.ts(379,6): error TS1005: ',' expected.
agents/migration/generate-migration-plan.ts(18,26): error TS1005: '{' expected.
agents/migration/generate-migration-plan.ts(18,48): error TS1005: ';' expected.
agents/migration/generate-migration-plan.ts(25,22): error TS1005: '{' expected.
agents/migration/generate-migration-plan.ts(25,38): error TS1005: ';' expected.
agents/migration/generate-migration-plan.ts(25,116): error TS1005: ';' expected.
agents/migration/generate-migration-plan.ts(31,23): error TS1005: ',' expected.
agents/migration/generate-migration-plan.ts(31,29): error TS1005: ',' expected.
agents/migration/generate-migration-plan.ts(31,62): error TS1005: ';' expected.
agents/migration/generate-migration-plan.ts(38,3): error TS1434: Unexpected keyword or identifier.
agents/migration/generate-migration-plan.ts(38,28): error TS1109: Expression expected.
agents/migration/generate-migration-plan.ts(38,50): error TS1005: ';' expected.
agents/migration/generate-migration-plan.ts(38,64): error TS1109: Expression expected.
agents/migration/generate-migration-plan.ts(45,12): error TS1005: ';' expected.
agents/migration/generate-migration-plan.ts(45,14): error TS1434: Unexpected keyword or identifier.
agents/migration/generate-migration-plan.ts(52,3): error TS1434: Unexpected keyword or identifier.
agents/migration/generate-migration-plan.ts(52,19): error TS1005: ';' expected.
agents/migration/generate-migration-plan.ts(52,33): error TS1109: Expression expected.
agents/migration/generate-migration-plan.ts(59,16): error TS1005: ';' expected.
agents/migration/generate-migration-plan.ts(60,12): error TS1005: ':' expected.
agents/migration/generate-migration-plan.ts(65,6): error TS1005: ',' expected.
agents/migration/generate-migration-plan.ts(73,14): error TS1005: ';' expected.
agents/migration/generate-migration-plan.ts(80,26): error TS1005: ';' expected.
agents/migration/generate-migration-plan.ts(87,6): error TS1109: Expression expected.
agents/migration/generate-migration-plan.ts(94,16): error TS1005: ';' expected.
agents/migration/generate-migration-plan.ts(101,16): error TS1005: ';' expected.
agents/migration/generate-migration-plan.ts(108,16): error TS1005: ';' expected.
agents/migration/generate-migration-plan.ts(115,26): error TS1005: ';' expected.
agents/migration/generate-migration-plan.ts(122,6): error TS1109: Expression expected.
agents/migration/generate-migration-plan.ts(129,25): error TS1005: ';' expected.
agents/migration/generate-migration-plan.ts(136,6): error TS1109: Expression expected.
agents/migration/generate-migration-plan.ts(143,6): error TS1109: Expression expected.
agents/migration/generate-migration-plan.ts(150,6): error TS1109: Expression expected.
agents/migration/generate-migration-plan.ts(157,25): error TS1005: ';' expected.
agents/migration/generate-migration-plan.ts(164,29): error TS1005: ';' expected.
agents/migration/generate-migration-plan.ts(171,3): error TS1005: 'try' expected.
agents/migration/generate-migration-plan.ts(171,9): error TS1003: Identifier expected.
agents/migration/generate-migration-plan.ts(178,28): error TS1005: ';' expected.
agents/migration/generate-migration-plan.ts(185,27): error TS1005: ';' expected.
agents/migration/generate-migration-plan.ts(192,6): error TS1109: Expression expected.
agents/migration/generate-migration-plan.ts(199,6): error TS1109: Expression expected.
agents/migration/generate-migration-plan.ts(206,6): error TS1109: Expression expected.
agents/migration/generate-migration-plan.ts(213,6): error TS1109: Expression expected.
agents/migration/generate-migration-plan.ts(220,28): error TS1005: ';' expected.
agents/migration/generate-migration-plan.ts(227,29): error TS1005: ';' expected.
agents/migration/generate-migration-plan.ts(234,6): error TS1109: Expression expected.
agents/migration/generate-migration-plan.ts(241,28): error TS1005: ';' expected.
agents/migration/generate-migration-plan.ts(248,6): error TS1109: Expression expected.
agents/migration/generate-migration-plan.ts(255,6): error TS1109: Expression expected.
agents/migration/generate-migration-plan.ts(262,6): error TS1109: Expression expected.
agents/migration/generate-migration-plan.ts(269,7): error TS1109: Expression expected.
agents/migration/generate-migration-plan.ts(276,6): error TS1109: Expression expected.
agents/migration/generate-migration-plan.ts(283,20): error TS1005: ';' expected.
agents/migration/generate-migration-plan.ts(290,17): error TS1005: ';' expected.
agents/migration/generate-migration-plan.ts(297,21): error TS1005: ';' expected.
agents/migration/generate-migration-plan.ts(304,39): error TS1005: ';' expected.
agents/migration/generate-migration-plan.ts(311,6): error TS1109: Expression expected.
agents/migration/generate-migration-plan.ts(318,6): error TS1109: Expression expected.
agents/migration/generate-migration-plan.ts(325,31): error TS1005: ';' expected.
agents/migration/generate-migration-plan.ts(332,6): error TS1109: Expression expected.
agents/migration/generate-migration-plan.ts(339,22): error TS1005: ';' expected.
agents/migration/generate-migration-plan.ts(346,23): error TS1005: ';' expected.
agents/migration/generate-migration-plan.ts(353,18): error TS1005: ';' expected.
agents/migration/generate-migration-plan.ts(360,17): error TS1005: ';' expected.
agents/migration/generate-migration-plan.ts(367,29): error TS1005: ';' expected.
agents/migration/generate-migration-plan.ts(374,6): error TS1109: Expression expected.
agents/migration/generate-migration-plan.ts(381,6): error TS1109: Expression expected.
agents/migration/generate-migration-plan.ts(388,13): error TS1005: ';' expected.
agents/migration/generate-migration-plan.ts(395,6): error TS1109: Expression expected.
agents/migration/generate-migration-plan.ts(402,6): error TS1109: Expression expected.
agents/migration/generate-migration-plan.ts(409,3): error TS1005: 'try' expected.
agents/migration/generate-migration-plan.ts(409,9): error TS1003: Identifier expected.
agents/migration/generate-migration-plan.ts(416,6): error TS1109: Expression expected.
agents/migration/generate-migration-plan.ts(423,6): error TS1109: Expression expected.
agents/migration/generate-migration-plan.ts(430,6): error TS1109: Expression expected.
agents/migration/generate-migration-plan.ts(437,7): error TS1109: Expression expected.
agents/migration/generate-migration-plan.ts(444,6): error TS1109: Expression expected.
agents/migration/generate-migration-plan.ts(451,7): error TS1109: Expression expected.
agents/migration/generate-migration-plan.ts(458,7): error TS1109: Expression expected.
agents/migration/generate-migration-plan.ts(465,7): error TS1109: Expression expected.
agents/migration/generate-migration-plan.ts(472,7): error TS1109: Expression expected.
agents/migration/generate-migration-plan.ts(479,6): error TS1109: Expression expected.
agents/migration/generate-migration-plan.ts(486,22): error TS1005: ';' expected.
agents/migration/generate-migration-plan.ts(493,10): error TS1109: Expression expected.
agents/migration/generate-migration-plan.ts(500,25): error TS1005: ';' expected.
agents/migration/generate-migration-plan.ts(507,6): error TS1109: Expression expected.
agents/migration/generate-migration-plan.ts(514,29): error TS1005: ';' expected.
agents/migration/generate-migration-plan.ts(521,6): error TS1109: Expression expected.
agents/migration/generate-migration-plan.ts(528,30): error TS1005: ';' expected.
agents/migration/generate-migration-plan.ts(535,6): error TS1109: Expression expected.
agents/migration/generate-migration-plan.ts(542,23): error TS1005: ';' expected.
agents/migration/generate-migration-plan.ts(549,6): error TS1109: Expression expected.
agents/migration/generate-migration-plan.ts(556,6): error TS1109: Expression expected.
agents/migration/generate-migration-plan.ts(563,7): error TS1109: Expression expected.
agents/migration/generate-migration-plan.ts(570,6): error TS1109: Expression expected.
agents/migration/generate-migration-plan.ts(577,15): error TS1005: ';' expected.
agents/migration/generate-migration-plan.ts(584,10): error TS1005: ';' expected.
agents/migration/generate-migration-plan.ts(591,6): error TS1109: Expression expected.
agents/migration/generate-migration-plan.ts(598,3): error TS1005: 'try' expected.
agents/migration/generate-migration-plan.ts(598,9): error TS1003: Identifier expected.
agents/migration/generate-migration-plan.ts(605,6): error TS1109: Expression expected.
agents/migration/generate-migration-plan.ts(612,6): error TS1109: Expression expected.
agents/migration/generate-migration-plan.ts(624,3): error TS1434: Unexpected keyword or identifier.
agents/migration/generate-migration-plan.ts(624,19): error TS1005: ';' expected.
agents/migration/generate-migration-plan.ts(625,12): error TS1005: ':' expected.
agents/migration/generate-migration-plan.ts(628,6): error TS1005: ',' expected.
agents/migration/mysql-analyzer+optimizer.ts(17,23): error TS1005: '{' expected.
agents/migration/mysql-analyzer+optimizer.ts(17,49): error TS1005: ';' expected.
agents/migration/mysql-analyzer+optimizer.ts(24,19): error TS1005: '{' expected.
agents/migration/mysql-analyzer+optimizer.ts(24,39): error TS1005: ';' expected.
agents/migration/mysql-analyzer+optimizer.ts(24,116): error TS1005: ';' expected.
agents/migration/mysql-analyzer+optimizer.ts(30,23): error TS1005: ',' expected.
agents/migration/mysql-analyzer+optimizer.ts(30,29): error TS1005: ',' expected.
agents/migration/mysql-analyzer+optimizer.ts(30,63): error TS1005: ';' expected.
agents/migration/mysql-analyzer+optimizer.ts(37,3): error TS1434: Unexpected keyword or identifier.
agents/migration/mysql-analyzer+optimizer.ts(37,28): error TS1109: Expression expected.
agents/migration/mysql-analyzer+optimizer.ts(37,50): error TS1005: ';' expected.
agents/migration/mysql-analyzer+optimizer.ts(37,64): error TS1109: Expression expected.
agents/migration/mysql-analyzer+optimizer.ts(44,12): error TS1005: ';' expected.
agents/migration/mysql-analyzer+optimizer.ts(44,14): error TS1434: Unexpected keyword or identifier.
agents/migration/mysql-analyzer+optimizer.ts(51,3): error TS1434: Unexpected keyword or identifier.
agents/migration/mysql-analyzer+optimizer.ts(51,19): error TS1005: ';' expected.
agents/migration/mysql-analyzer+optimizer.ts(51,33): error TS1109: Expression expected.
agents/migration/mysql-analyzer+optimizer.ts(58,16): error TS1005: ';' expected.
agents/migration/mysql-analyzer+optimizer.ts(59,12): error TS1005: ':' expected.
agents/migration/mysql-analyzer+optimizer.ts(64,6): error TS1005: ',' expected.
agents/migration/mysql-analyzer+optimizer.ts(77,3): error TS1434: Unexpected keyword or identifier.
agents/migration/mysql-analyzer+optimizer.ts(77,19): error TS1005: ';' expected.
agents/migration/mysql-analyzer+optimizer.ts(78,12): error TS1005: ':' expected.
agents/migration/mysql-analyzer+optimizer.ts(81,6): error TS1005: ',' expected.
agents/migration/mysql-analyzer/agents/migration-strategist.ts(18,27): error TS1005: '{' expected.
agents/migration/mysql-analyzer/agents/migration-strategist.ts(18,45): error TS1005: ';' expected.
agents/migration/mysql-analyzer/agents/migration-strategist.ts(25,23): error TS1005: '{' expected.
agents/migration/mysql-analyzer/agents/migration-strategist.ts(25,35): error TS1005: ';' expected.
agents/migration/mysql-analyzer/agents/migration-strategist.ts(25,126): error TS1005: ';' expected.
agents/migration/mysql-analyzer/agents/migration-strategist.ts(31,23): error TS1005: ',' expected.
agents/migration/mysql-analyzer/agents/migration-strategist.ts(31,29): error TS1005: ',' expected.
agents/migration/mysql-analyzer/agents/migration-strategist.ts(31,59): error TS1005: ';' expected.
agents/migration/mysql-analyzer/agents/migration-strategist.ts(38,3): error TS1434: Unexpected keyword or identifier.
agents/migration/mysql-analyzer/agents/migration-strategist.ts(38,28): error TS1109: Expression expected.
agents/migration/mysql-analyzer/agents/migration-strategist.ts(38,50): error TS1005: ';' expected.
agents/migration/mysql-analyzer/agents/migration-strategist.ts(38,64): error TS1109: Expression expected.
agents/migration/mysql-analyzer/agents/migration-strategist.ts(45,12): error TS1005: ';' expected.
agents/migration/mysql-analyzer/agents/migration-strategist.ts(45,14): error TS1434: Unexpected keyword or identifier.
agents/migration/mysql-analyzer/agents/migration-strategist.ts(52,3): error TS1434: Unexpected keyword or identifier.
agents/migration/mysql-analyzer/agents/migration-strategist.ts(52,19): error TS1005: ';' expected.
agents/migration/mysql-analyzer/agents/migration-strategist.ts(52,33): error TS1109: Expression expected.
agents/migration/mysql-analyzer/agents/migration-strategist.ts(59,16): error TS1005: ';' expected.
agents/migration/mysql-analyzer/agents/migration-strategist.ts(60,12): error TS1005: ':' expected.
agents/migration/mysql-analyzer/agents/migration-strategist.ts(65,6): error TS1005: ',' expected.
agents/migration/mysql-analyzer/agents/migration-strategist.ts(73,28): error TS1005: ';' expected.
agents/migration/mysql-analyzer/agents/migration-strategist.ts(80,26): error TS1005: ';' expected.
agents/migration/mysql-analyzer/agents/migration-strategist.ts(87,24): error TS1005: ';' expected.
agents/migration/mysql-analyzer/agents/migration-strategist.ts(94,6): error TS1109: Expression expected.
agents/migration/mysql-analyzer/agents/migration-strategist.ts(101,6): error TS1109: Expression expected.
agents/migration/mysql-analyzer/agents/migration-strategist.ts(108,33): error TS1005: ';' expected.
agents/migration/mysql-analyzer/agents/migration-strategist.ts(115,6): error TS1109: Expression expected.
agents/migration/mysql-analyzer/agents/migration-strategist.ts(122,6): error TS1109: Expression expected.
agents/migration/mysql-analyzer/agents/migration-strategist.ts(129,6): error TS1109: Expression expected.
agents/migration/mysql-analyzer/agents/migration-strategist.ts(136,35): error TS1005: ';' expected.
agents/migration/mysql-analyzer/agents/migration-strategist.ts(143,29): error TS1005: ';' expected.
agents/migration/mysql-analyzer/agents/migration-strategist.ts(150,6): error TS1109: Expression expected.
agents/migration/mysql-analyzer/agents/migration-strategist.ts(157,6): error TS1109: Expression expected.
agents/migration/mysql-analyzer/agents/migration-strategist.ts(164,6): error TS1109: Expression expected.
agents/migration/mysql-analyzer/agents/migration-strategist.ts(171,6): error TS1109: Expression expected.
agents/migration/mysql-analyzer/agents/migration-strategist.ts(178,6): error TS1109: Expression expected.
agents/migration/mysql-analyzer/agents/migration-strategist.ts(185,6): error TS1109: Expression expected.
agents/migration/mysql-analyzer/agents/migration-strategist.ts(192,6): error TS1109: Expression expected.
agents/migration/mysql-analyzer/agents/migration-strategist.ts(199,6): error TS1109: Expression expected.
agents/migration/mysql-analyzer/agents/migration-strategist.ts(206,6): error TS1109: Expression expected.
agents/migration/mysql-analyzer/agents/migration-strategist.ts(213,6): error TS1109: Expression expected.
agents/migration/mysql-analyzer/agents/migration-strategist.ts(220,6): error TS1109: Expression expected.
agents/migration/mysql-analyzer/agents/migration-strategist.ts(227,13): error TS1005: ';' expected.
agents/migration/mysql-analyzer/agents/migration-strategist.ts(234,19): error TS1005: ';' expected.
agents/migration/mysql-analyzer/agents/migration-strategist.ts(241,6): error TS1109: Expression expected.
agents/migration/mysql-analyzer/agents/migration-strategist.ts(248,13): error TS1005: ';' expected.
agents/migration/mysql-analyzer/agents/migration-strategist.ts(255,6): error TS1109: Expression expected.
agents/migration/mysql-analyzer/agents/migration-strategist.ts(262,37): error TS1005: ';' expected.
agents/migration/mysql-analyzer/agents/migration-strategist.ts(269,13): error TS1005: ';' expected.
agents/migration/mysql-analyzer/agents/migration-strategist.ts(276,6): error TS1109: Expression expected.
agents/migration/mysql-analyzer/agents/migration-strategist.ts(283,39): error TS1005: ';' expected.
agents/migration/mysql-analyzer/agents/migration-strategist.ts(290,6): error TS1109: Expression expected.
agents/migration/mysql-analyzer/agents/migration-strategist.ts(297,6): error TS1109: Expression expected.
agents/migration/mysql-analyzer/agents/migration-strategist.ts(304,6): error TS1109: Expression expected.
agents/migration/mysql-analyzer/agents/migration-strategist.ts(311,32): error TS1005: ';' expected.
agents/migration/mysql-analyzer/agents/migration-strategist.ts(318,6): error TS1109: Expression expected.
agents/migration/mysql-analyzer/agents/migration-strategist.ts(325,6): error TS1109: Expression expected.
agents/migration/mysql-analyzer/agents/migration-strategist.ts(332,6): error TS1109: Expression expected.
agents/migration/mysql-analyzer/agents/migration-strategist.ts(339,6): error TS1109: Expression expected.
agents/migration/mysql-analyzer/agents/migration-strategist.ts(346,6): error TS1109: Expression expected.
agents/migration/mysql-analyzer/agents/migration-strategist.ts(353,6): error TS1109: Expression expected.
agents/migration/mysql-analyzer/agents/migration-strategist.ts(360,39): error TS1005: ';' expected.
agents/migration/mysql-analyzer/agents/migration-strategist.ts(367,13): error TS1005: ';' expected.
agents/migration/mysql-analyzer/agents/migration-strategist.ts(374,22): error TS1005: ';' expected.
agents/migration/mysql-analyzer/agents/migration-strategist.ts(381,6): error TS1109: Expression expected.
agents/migration/mysql-analyzer/agents/migration-strategist.ts(388,6): error TS1109: Expression expected.
agents/migration/mysql-analyzer/agents/migration-strategist.ts(395,18): error TS1005: ';' expected.
agents/migration/mysql-analyzer/agents/migration-strategist.ts(402,18): error TS1005: ';' expected.
agents/migration/mysql-analyzer/agents/migration-strategist.ts(409,21): error TS1005: ';' expected.
agents/migration/mysql-analyzer/agents/migration-strategist.ts(416,11): error TS1005: ';' expected.
agents/migration/mysql-analyzer/agents/migration-strategist.ts(423,19): error TS1005: ';' expected.
agents/migration/mysql-analyzer/agents/migration-strategist.ts(430,6): error TS1109: Expression expected.
agents/migration/mysql-analyzer/agents/migration-strategist.ts(437,3): error TS1005: 'try' expected.
agents/migration/mysql-analyzer/agents/migration-strategist.ts(437,9): error TS1003: Identifier expected.
agents/migration/mysql-analyzer/agents/migration-strategist.ts(449,3): error TS1434: Unexpected keyword or identifier.
agents/migration/mysql-analyzer/agents/migration-strategist.ts(449,19): error TS1005: ';' expected.
agents/migration/mysql-analyzer/agents/migration-strategist.ts(450,12): error TS1005: ':' expected.
agents/migration/mysql-analyzer/agents/migration-strategist.ts(453,6): error TS1005: ',' expected.
agents/migration/mysql-analyzer/agents/prisma-generator.ts(375,3): error TS1434: Unexpected keyword or identifier.
agents/migration/mysql-analyzer/agents/prisma-generator.ts(375,28): error TS1109: Expression expected.
agents/migration/mysql-analyzer/agents/prisma-generator.ts(375,50): error TS1005: ';' expected.
agents/migration/mysql-analyzer/agents/prisma-generator.ts(375,64): error TS1109: Expression expected.
agents/migration/mysql-analyzer/agents/prisma-generator.ts(377,12): error TS1005: ',' expected.
agents/migration/mysql-analyzer/agents/prisma-generator.ts(377,52): error TS1005: ',' expected.
agents/migration/mysql-analyzer/agents/prisma-generator.ts(383,12): error TS1005: ';' expected.
agents/migration/mysql-analyzer/agents/prisma-generator.ts(383,14): error TS1434: Unexpected keyword or identifier.
agents/migration/mysql-analyzer/agents/prisma-generator.ts(390,3): error TS1434: Unexpected keyword or identifier.
agents/migration/mysql-analyzer/agents/prisma-generator.ts(390,19): error TS1005: ';' expected.
agents/migration/mysql-analyzer/agents/prisma-generator.ts(390,33): error TS1109: Expression expected.
agents/migration/mysql-analyzer/agents/prisma-generator.ts(391,12): error TS1005: ',' expected.
agents/migration/mysql-analyzer/agents/prisma-generator.ts(391,43): error TS1005: ',' expected.
agents/migration/mysql-analyzer/agents/prisma-generator.ts(397,16): error TS1005: ';' expected.
agents/migration/mysql-analyzer/agents/prisma-generator.ts(398,12): error TS1005: ':' expected.
agents/migration/mysql-analyzer/agents/prisma-generator.ts(403,6): error TS1005: ',' expected.
agents/migration/mysql-analyzer/agents/prisma-generator.ts(409,3): error TS1434: Unexpected keyword or identifier.
agents/migration/mysql-analyzer/agents/prisma-generator.ts(409,19): error TS1005: ';' expected.
agents/migration/mysql-analyzer/agents/prisma-generator.ts(410,12): error TS1005: ':' expected.
agents/migration/mysql-analyzer/agents/prisma-generator.ts(413,6): error TS1005: ',' expected.
agents/migration/mysql-analyzer/core/parser.ts(11,1): error TS1003: Identifier expected.
agents/migration/mysql-analyzer/core/parser.ts(11,8): error TS1005: ',' expected.
agents/migration/mysql-analyzer/core/parser.ts(11,26): error TS1005: ';' expected.
agents/migration/mysql-analyzer/core/prisma-generator.ts(375,3): error TS1434: Unexpected keyword or identifier.
agents/migration/mysql-analyzer/core/prisma-generator.ts(375,28): error TS1109: Expression expected.
agents/migration/mysql-analyzer/core/prisma-generator.ts(375,50): error TS1005: ';' expected.
agents/migration/mysql-analyzer/core/prisma-generator.ts(375,64): error TS1109: Expression expected.
agents/migration/mysql-analyzer/core/prisma-generator.ts(377,12): error TS1005: ',' expected.
agents/migration/mysql-analyzer/core/prisma-generator.ts(377,52): error TS1005: ',' expected.
agents/migration/mysql-analyzer/core/prisma-generator.ts(383,12): error TS1005: ';' expected.
agents/migration/mysql-analyzer/core/prisma-generator.ts(383,14): error TS1434: Unexpected keyword or identifier.
agents/migration/mysql-analyzer/core/prisma-generator.ts(390,3): error TS1434: Unexpected keyword or identifier.
agents/migration/mysql-analyzer/core/prisma-generator.ts(390,19): error TS1005: ';' expected.
agents/migration/mysql-analyzer/core/prisma-generator.ts(390,33): error TS1109: Expression expected.
agents/migration/mysql-analyzer/core/prisma-generator.ts(391,12): error TS1005: ',' expected.
agents/migration/mysql-analyzer/core/prisma-generator.ts(391,43): error TS1005: ',' expected.
agents/migration/mysql-analyzer/core/prisma-generator.ts(397,16): error TS1005: ';' expected.
agents/migration/mysql-analyzer/core/prisma-generator.ts(398,12): error TS1005: ':' expected.
agents/migration/mysql-analyzer/core/prisma-generator.ts(403,6): error TS1005: ',' expected.
agents/migration/mysql-analyzer/core/prisma-generator.ts(409,3): error TS1434: Unexpected keyword or identifier.
agents/migration/mysql-analyzer/core/prisma-generator.ts(409,19): error TS1005: ';' expected.
agents/migration/mysql-analyzer/core/prisma-generator.ts(410,12): error TS1005: ':' expected.
agents/migration/mysql-analyzer/core/prisma-generator.ts(413,6): error TS1005: ',' expected.
agents/migration/mysql-analyzer/core/relation-analyzer.ts(19,26): error TS1005: '{' expected.
agents/migration/mysql-analyzer/core/relation-analyzer.ts(19,42): error TS1005: ';' expected.
agents/migration/mysql-analyzer/core/relation-analyzer.ts(26,22): error TS1005: '{' expected.
agents/migration/mysql-analyzer/core/relation-analyzer.ts(26,32): error TS1005: ';' expected.
agents/migration/mysql-analyzer/core/relation-analyzer.ts(26,109): error TS1005: ';' expected.
agents/migration/mysql-analyzer/core/relation-analyzer.ts(32,23): error TS1005: ',' expected.
agents/migration/mysql-analyzer/core/relation-analyzer.ts(32,29): error TS1005: ',' expected.
agents/migration/mysql-analyzer/core/relation-analyzer.ts(32,56): error TS1005: ';' expected.
agents/migration/mysql-analyzer/core/relation-analyzer.ts(39,3): error TS1434: Unexpected keyword or identifier.
agents/migration/mysql-analyzer/core/relation-analyzer.ts(39,28): error TS1109: Expression expected.
agents/migration/mysql-analyzer/core/relation-analyzer.ts(39,50): error TS1005: ';' expected.
agents/migration/mysql-analyzer/core/relation-analyzer.ts(39,64): error TS1109: Expression expected.
agents/migration/mysql-analyzer/core/relation-analyzer.ts(46,12): error TS1005: ';' expected.
agents/migration/mysql-analyzer/core/relation-analyzer.ts(46,14): error TS1434: Unexpected keyword or identifier.
agents/migration/mysql-analyzer/core/relation-analyzer.ts(53,3): error TS1434: Unexpected keyword or identifier.
agents/migration/mysql-analyzer/core/relation-analyzer.ts(53,19): error TS1005: ';' expected.
agents/migration/mysql-analyzer/core/relation-analyzer.ts(53,33): error TS1109: Expression expected.
agents/migration/mysql-analyzer/core/relation-analyzer.ts(60,16): error TS1005: ';' expected.
agents/migration/mysql-analyzer/core/relation-analyzer.ts(61,12): error TS1005: ':' expected.
agents/migration/mysql-analyzer/core/relation-analyzer.ts(66,6): error TS1005: ',' expected.
agents/migration/mysql-analyzer/core/relation-analyzer.ts(74,16): error TS1005: ';' expected.
agents/migration/mysql-analyzer/core/relation-analyzer.ts(81,6): error TS1109: Expression expected.
agents/migration/mysql-analyzer/core/relation-analyzer.ts(88,3): error TS1005: 'try' expected.
agents/migration/mysql-analyzer/core/relation-analyzer.ts(88,9): error TS1003: Identifier expected.
agents/migration/mysql-analyzer/core/relation-analyzer.ts(95,13): error TS1005: ';' expected.
agents/migration/mysql-analyzer/core/relation-analyzer.ts(102,6): error TS1109: Expression expected.
agents/migration/mysql-analyzer/core/relation-analyzer.ts(109,6): error TS1109: Expression expected.
agents/migration/mysql-analyzer/core/relation-analyzer.ts(116,6): error TS1109: Expression expected.
agents/migration/mysql-analyzer/core/relation-analyzer.ts(123,30): error TS1005: ';' expected.
agents/migration/mysql-analyzer/core/relation-analyzer.ts(130,7): error TS1109: Expression expected.
agents/migration/mysql-analyzer/core/relation-analyzer.ts(137,7): error TS1109: Expression expected.
agents/migration/mysql-analyzer/core/relation-analyzer.ts(144,6): error TS1109: Expression expected.
agents/migration/mysql-analyzer/core/relation-analyzer.ts(151,29): error TS1005: ';' expected.
agents/migration/mysql-analyzer/core/relation-analyzer.ts(158,7): error TS1109: Expression expected.
agents/migration/mysql-analyzer/core/relation-analyzer.ts(165,7): error TS1109: Expression expected.
agents/migration/mysql-analyzer/core/relation-analyzer.ts(172,6): error TS1109: Expression expected.
agents/migration/mysql-analyzer/core/relation-analyzer.ts(179,6): error TS1109: Expression expected.
agents/migration/mysql-analyzer/core/relation-analyzer.ts(186,6): error TS1109: Expression expected.
agents/migration/mysql-analyzer/core/relation-analyzer.ts(193,6): error TS1109: Expression expected.
agents/migration/mysql-analyzer/core/relation-analyzer.ts(200,24): error TS1005: ';' expected.
agents/migration/mysql-analyzer/core/relation-analyzer.ts(207,7): error TS1109: Expression expected.
agents/migration/mysql-analyzer/core/relation-analyzer.ts(214,7): error TS1109: Expression expected.
agents/migration/mysql-analyzer/core/relation-analyzer.ts(221,6): error TS1109: Expression expected.
agents/migration/mysql-analyzer/core/relation-analyzer.ts(228,6): error TS1109: Expression expected.
agents/migration/mysql-analyzer/core/relation-analyzer.ts(235,7): error TS1109: Expression expected.
agents/migration/mysql-analyzer/core/relation-analyzer.ts(242,6): error TS1109: Expression expected.
agents/migration/mysql-analyzer/core/relation-analyzer.ts(249,38): error TS1005: ';' expected.
agents/migration/mysql-analyzer/core/relation-analyzer.ts(256,6): error TS1109: Expression expected.
agents/migration/mysql-analyzer/core/relation-analyzer.ts(263,15): error TS1005: ';' expected.
agents/migration/mysql-analyzer/core/relation-analyzer.ts(270,23): error TS1005: ';' expected.
agents/migration/mysql-analyzer/core/relation-analyzer.ts(277,7): error TS1109: Expression expected.
agents/migration/mysql-analyzer/core/relation-analyzer.ts(284,6): error TS1109: Expression expected.
agents/migration/mysql-analyzer/core/relation-analyzer.ts(291,6): error TS1109: Expression expected.
agents/migration/mysql-analyzer/core/relation-analyzer.ts(298,6): error TS1109: Expression expected.
agents/migration/mysql-analyzer/core/relation-analyzer.ts(305,6): error TS1109: Expression expected.
agents/migration/mysql-analyzer/core/relation-analyzer.ts(312,26): error TS1005: ';' expected.
agents/migration/mysql-analyzer/core/relation-analyzer.ts(319,7): error TS1109: Expression expected.
agents/migration/mysql-analyzer/core/relation-analyzer.ts(326,6): error TS1109: Expression expected.
agents/migration/mysql-analyzer/core/relation-analyzer.ts(333,6): error TS1109: Expression expected.
agents/migration/mysql-analyzer/core/relation-analyzer.ts(340,7): error TS1109: Expression expected.
agents/migration/mysql-analyzer/core/relation-analyzer.ts(347,21): error TS1005: ';' expected.
agents/migration/mysql-analyzer/core/relation-analyzer.ts(354,25): error TS1005: ';' expected.
agents/migration/mysql-analyzer/core/relation-analyzer.ts(361,7): error TS1109: Expression expected.
agents/migration/mysql-analyzer/core/relation-analyzer.ts(368,35): error TS1005: ';' expected.
agents/migration/mysql-analyzer/core/relation-analyzer.ts(375,7): error TS1109: Expression expected.
agents/migration/mysql-analyzer/core/relation-analyzer.ts(382,6): error TS1109: Expression expected.
agents/migration/mysql-analyzer/core/relation-analyzer.ts(389,33): error TS1005: ';' expected.
agents/migration/mysql-analyzer/core/relation-analyzer.ts(396,6): error TS1109: Expression expected.
agents/migration/mysql-analyzer/core/relation-analyzer.ts(403,6): error TS1109: Expression expected.
agents/migration/mysql-analyzer/core/relation-analyzer.ts(410,6): error TS1109: Expression expected.
agents/migration/mysql-analyzer/core/relation-analyzer.ts(417,25): error TS1005: ';' expected.
agents/migration/mysql-analyzer/core/relation-analyzer.ts(424,6): error TS1109: Expression expected.
agents/migration/mysql-analyzer/core/relation-analyzer.ts(431,15): error TS1005: ';' expected.
agents/migration/mysql-analyzer/core/relation-analyzer.ts(438,17): error TS1005: ';' expected.
agents/migration/mysql-analyzer/core/relation-analyzer.ts(445,25): error TS1005: ';' expected.
agents/migration/mysql-analyzer/core/relation-analyzer.ts(452,3): error TS1005: 'try' expected.
agents/migration/mysql-analyzer/core/relation-analyzer.ts(452,9): error TS1003: Identifier expected.
agents/migration/mysql-analyzer/core/relation-analyzer.ts(459,6): error TS1109: Expression expected.
agents/migration/mysql-analyzer/core/relation-analyzer.ts(466,35): error TS1005: ';' expected.
agents/migration/mysql-analyzer/core/relation-analyzer.ts(473,6): error TS1109: Expression expected.
agents/migration/mysql-analyzer/core/relation-analyzer.ts(480,7): error TS1109: Expression expected.
agents/migration/mysql-analyzer/core/relation-analyzer.ts(487,7): error TS1109: Expression expected.
agents/migration/mysql-analyzer/core/relation-analyzer.ts(494,6): error TS1109: Expression expected.
agents/migration/mysql-analyzer/core/relation-analyzer.ts(501,6): error TS1109: Expression expected.
agents/migration/mysql-analyzer/core/relation-analyzer.ts(508,6): error TS1109: Expression expected.
agents/migration/mysql-analyzer/core/relation-analyzer.ts(515,14): error TS1005: ';' expected.
agents/migration/mysql-analyzer/core/relation-analyzer.ts(522,6): error TS1109: Expression expected.
agents/migration/mysql-analyzer/core/relation-analyzer.ts(529,7): error TS1109: Expression expected.
agents/migration/mysql-analyzer/core/relation-analyzer.ts(536,6): error TS1109: Expression expected.
agents/migration/mysql-analyzer/core/relation-analyzer.ts(543,14): error TS1005: ';' expected.
agents/migration/mysql-analyzer/core/relation-analyzer.ts(550,6): error TS1109: Expression expected.
agents/migration/mysql-analyzer/core/relation-analyzer.ts(557,7): error TS1109: Expression expected.
agents/migration/mysql-analyzer/core/relation-analyzer.ts(564,6): error TS1109: Expression expected.
agents/migration/mysql-analyzer/core/relation-analyzer.ts(571,7): error TS1109: Expression expected.
agents/migration/mysql-analyzer/core/relation-analyzer.ts(578,6): error TS1109: Expression expected.
agents/migration/mysql-analyzer/core/relation-analyzer.ts(585,7): error TS1109: Expression expected.
agents/migration/mysql-analyzer/core/relation-analyzer.ts(592,10): error TS1005: ';' expected.
agents/migration/mysql-analyzer/core/relation-analyzer.ts(599,3): error TS1005: 'try' expected.
agents/migration/mysql-analyzer/core/relation-analyzer.ts(599,9): error TS1003: Identifier expected.
agents/migration/mysql-analyzer/core/relation-analyzer.ts(606,6): error TS1109: Expression expected.
agents/migration/mysql-analyzer/core/relation-analyzer.ts(618,3): error TS1434: Unexpected keyword or identifier.
agents/migration/mysql-analyzer/core/relation-analyzer.ts(618,19): error TS1005: ';' expected.
agents/migration/mysql-analyzer/core/relation-analyzer.ts(619,12): error TS1005: ':' expected.
agents/migration/mysql-analyzer/core/relation-analyzer.ts(622,6): error TS1005: ',' expected.
agents/migration/mysql-analyzer/core/schema-analyzer.ts(11,1): error TS1003: Identifier expected.
agents/migration/mysql-analyzer/core/schema-analyzer.ts(11,8): error TS1005: ',' expected.
agents/migration/mysql-analyzer/core/schema-analyzer.ts(11,26): error TS1005: ';' expected.
agents/migration/mysql-to-pg.ts(19,23): error TS1005: '{' expected.
agents/migration/mysql-to-pg.ts(19,36): error TS1005: ';' expected.
agents/migration/mysql-to-pg.ts(26,19): error TS1005: '{' expected.
agents/migration/mysql-to-pg.ts(26,26): error TS1005: ';' expected.
agents/migration/mysql-to-pg.ts(26,102): error TS1005: ';' expected.
agents/migration/mysql-to-pg.ts(32,23): error TS1005: ',' expected.
agents/migration/mysql-to-pg.ts(32,29): error TS1005: ',' expected.
agents/migration/mysql-to-pg.ts(32,50): error TS1005: ';' expected.
agents/migration/mysql-to-pg.ts(39,3): error TS1434: Unexpected keyword or identifier.
agents/migration/mysql-to-pg.ts(39,28): error TS1109: Expression expected.
agents/migration/mysql-to-pg.ts(39,50): error TS1005: ';' expected.
agents/migration/mysql-to-pg.ts(39,64): error TS1109: Expression expected.
agents/migration/mysql-to-pg.ts(46,12): error TS1005: ';' expected.
agents/migration/mysql-to-pg.ts(46,14): error TS1434: Unexpected keyword or identifier.
agents/migration/mysql-to-pg.ts(53,3): error TS1434: Unexpected keyword or identifier.
agents/migration/mysql-to-pg.ts(53,19): error TS1005: ';' expected.
agents/migration/mysql-to-pg.ts(53,33): error TS1109: Expression expected.
agents/migration/mysql-to-pg.ts(60,16): error TS1005: ';' expected.
agents/migration/mysql-to-pg.ts(61,12): error TS1005: ':' expected.
agents/migration/mysql-to-pg.ts(66,6): error TS1005: ',' expected.
agents/migration/mysql-to-pg.ts(74,10): error TS1005: ';' expected.
agents/migration/mysql-to-pg.ts(81,6): error TS1109: Expression expected.
agents/migration/mysql-to-pg.ts(88,6): error TS1109: Expression expected.
agents/migration/mysql-to-pg.ts(95,6): error TS1109: Expression expected.
agents/migration/mysql-to-pg.ts(102,7): error TS1109: Expression expected.
agents/migration/mysql-to-pg.ts(109,6): error TS1109: Expression expected.
agents/migration/mysql-to-pg.ts(116,7): error TS1109: Expression expected.
agents/migration/mysql-to-pg.ts(123,12): error TS1005: ';' expected.
agents/migration/mysql-to-pg.ts(130,6): error TS1109: Expression expected.
agents/migration/mysql-to-pg.ts(137,7): error TS1109: Expression expected.
agents/migration/mysql-to-pg.ts(144,6): error TS1109: Expression expected.
agents/migration/mysql-to-pg.ts(151,3): error TS1005: 'try' expected.
agents/migration/mysql-to-pg.ts(151,9): error TS1003: Identifier expected.
agents/migration/mysql-to-pg.ts(158,18): error TS1005: ';' expected.
agents/migration/mysql-to-pg.ts(165,7): error TS1109: Expression expected.
agents/migration/mysql-to-pg.ts(172,6): error TS1109: Expression expected.
agents/migration/mysql-to-pg.ts(179,7): error TS1109: Expression expected.
agents/migration/mysql-to-pg.ts(186,6): error TS1109: Expression expected.
agents/migration/mysql-to-pg.ts(193,30): error TS1005: ';' expected.
agents/migration/mysql-to-pg.ts(200,7): error TS1109: Expression expected.
agents/migration/mysql-to-pg.ts(207,6): error TS1109: Expression expected.
agents/migration/mysql-to-pg.ts(214,6): error TS1109: Expression expected.
agents/migration/mysql-to-pg.ts(221,7): error TS1109: Expression expected.
agents/migration/mysql-to-pg.ts(228,6): error TS1109: Expression expected.
agents/migration/mysql-to-pg.ts(235,6): error TS1109: Expression expected.
agents/migration/mysql-to-pg.ts(242,6): error TS1109: Expression expected.
agents/migration/mysql-to-pg.ts(254,3): error TS1434: Unexpected keyword or identifier.
agents/migration/mysql-to-pg.ts(254,19): error TS1005: ';' expected.
agents/migration/mysql-to-pg.ts(255,12): error TS1005: ':' expected.
agents/migration/mysql-to-pg.ts(258,6): error TS1005: ',' expected.
agents/migration/mysql-to-postgresql.ts(23,23): error TS1005: '{' expected.
agents/migration/mysql-to-postgresql.ts(23,44): error TS1005: ';' expected.
agents/migration/mysql-to-postgresql.ts(30,19): error TS1005: '{' expected.
agents/migration/mysql-to-postgresql.ts(30,34): error TS1005: ';' expected.
agents/migration/mysql-to-postgresql.ts(30,110): error TS1005: ';' expected.
agents/migration/mysql-to-postgresql.ts(36,23): error TS1005: ',' expected.
agents/migration/mysql-to-postgresql.ts(36,29): error TS1005: ',' expected.
agents/migration/mysql-to-postgresql.ts(36,58): error TS1005: ';' expected.
agents/migration/mysql-to-postgresql.ts(43,3): error TS1434: Unexpected keyword or identifier.
agents/migration/mysql-to-postgresql.ts(43,28): error TS1109: Expression expected.
agents/migration/mysql-to-postgresql.ts(43,50): error TS1005: ';' expected.
agents/migration/mysql-to-postgresql.ts(43,64): error TS1109: Expression expected.
agents/migration/mysql-to-postgresql.ts(50,12): error TS1005: ';' expected.
agents/migration/mysql-to-postgresql.ts(50,14): error TS1434: Unexpected keyword or identifier.
agents/migration/mysql-to-postgresql.ts(57,3): error TS1434: Unexpected keyword or identifier.
agents/migration/mysql-to-postgresql.ts(57,19): error TS1005: ';' expected.
agents/migration/mysql-to-postgresql.ts(57,33): error TS1109: Expression expected.
agents/migration/mysql-to-postgresql.ts(64,16): error TS1005: ';' expected.
agents/migration/mysql-to-postgresql.ts(65,12): error TS1005: ':' expected.
agents/migration/mysql-to-postgresql.ts(70,6): error TS1005: ',' expected.
agents/migration/mysql-to-postgresql.ts(78,10): error TS1005: ';' expected.
agents/migration/mysql-to-postgresql.ts(85,6): error TS1109: Expression expected.
agents/migration/mysql-to-postgresql.ts(92,3): error TS1005: 'try' expected.
agents/migration/mysql-to-postgresql.ts(92,9): error TS1003: Identifier expected.
agents/migration/mysql-to-postgresql.ts(99,6): error TS1109: Expression expected.
agents/migration/mysql-to-postgresql.ts(106,6): error TS1109: Expression expected.
agents/migration/mysql-to-postgresql.ts(113,6): error TS1109: Expression expected.
agents/migration/mysql-to-postgresql.ts(120,6): error TS1109: Expression expected.
agents/migration/mysql-to-postgresql.ts(127,6): error TS1109: Expression expected.
agents/migration/mysql-to-postgresql.ts(134,3): error TS1005: 'try' expected.
agents/migration/mysql-to-postgresql.ts(134,9): error TS1003: Identifier expected.
agents/migration/mysql-to-postgresql.ts(141,23): error TS1005: ';' expected.
agents/migration/mysql-to-postgresql.ts(148,6): error TS1109: Expression expected.
agents/migration/mysql-to-postgresql.ts(155,6): error TS1109: Expression expected.
agents/migration/mysql-to-postgresql.ts(162,6): error TS1109: Expression expected.
agents/migration/mysql-to-postgresql.ts(169,6): error TS1109: Expression expected.
agents/migration/mysql-to-postgresql.ts(176,7): error TS1109: Expression expected.
agents/migration/mysql-to-postgresql.ts(183,6): error TS1109: Expression expected.
agents/migration/mysql-to-postgresql.ts(190,3): error TS1005: 'try' expected.
agents/migration/mysql-to-postgresql.ts(190,9): error TS1003: Identifier expected.
agents/migration/mysql-to-postgresql.ts(197,6): error TS1109: Expression expected.
agents/migration/mysql-to-postgresql.ts(204,22): error TS1005: ';' expected.
agents/migration/mysql-to-postgresql.ts(211,6): error TS1109: Expression expected.
agents/migration/mysql-to-postgresql.ts(218,7): error TS1109: Expression expected.
agents/migration/mysql-to-postgresql.ts(225,6): error TS1109: Expression expected.
agents/migration/mysql-to-postgresql.ts(232,7): error TS1109: Expression expected.
agents/migration/mysql-to-postgresql.ts(239,7): error TS1109: Expression expected.
agents/migration/mysql-to-postgresql.ts(246,6): error TS1109: Expression expected.
agents/migration/mysql-to-postgresql.ts(253,3): error TS1005: 'try' expected.
agents/migration/mysql-to-postgresql.ts(253,9): error TS1003: Identifier expected.
agents/migration/mysql-to-postgresql.ts(260,6): error TS1109: Expression expected.
agents/migration/mysql-to-postgresql.ts(267,6): error TS1109: Expression expected.
agents/migration/mysql-to-postgresql.ts(274,7): error TS1109: Expression expected.
agents/migration/mysql-to-postgresql.ts(281,22): error TS1005: ';' expected.
agents/migration/mysql-to-postgresql.ts(288,6): error TS1109: Expression expected.
agents/migration/mysql-to-postgresql.ts(295,19): error TS1005: ';' expected.
agents/migration/mysql-to-postgresql.ts(302,18): error TS1005: ';' expected.
agents/migration/mysql-to-postgresql.ts(309,7): error TS1109: Expression expected.
agents/migration/mysql-to-postgresql.ts(316,6): error TS1109: Expression expected.
agents/migration/mysql-to-postgresql.ts(323,6): error TS1109: Expression expected.
agents/migration/mysql-to-postgresql.ts(330,6): error TS1109: Expression expected.
agents/migration/mysql-to-postgresql.ts(337,19): error TS1005: ';' expected.
agents/migration/mysql-to-postgresql.ts(344,6): error TS1109: Expression expected.
agents/migration/mysql-to-postgresql.ts(351,7): error TS1109: Expression expected.
agents/migration/mysql-to-postgresql.ts(358,6): error TS1109: Expression expected.
agents/migration/mysql-to-postgresql.ts(365,6): error TS1109: Expression expected.
agents/migration/mysql-to-postgresql.ts(372,6): error TS1109: Expression expected.
agents/migration/mysql-to-postgresql.ts(379,6): error TS1109: Expression expected.
agents/migration/mysql-to-postgresql.ts(386,6): error TS1109: Expression expected.
agents/migration/mysql-to-postgresql.ts(393,6): error TS1109: Expression expected.
agents/migration/mysql-to-postgresql.ts(400,6): error TS1109: Expression expected.
agents/migration/mysql-to-postgresql.ts(407,7): error TS1109: Expression expected.
agents/migration/mysql-to-postgresql.ts(414,3): error TS1005: 'try' expected.
agents/migration/mysql-to-postgresql.ts(414,9): error TS1003: Identifier expected.
agents/migration/mysql-to-postgresql.ts(421,6): error TS1109: Expression expected.
agents/migration/mysql-to-postgresql.ts(428,23): error TS1005: ';' expected.
agents/migration/mysql-to-postgresql.ts(435,6): error TS1109: Expression expected.
agents/migration/mysql-to-postgresql.ts(442,6): error TS1109: Expression expected.
agents/migration/mysql-to-postgresql.ts(449,6): error TS1109: Expression expected.
agents/migration/mysql-to-postgresql.ts(456,6): error TS1109: Expression expected.
agents/migration/mysql-to-postgresql.ts(463,6): error TS1109: Expression expected.
agents/migration/mysql-to-postgresql.ts(470,6): error TS1109: Expression expected.
agents/migration/mysql-to-postgresql.ts(477,6): error TS1109: Expression expected.
agents/migration/mysql-to-postgresql.ts(484,6): error TS1109: Expression expected.
agents/migration/mysql-to-postgresql.ts(491,26): error TS1005: ';' expected.
agents/migration/mysql-to-postgresql.ts(498,21): error TS1005: ';' expected.
agents/migration/mysql-to-postgresql.ts(505,6): error TS1109: Expression expected.
agents/migration/mysql-to-postgresql.ts(512,7): error TS1109: Expression expected.
agents/migration/mysql-to-postgresql.ts(519,6): error TS1109: Expression expected.
agents/migration/mysql-to-postgresql.ts(526,7): error TS1109: Expression expected.
agents/migration/mysql-to-postgresql.ts(533,7): error TS1109: Expression expected.
agents/migration/mysql-to-postgresql.ts(540,6): error TS1109: Expression expected.
agents/migration/mysql-to-postgresql.ts(547,3): error TS1005: 'try' expected.
agents/migration/mysql-to-postgresql.ts(547,9): error TS1003: Identifier expected.
agents/migration/mysql-to-postgresql.ts(554,6): error TS1109: Expression expected.
agents/migration/mysql-to-postgresql.ts(561,7): error TS1109: Expression expected.
agents/migration/mysql-to-postgresql.ts(568,3): error TS1005: 'try' expected.
agents/migration/mysql-to-postgresql.ts(568,9): error TS1003: Identifier expected.
agents/migration/mysql-to-postgresql.ts(575,33): error TS1005: ';' expected.
agents/migration/mysql-to-postgresql.ts(582,22): error TS1005: ';' expected.
agents/migration/mysql-to-postgresql.ts(589,9): error TS1109: Expression expected.
agents/migration/mysql-to-postgresql.ts(596,7): error TS1109: Expression expected.
agents/migration/mysql-to-postgresql.ts(603,6): error TS1109: Expression expected.
agents/migration/mysql-to-postgresql.ts(610,6): error TS1109: Expression expected.
agents/migration/mysql-to-postgresql.ts(617,3): error TS1005: 'try' expected.
agents/migration/mysql-to-postgresql.ts(617,9): error TS1003: Identifier expected.
agents/migration/mysql-to-postgresql.ts(624,23): error TS1005: ';' expected.
agents/migration/mysql-to-postgresql.ts(631,6): error TS1109: Expression expected.
agents/migration/mysql-to-postgresql.ts(638,3): error TS1005: 'try' expected.
agents/migration/mysql-to-postgresql.ts(638,9): error TS1003: Identifier expected.
agents/migration/mysql-to-postgresql.ts(645,23): error TS1005: ';' expected.
agents/migration/mysql-to-postgresql.ts(652,6): error TS1109: Expression expected.
agents/migration/mysql-to-postgresql.ts(659,3): error TS1005: 'try' expected.
agents/migration/mysql-to-postgresql.ts(659,9): error TS1003: Identifier expected.
agents/migration/mysql-to-postgresql.ts(666,29): error TS1005: ';' expected.
agents/migration/mysql-to-postgresql.ts(673,6): error TS1109: Expression expected.
agents/migration/mysql-to-postgresql.ts(680,9): error TS1005: ';' expected.
agents/migration/mysql-to-postgresql.ts(687,6): error TS1109: Expression expected.
agents/migration/mysql-to-postgresql.ts(694,6): error TS1109: Expression expected.
agents/migration/mysql-to-postgresql.ts(701,9): error TS1005: ';' expected.
agents/migration/mysql-to-postgresql.ts(708,6): error TS1109: Expression expected.
agents/migration/mysql-to-postgresql.ts(715,6): error TS1109: Expression expected.
agents/migration/mysql-to-postgresql.ts(722,6): error TS1109: Expression expected.
agents/migration/mysql-to-postgresql.ts(729,6): error TS1109: Expression expected.
agents/migration/mysql-to-postgresql.ts(736,6): error TS1109: Expression expected.
agents/migration/mysql-to-postgresql.ts(748,3): error TS1434: Unexpected keyword or identifier.
agents/migration/mysql-to-postgresql.ts(748,19): error TS1005: ';' expected.
agents/migration/mysql-to-postgresql.ts(749,12): error TS1005: ':' expected.
agents/migration/mysql-to-postgresql.ts(752,6): error TS1005: ',' expected.
agents/migration/nginx-config-analyzer.ts(17,23): error TS1005: '{' expected.
agents/migration/nginx-config-analyzer.ts(17,46): error TS1005: ';' expected.
agents/migration/nginx-config-analyzer.ts(24,19): error TS1005: '{' expected.
agents/migration/nginx-config-analyzer.ts(24,36): error TS1005: ';' expected.
agents/migration/nginx-config-analyzer.ts(24,113): error TS1005: ';' expected.
agents/migration/nginx-config-analyzer.ts(30,23): error TS1005: ',' expected.
agents/migration/nginx-config-analyzer.ts(30,29): error TS1005: ',' expected.
agents/migration/nginx-config-analyzer.ts(30,60): error TS1005: ';' expected.
agents/migration/nginx-config-analyzer.ts(37,3): error TS1434: Unexpected keyword or identifier.
agents/migration/nginx-config-analyzer.ts(37,28): error TS1109: Expression expected.
agents/migration/nginx-config-analyzer.ts(37,50): error TS1005: ';' expected.
agents/migration/nginx-config-analyzer.ts(37,64): error TS1109: Expression expected.
agents/migration/nginx-config-analyzer.ts(44,12): error TS1005: ';' expected.
agents/migration/nginx-config-analyzer.ts(44,14): error TS1434: Unexpected keyword or identifier.
agents/migration/nginx-config-analyzer.ts(51,3): error TS1434: Unexpected keyword or identifier.
agents/migration/nginx-config-analyzer.ts(51,19): error TS1005: ';' expected.
agents/migration/nginx-config-analyzer.ts(51,33): error TS1109: Expression expected.
agents/migration/nginx-config-analyzer.ts(58,16): error TS1005: ';' expected.
agents/migration/nginx-config-analyzer.ts(59,12): error TS1005: ':' expected.
agents/migration/nginx-config-analyzer.ts(64,6): error TS1005: ',' expected.
agents/migration/nginx-config-analyzer.ts(77,3): error TS1434: Unexpected keyword or identifier.
agents/migration/nginx-config-analyzer.ts(77,19): error TS1005: ';' expected.
agents/migration/nginx-config-analyzer.ts(78,12): error TS1005: ':' expected.
agents/migration/nginx-config-analyzer.ts(81,6): error TS1005: ',' expected.
agents/migration/php-to-remix/dev-generator.ts(18,10): error TS1003: Identifier expected.
agents/migration/php-to-remix/dev-generator.ts(18,11): error TS1136: Property assignment expected.
agents/migration/php-to-remix/dev-generator.ts(18,26): error TS1128: Declaration or statement expected.
agents/migration/php-to-remix/dev-generator.ts(18,28): error TS1128: Declaration or statement expected.
agents/migration/php-to-remix/dev-generator.ts(18,30): error TS1434: Unexpected keyword or identifier.
agents/migration/php-to-remix/htaccess-parser.ts(407,3): error TS1434: Unexpected keyword or identifier.
agents/migration/php-to-remix/htaccess-parser.ts(407,28): error TS1109: Expression expected.
agents/migration/php-to-remix/htaccess-parser.ts(407,50): error TS1005: ';' expected.
agents/migration/php-to-remix/htaccess-parser.ts(407,64): error TS1109: Expression expected.
agents/migration/php-to-remix/htaccess-parser.ts(409,12): error TS1005: ',' expected.
agents/migration/php-to-remix/htaccess-parser.ts(409,52): error TS1005: ',' expected.
agents/migration/php-to-remix/htaccess-parser.ts(415,12): error TS1005: ';' expected.
agents/migration/php-to-remix/htaccess-parser.ts(415,14): error TS1434: Unexpected keyword or identifier.
agents/migration/php-to-remix/htaccess-parser.ts(422,3): error TS1434: Unexpected keyword or identifier.
agents/migration/php-to-remix/htaccess-parser.ts(422,19): error TS1005: ';' expected.
agents/migration/php-to-remix/htaccess-parser.ts(422,33): error TS1109: Expression expected.
agents/migration/php-to-remix/htaccess-parser.ts(423,12): error TS1005: ',' expected.
agents/migration/php-to-remix/htaccess-parser.ts(423,43): error TS1005: ',' expected.
agents/migration/php-to-remix/htaccess-parser.ts(429,16): error TS1005: ';' expected.
agents/migration/php-to-remix/htaccess-parser.ts(430,12): error TS1005: ':' expected.
agents/migration/php-to-remix/htaccess-parser.ts(435,6): error TS1005: ',' expected.
agents/migration/php-to-remix/htaccess-parser.ts(441,3): error TS1434: Unexpected keyword or identifier.
agents/migration/php-to-remix/htaccess-parser.ts(441,19): error TS1005: ';' expected.
agents/migration/php-to-remix/htaccess-parser.ts(442,12): error TS1005: ':' expected.
agents/migration/php-to-remix/htaccess-parser.ts(445,6): error TS1005: ',' expected.
agents/migration/postgresql-validator.ts(23,28): error TS1005: '{' expected.
agents/migration/postgresql-validator.ts(23,45): error TS1005: ';' expected.
agents/migration/postgresql-validator.ts(30,24): error TS1005: '{' expected.
agents/migration/postgresql-validator.ts(30,35): error TS1005: ';' expected.
agents/migration/postgresql-validator.ts(30,113): error TS1005: ';' expected.
agents/migration/postgresql-validator.ts(36,23): error TS1005: ',' expected.
agents/migration/postgresql-validator.ts(36,29): error TS1005: ',' expected.
agents/migration/postgresql-validator.ts(36,59): error TS1005: ';' expected.
agents/migration/postgresql-validator.ts(43,3): error TS1434: Unexpected keyword or identifier.
agents/migration/postgresql-validator.ts(43,28): error TS1109: Expression expected.
agents/migration/postgresql-validator.ts(43,50): error TS1005: ';' expected.
agents/migration/postgresql-validator.ts(43,64): error TS1109: Expression expected.
agents/migration/postgresql-validator.ts(50,12): error TS1005: ';' expected.
agents/migration/postgresql-validator.ts(50,14): error TS1434: Unexpected keyword or identifier.
agents/migration/postgresql-validator.ts(57,3): error TS1434: Unexpected keyword or identifier.
agents/migration/postgresql-validator.ts(57,19): error TS1005: ';' expected.
agents/migration/postgresql-validator.ts(57,33): error TS1109: Expression expected.
agents/migration/postgresql-validator.ts(64,16): error TS1005: ';' expected.
agents/migration/postgresql-validator.ts(65,12): error TS1005: ':' expected.
agents/migration/postgresql-validator.ts(70,6): error TS1005: ',' expected.
agents/migration/postgresql-validator.ts(78,10): error TS1005: ';' expected.
agents/migration/postgresql-validator.ts(85,6): error TS1109: Expression expected.
agents/migration/postgresql-validator.ts(92,6): error TS1109: Expression expected.
agents/migration/postgresql-validator.ts(99,6): error TS1109: Expression expected.
agents/migration/postgresql-validator.ts(106,3): error TS1005: 'try' expected.
agents/migration/postgresql-validator.ts(106,9): error TS1003: Identifier expected.
agents/migration/postgresql-validator.ts(113,25): error TS1005: ';' expected.
agents/migration/postgresql-validator.ts(120,7): error TS1109: Expression expected.
agents/migration/postgresql-validator.ts(127,7): error TS1109: Expression expected.
agents/migration/postgresql-validator.ts(134,6): error TS1109: Expression expected.
agents/migration/postgresql-validator.ts(141,6): error TS1109: Expression expected.
agents/migration/postgresql-validator.ts(148,6): error TS1109: Expression expected.
agents/migration/postgresql-validator.ts(155,6): error TS1109: Expression expected.
agents/migration/postgresql-validator.ts(162,3): error TS1005: 'try' expected.
agents/migration/postgresql-validator.ts(162,9): error TS1003: Identifier expected.
agents/migration/postgresql-validator.ts(169,27): error TS1005: ';' expected.
agents/migration/postgresql-validator.ts(176,7): error TS1109: Expression expected.
agents/migration/postgresql-validator.ts(183,3): error TS1005: 'try' expected.
agents/migration/postgresql-validator.ts(183,9): error TS1003: Identifier expected.
agents/migration/postgresql-validator.ts(190,21): error TS1005: ';' expected.
agents/migration/postgresql-validator.ts(197,7): error TS1109: Expression expected.
agents/migration/postgresql-validator.ts(204,6): error TS1109: Expression expected.
agents/migration/postgresql-validator.ts(211,7): error TS1109: Expression expected.
agents/migration/postgresql-validator.ts(218,6): error TS1109: Expression expected.
agents/migration/postgresql-validator.ts(225,6): error TS1109: Expression expected.
agents/migration/postgresql-validator.ts(232,6): error TS1109: Expression expected.
agents/migration/postgresql-validator.ts(239,6): error TS1109: Expression expected.
agents/migration/postgresql-validator.ts(246,6): error TS1109: Expression expected.
agents/migration/postgresql-validator.ts(253,6): error TS1109: Expression expected.
agents/migration/postgresql-validator.ts(260,6): error TS1109: Expression expected.
agents/migration/postgresql-validator.ts(267,6): error TS1109: Expression expected.
agents/migration/postgresql-validator.ts(274,6): error TS1109: Expression expected.
agents/migration/postgresql-validator.ts(281,6): error TS1109: Expression expected.
agents/migration/postgresql-validator.ts(288,6): error TS1109: Expression expected.
agents/migration/postgresql-validator.ts(295,16): error TS1005: ';' expected.
agents/migration/postgresql-validator.ts(302,7): error TS1109: Expression expected.
agents/migration/postgresql-validator.ts(309,6): error TS1109: Expression expected.
agents/migration/postgresql-validator.ts(316,3): error TS1005: 'try' expected.
agents/migration/postgresql-validator.ts(316,9): error TS1003: Identifier expected.
agents/migration/postgresql-validator.ts(323,7): error TS1109: Expression expected.
agents/migration/postgresql-validator.ts(330,3): error TS1005: 'try' expected.
agents/migration/postgresql-validator.ts(330,9): error TS1003: Identifier expected.
agents/migration/postgresql-validator.ts(337,20): error TS1005: ';' expected.
agents/migration/postgresql-validator.ts(344,28): error TS1005: ';' expected.
agents/migration/postgresql-validator.ts(351,6): error TS1109: Expression expected.
agents/migration/postgresql-validator.ts(358,6): error TS1109: Expression expected.
agents/migration/postgresql-validator.ts(365,6): error TS1109: Expression expected.
agents/migration/postgresql-validator.ts(372,6): error TS1109: Expression expected.
agents/migration/postgresql-validator.ts(379,6): error TS1109: Expression expected.
agents/migration/postgresql-validator.ts(386,6): error TS1109: Expression expected.
agents/migration/postgresql-validator.ts(393,6): error TS1109: Expression expected.
agents/migration/postgresql-validator.ts(400,24): error TS1005: ';' expected.
agents/migration/postgresql-validator.ts(407,11): error TS1005: ';' expected.
agents/migration/postgresql-validator.ts(414,6): error TS1109: Expression expected.
agents/migration/postgresql-validator.ts(421,6): error TS1109: Expression expected.
agents/migration/postgresql-validator.ts(428,6): error TS1109: Expression expected.
agents/migration/postgresql-validator.ts(435,6): error TS1109: Expression expected.
agents/migration/postgresql-validator.ts(442,6): error TS1109: Expression expected.
agents/migration/postgresql-validator.ts(449,6): error TS1109: Expression expected.
agents/migration/postgresql-validator.ts(456,6): error TS1109: Expression expected.
agents/migration/postgresql-validator.ts(463,34): error TS1005: ';' expected.
agents/migration/postgresql-validator.ts(470,6): error TS1109: Expression expected.
agents/migration/postgresql-validator.ts(477,10): error TS1109: Expression expected.
agents/migration/postgresql-validator.ts(484,29): error TS1005: ';' expected.
agents/migration/postgresql-validator.ts(491,6): error TS1109: Expression expected.
agents/migration/postgresql-validator.ts(498,6): error TS1109: Expression expected.
agents/migration/postgresql-validator.ts(505,6): error TS1109: Expression expected.
agents/migration/postgresql-validator.ts(512,6): error TS1109: Expression expected.
agents/migration/postgresql-validator.ts(519,27): error TS1005: ';' expected.
agents/migration/postgresql-validator.ts(526,24): error TS1005: ';' expected.
agents/migration/postgresql-validator.ts(533,6): error TS1109: Expression expected.
agents/migration/postgresql-validator.ts(545,3): error TS1434: Unexpected keyword or identifier.
agents/migration/postgresql-validator.ts(545,19): error TS1005: ';' expected.
agents/migration/postgresql-validator.ts(546,12): error TS1005: ':' expected.
agents/migration/postgresql-validator.ts(549,6): error TS1005: ',' expected.
agents/migration/prisma-migration-generator.ts(21,24): error TS1005: '{' expected.
agents/migration/prisma-migration-generator.ts(21,51): error TS1005: ';' expected.
agents/migration/prisma-migration-generator.ts(28,20): error TS1005: '{' expected.
agents/migration/prisma-migration-generator.ts(28,41): error TS1005: ';' expected.
agents/migration/prisma-migration-generator.ts(28,119): error TS1005: ';' expected.
agents/migration/prisma-migration-generator.ts(34,23): error TS1005: ',' expected.
agents/migration/prisma-migration-generator.ts(34,29): error TS1005: ',' expected.
agents/migration/prisma-migration-generator.ts(34,65): error TS1005: ';' expected.
agents/migration/prisma-migration-generator.ts(41,3): error TS1434: Unexpected keyword or identifier.
agents/migration/prisma-migration-generator.ts(41,28): error TS1109: Expression expected.
agents/migration/prisma-migration-generator.ts(41,50): error TS1005: ';' expected.
agents/migration/prisma-migration-generator.ts(41,64): error TS1109: Expression expected.
agents/migration/prisma-migration-generator.ts(48,12): error TS1005: ';' expected.
agents/migration/prisma-migration-generator.ts(48,14): error TS1434: Unexpected keyword or identifier.
agents/migration/prisma-migration-generator.ts(55,3): error TS1434: Unexpected keyword or identifier.
agents/migration/prisma-migration-generator.ts(55,19): error TS1005: ';' expected.
agents/migration/prisma-migration-generator.ts(55,33): error TS1109: Expression expected.
agents/migration/prisma-migration-generator.ts(62,16): error TS1005: ';' expected.
agents/migration/prisma-migration-generator.ts(63,12): error TS1005: ':' expected.
agents/migration/prisma-migration-generator.ts(68,6): error TS1005: ',' expected.
agents/migration/prisma-migration-generator.ts(76,10): error TS1005: ';' expected.
agents/migration/prisma-migration-generator.ts(83,10): error TS1109: Expression expected.
agents/migration/prisma-migration-generator.ts(90,6): error TS1109: Expression expected.
agents/migration/prisma-migration-generator.ts(97,3): error TS1005: 'try' expected.
agents/migration/prisma-migration-generator.ts(97,9): error TS1003: Identifier expected.
agents/migration/prisma-migration-generator.ts(104,22): error TS1005: ';' expected.
agents/migration/prisma-migration-generator.ts(111,6): error TS1109: Expression expected.
agents/migration/prisma-migration-generator.ts(118,6): error TS1109: Expression expected.
agents/migration/prisma-migration-generator.ts(125,18): error TS1005: ';' expected.
agents/migration/prisma-migration-generator.ts(132,6): error TS1109: Expression expected.
agents/migration/prisma-migration-generator.ts(139,6): error TS1109: Expression expected.
agents/migration/prisma-migration-generator.ts(146,16): error TS1005: ';' expected.
agents/migration/prisma-migration-generator.ts(153,6): error TS1109: Expression expected.
agents/migration/prisma-migration-generator.ts(160,19): error TS1005: ';' expected.
agents/migration/prisma-migration-generator.ts(167,6): error TS1109: Expression expected.
agents/migration/prisma-migration-generator.ts(174,18): error TS1005: ';' expected.
agents/migration/prisma-migration-generator.ts(181,3): error TS1005: 'try' expected.
agents/migration/prisma-migration-generator.ts(181,9): error TS1003: Identifier expected.
agents/migration/prisma-migration-generator.ts(188,6): error TS1109: Expression expected.
agents/migration/prisma-migration-generator.ts(195,6): error TS1109: Expression expected.
agents/migration/prisma-migration-generator.ts(207,3): error TS1434: Unexpected keyword or identifier.
agents/migration/prisma-migration-generator.ts(207,19): error TS1005: ';' expected.
agents/migration/prisma-migration-generator.ts(208,12): error TS1005: ':' expected.
agents/migration/prisma-migration-generator.ts(211,6): error TS1005: ',' expected.
agents/migration/prisma-smart-generator.ts(20,24): error TS1005: '{' expected.
agents/migration/prisma-smart-generator.ts(20,47): error TS1005: ';' expected.
agents/migration/prisma-smart-generator.ts(27,20): error TS1005: '{' expected.
agents/migration/prisma-smart-generator.ts(27,37): error TS1005: ';' expected.
agents/migration/prisma-smart-generator.ts(27,115): error TS1005: ';' expected.
agents/migration/prisma-smart-generator.ts(33,23): error TS1005: ',' expected.
agents/migration/prisma-smart-generator.ts(33,29): error TS1005: ',' expected.
agents/migration/prisma-smart-generator.ts(33,61): error TS1005: ';' expected.
agents/migration/prisma-smart-generator.ts(40,3): error TS1434: Unexpected keyword or identifier.
agents/migration/prisma-smart-generator.ts(40,28): error TS1109: Expression expected.
agents/migration/prisma-smart-generator.ts(40,50): error TS1005: ';' expected.
agents/migration/prisma-smart-generator.ts(40,64): error TS1109: Expression expected.
agents/migration/prisma-smart-generator.ts(47,12): error TS1005: ';' expected.
agents/migration/prisma-smart-generator.ts(47,14): error TS1434: Unexpected keyword or identifier.
agents/migration/prisma-smart-generator.ts(54,3): error TS1434: Unexpected keyword or identifier.
agents/migration/prisma-smart-generator.ts(54,19): error TS1005: ';' expected.
agents/migration/prisma-smart-generator.ts(54,33): error TS1109: Expression expected.
agents/migration/prisma-smart-generator.ts(61,16): error TS1005: ';' expected.
agents/migration/prisma-smart-generator.ts(62,12): error TS1005: ':' expected.
agents/migration/prisma-smart-generator.ts(67,6): error TS1005: ',' expected.
agents/migration/prisma-smart-generator.ts(75,3): error TS1005: 'try' expected.
agents/migration/prisma-smart-generator.ts(75,9): error TS1003: Identifier expected.
agents/migration/prisma-smart-generator.ts(82,6): error TS1109: Expression expected.
agents/migration/prisma-smart-generator.ts(89,30): error TS1005: ';' expected.
agents/migration/prisma-smart-generator.ts(96,38): error TS1005: ';' expected.
agents/migration/prisma-smart-generator.ts(103,14): error TS1005: ';' expected.
agents/migration/prisma-smart-generator.ts(110,6): error TS1109: Expression expected.
agents/migration/prisma-smart-generator.ts(117,26): error TS1005: ';' expected.
agents/migration/prisma-smart-generator.ts(124,20): error TS1005: ';' expected.
agents/migration/prisma-smart-generator.ts(131,18): error TS1005: ';' expected.
agents/migration/prisma-smart-generator.ts(138,6): error TS1109: Expression expected.
agents/migration/prisma-smart-generator.ts(145,6): error TS1109: Expression expected.
agents/migration/prisma-smart-generator.ts(152,18): error TS1005: ';' expected.
agents/migration/prisma-smart-generator.ts(159,21): error TS1005: ';' expected.
agents/migration/prisma-smart-generator.ts(166,6): error TS1109: Expression expected.
agents/migration/prisma-smart-generator.ts(173,20): error TS1005: ';' expected.
agents/migration/prisma-smart-generator.ts(180,13): error TS1005: ';' expected.
agents/migration/prisma-smart-generator.ts(187,6): error TS1109: Expression expected.
agents/migration/prisma-smart-generator.ts(194,6): error TS1109: Expression expected.
agents/migration/prisma-smart-generator.ts(201,19): error TS1005: ';' expected.
agents/migration/prisma-smart-generator.ts(208,6): error TS1109: Expression expected.
agents/migration/prisma-smart-generator.ts(215,6): error TS1109: Expression expected.
agents/migration/prisma-smart-generator.ts(222,6): error TS1109: Expression expected.
agents/migration/prisma-smart-generator.ts(229,23): error TS1005: ';' expected.
agents/migration/prisma-smart-generator.ts(236,19): error TS1005: ';' expected.
agents/migration/prisma-smart-generator.ts(243,6): error TS1109: Expression expected.
agents/migration/prisma-smart-generator.ts(250,6): error TS1109: Expression expected.
agents/migration/prisma-smart-generator.ts(257,6): error TS1109: Expression expected.
agents/migration/prisma-smart-generator.ts(264,6): error TS1109: Expression expected.
agents/migration/prisma-smart-generator.ts(271,6): error TS1109: Expression expected.
agents/migration/prisma-smart-generator.ts(278,6): error TS1109: Expression expected.
agents/migration/prisma-smart-generator.ts(285,6): error TS1109: Expression expected.
agents/migration/prisma-smart-generator.ts(292,6): error TS1109: Expression expected.
agents/migration/prisma-smart-generator.ts(299,22): error TS1005: ';' expected.
agents/migration/prisma-smart-generator.ts(306,6): error TS1109: Expression expected.
agents/migration/prisma-smart-generator.ts(313,6): error TS1109: Expression expected.
agents/migration/prisma-smart-generator.ts(320,6): error TS1109: Expression expected.
agents/migration/prisma-smart-generator.ts(327,30): error TS1005: ';' expected.
agents/migration/prisma-smart-generator.ts(334,13): error TS1005: ';' expected.
agents/migration/prisma-smart-generator.ts(341,21): error TS1005: ';' expected.
agents/migration/prisma-smart-generator.ts(348,6): error TS1109: Expression expected.
agents/migration/prisma-smart-generator.ts(355,6): error TS1109: Expression expected.
agents/migration/prisma-smart-generator.ts(362,26): error TS1005: ';' expected.
agents/migration/prisma-smart-generator.ts(369,6): error TS1109: Expression expected.
agents/migration/prisma-smart-generator.ts(376,6): error TS1109: Expression expected.
agents/migration/prisma-smart-generator.ts(383,6): error TS1109: Expression expected.
agents/migration/prisma-smart-generator.ts(390,6): error TS1109: Expression expected.
agents/migration/prisma-smart-generator.ts(397,19): error TS1005: ';' expected.
agents/migration/prisma-smart-generator.ts(404,6): error TS1109: Expression expected.
agents/migration/prisma-smart-generator.ts(411,23): error TS1005: ';' expected.
agents/migration/prisma-smart-generator.ts(418,10): error TS1109: Expression expected.
agents/migration/prisma-smart-generator.ts(425,23): error TS1005: ';' expected.
agents/migration/prisma-smart-generator.ts(432,6): error TS1109: Expression expected.
agents/migration/prisma-smart-generator.ts(439,24): error TS1005: ';' expected.
agents/migration/prisma-smart-generator.ts(446,30): error TS1005: ';' expected.
agents/migration/prisma-smart-generator.ts(453,6): error TS1109: Expression expected.
agents/migration/prisma-smart-generator.ts(460,25): error TS1005: ';' expected.
agents/migration/prisma-smart-generator.ts(467,26): error TS1005: ';' expected.
agents/migration/prisma-smart-generator.ts(474,10): error TS1005: ';' expected.
agents/migration/prisma-smart-generator.ts(481,18): error TS1005: ';' expected.
agents/migration/prisma-smart-generator.ts(488,17): error TS1005: ';' expected.
agents/migration/prisma-smart-generator.ts(495,15): error TS1005: ';' expected.
agents/migration/prisma-smart-generator.ts(502,10): error TS1005: ';' expected.
agents/migration/prisma-smart-generator.ts(509,3): error TS1005: 'try' expected.
agents/migration/prisma-smart-generator.ts(509,9): error TS1003: Identifier expected.
agents/migration/prisma-smart-generator.ts(521,3): error TS1434: Unexpected keyword or identifier.
agents/migration/prisma-smart-generator.ts(521,19): error TS1005: ';' expected.
agents/migration/prisma-smart-generator.ts(522,12): error TS1005: ':' expected.
agents/migration/prisma-smart-generator.ts(525,6): error TS1005: ',' expected.
agents/migration/qa-confirmer.ts(20,20): error TS1005: '{' expected.
agents/migration/qa-confirmer.ts(20,37): error TS1005: ';' expected.
agents/migration/qa-confirmer.ts(27,16): error TS1005: '{' expected.
agents/migration/qa-confirmer.ts(27,27): error TS1005: ';' expected.
agents/migration/qa-confirmer.ts(27,103): error TS1005: ';' expected.
agents/migration/qa-confirmer.ts(33,23): error TS1005: ',' expected.
agents/migration/qa-confirmer.ts(33,29): error TS1005: ',' expected.
agents/migration/qa-confirmer.ts(33,51): error TS1005: ';' expected.
agents/migration/qa-confirmer.ts(40,3): error TS1434: Unexpected keyword or identifier.
agents/migration/qa-confirmer.ts(40,28): error TS1109: Expression expected.
agents/migration/qa-confirmer.ts(40,50): error TS1005: ';' expected.
agents/migration/qa-confirmer.ts(40,64): error TS1109: Expression expected.
agents/migration/qa-confirmer.ts(47,12): error TS1005: ';' expected.
agents/migration/qa-confirmer.ts(47,14): error TS1434: Unexpected keyword or identifier.
agents/migration/qa-confirmer.ts(54,3): error TS1434: Unexpected keyword or identifier.
agents/migration/qa-confirmer.ts(54,19): error TS1005: ';' expected.
agents/migration/qa-confirmer.ts(54,33): error TS1109: Expression expected.
agents/migration/qa-confirmer.ts(61,16): error TS1005: ';' expected.
agents/migration/qa-confirmer.ts(62,12): error TS1005: ':' expected.
agents/migration/qa-confirmer.ts(67,6): error TS1005: ',' expected.
agents/migration/qa-confirmer.ts(75,9): error TS1005: ';' expected.
agents/migration/qa-confirmer.ts(82,6): error TS1109: Expression expected.
agents/migration/qa-confirmer.ts(89,6): error TS1109: Expression expected.
agents/migration/qa-confirmer.ts(96,6): error TS1109: Expression expected.
agents/migration/qa-confirmer.ts(103,6): error TS1109: Expression expected.
agents/migration/qa-confirmer.ts(110,6): error TS1109: Expression expected.
agents/migration/qa-confirmer.ts(117,7): error TS1109: Expression expected.
agents/migration/qa-confirmer.ts(124,6): error TS1109: Expression expected.
agents/migration/qa-confirmer.ts(131,3): error TS1005: 'try' expected.
agents/migration/qa-confirmer.ts(131,9): error TS1003: Identifier expected.
agents/migration/qa-confirmer.ts(138,6): error TS1109: Expression expected.
agents/migration/qa-confirmer.ts(145,3): error TS1005: 'try' expected.
agents/migration/qa-confirmer.ts(145,9): error TS1003: Identifier expected.
agents/migration/qa-confirmer.ts(152,24): error TS1005: ';' expected.
agents/migration/qa-confirmer.ts(159,7): error TS1109: Expression expected.
agents/migration/qa-confirmer.ts(166,25): error TS1005: ';' expected.
agents/migration/qa-confirmer.ts(173,7): error TS1109: Expression expected.
agents/migration/qa-confirmer.ts(180,23): error TS1005: ';' expected.
agents/migration/qa-confirmer.ts(187,3): error TS1005: 'try' expected.
agents/migration/qa-confirmer.ts(187,9): error TS1003: Identifier expected.
agents/migration/qa-confirmer.ts(194,25): error TS1005: ';' expected.
agents/migration/qa-confirmer.ts(201,6): error TS1109: Expression expected.
agents/migration/qa-confirmer.ts(208,6): error TS1109: Expression expected.
agents/migration/qa-confirmer.ts(215,6): error TS1109: Expression expected.
agents/migration/qa-confirmer.ts(222,6): error TS1109: Expression expected.
agents/migration/qa-confirmer.ts(229,6): error TS1109: Expression expected.
agents/migration/qa-confirmer.ts(236,6): error TS1109: Expression expected.
agents/migration/qa-confirmer.ts(243,3): error TS1005: 'try' expected.
agents/migration/qa-confirmer.ts(243,9): error TS1003: Identifier expected.
agents/migration/qa-confirmer.ts(250,23): error TS1005: ';' expected.
agents/migration/qa-confirmer.ts(257,23): error TS1005: ';' expected.
agents/migration/qa-confirmer.ts(264,6): error TS1109: Expression expected.
agents/migration/qa-confirmer.ts(271,7): error TS1109: Expression expected.
agents/migration/qa-confirmer.ts(278,6): error TS1109: Expression expected.
agents/migration/qa-confirmer.ts(285,7): error TS1109: Expression expected.
agents/migration/qa-confirmer.ts(292,29): error TS1005: ';' expected.
agents/migration/qa-confirmer.ts(299,6): error TS1109: Expression expected.
agents/migration/qa-confirmer.ts(306,6): error TS1109: Expression expected.
agents/migration/qa-confirmer.ts(313,6): error TS1109: Expression expected.
agents/migration/qa-confirmer.ts(320,6): error TS1109: Expression expected.
agents/migration/qa-confirmer.ts(327,16): error TS1005: ';' expected.
agents/migration/qa-confirmer.ts(334,29): error TS1005: ';' expected.
agents/migration/qa-confirmer.ts(341,6): error TS1109: Expression expected.
agents/migration/qa-confirmer.ts(348,6): error TS1109: Expression expected.
agents/migration/qa-confirmer.ts(355,6): error TS1109: Expression expected.
agents/migration/qa-confirmer.ts(362,7): error TS1109: Expression expected.
agents/migration/qa-confirmer.ts(369,6): error TS1109: Expression expected.
agents/migration/qa-confirmer.ts(376,7): error TS1109: Expression expected.
agents/migration/qa-confirmer.ts(383,7): error TS1109: Expression expected.
agents/migration/qa-confirmer.ts(390,7): error TS1109: Expression expected.
agents/migration/qa-confirmer.ts(397,6): error TS1109: Expression expected.
agents/migration/qa-confirmer.ts(404,7): error TS1109: Expression expected.
agents/migration/qa-confirmer.ts(411,6): error TS1109: Expression expected.
agents/migration/qa-confirmer.ts(418,7): error TS1109: Expression expected.
agents/migration/qa-confirmer.ts(425,6): error TS1109: Expression expected.
agents/migration/qa-confirmer.ts(432,7): error TS1109: Expression expected.
agents/migration/qa-confirmer.ts(439,7): error TS1109: Expression expected.
agents/migration/qa-confirmer.ts(446,25): error TS1005: ';' expected.
agents/migration/qa-confirmer.ts(453,25): error TS1005: ';' expected.
agents/migration/qa-confirmer.ts(460,7): error TS1109: Expression expected.
agents/migration/qa-confirmer.ts(467,6): error TS1109: Expression expected.
agents/migration/qa-confirmer.ts(474,7): error TS1109: Expression expected.
agents/migration/qa-confirmer.ts(481,6): error TS1109: Expression expected.
agents/migration/qa-confirmer.ts(488,7): error TS1109: Expression expected.
agents/migration/qa-confirmer.ts(495,6): error TS1109: Expression expected.
agents/migration/qa-confirmer.ts(502,7): error TS1109: Expression expected.
agents/migration/qa-confirmer.ts(509,24): error TS1005: ';' expected.
agents/migration/qa-confirmer.ts(516,7): error TS1109: Expression expected.
agents/migration/qa-confirmer.ts(523,6): error TS1109: Expression expected.
agents/migration/qa-confirmer.ts(530,6): error TS1109: Expression expected.
agents/migration/qa-confirmer.ts(537,3): error TS1005: 'try' expected.
agents/migration/qa-confirmer.ts(537,9): error TS1003: Identifier expected.
agents/migration/qa-confirmer.ts(544,27): error TS1005: ';' expected.
agents/migration/qa-confirmer.ts(551,6): error TS1109: Expression expected.
agents/migration/qa-confirmer.ts(558,7): error TS1109: Expression expected.
agents/migration/qa-confirmer.ts(565,6): error TS1109: Expression expected.
agents/migration/qa-confirmer.ts(572,6): error TS1109: Expression expected.
agents/migration/qa-confirmer.ts(579,6): error TS1109: Expression expected.
agents/migration/qa-confirmer.ts(586,6): error TS1109: Expression expected.
agents/migration/qa-confirmer.ts(593,6): error TS1109: Expression expected.
agents/migration/qa-confirmer.ts(600,6): error TS1109: Expression expected.
agents/migration/qa-confirmer.ts(607,6): error TS1109: Expression expected.
agents/migration/qa-confirmer.ts(614,10): error TS1005: ';' expected.
agents/migration/qa-confirmer.ts(621,3): error TS1005: 'try' expected.
agents/migration/qa-confirmer.ts(621,9): error TS1003: Identifier expected.
agents/migration/qa-confirmer.ts(633,3): error TS1434: Unexpected keyword or identifier.
agents/migration/qa-confirmer.ts(633,19): error TS1005: ';' expected.
agents/migration/qa-confirmer.ts(634,12): error TS1005: ':' expected.
agents/migration/qa-confirmer.ts(637,6): error TS1005: ',' expected.
agents/migration/sql-analysis-runner.ts(24,21): error TS1005: '{' expected.
agents/migration/sql-analysis-runner.ts(24,44): error TS1005: ';' expected.
agents/migration/sql-analysis-runner.ts(31,17): error TS1005: '{' expected.
agents/migration/sql-analysis-runner.ts(31,34): error TS1005: ';' expected.
agents/migration/sql-analysis-runner.ts(31,120): error TS1005: ';' expected.
agents/migration/sql-analysis-runner.ts(37,23): error TS1005: ',' expected.
agents/migration/sql-analysis-runner.ts(37,29): error TS1005: ',' expected.
agents/migration/sql-analysis-runner.ts(37,58): error TS1005: ';' expected.
agents/migration/sql-analysis-runner.ts(44,3): error TS1434: Unexpected keyword or identifier.
agents/migration/sql-analysis-runner.ts(44,28): error TS1109: Expression expected.
agents/migration/sql-analysis-runner.ts(44,50): error TS1005: ';' expected.
agents/migration/sql-analysis-runner.ts(44,64): error TS1109: Expression expected.
agents/migration/sql-analysis-runner.ts(51,12): error TS1005: ';' expected.
agents/migration/sql-analysis-runner.ts(51,14): error TS1434: Unexpected keyword or identifier.
agents/migration/sql-analysis-runner.ts(58,3): error TS1434: Unexpected keyword or identifier.
agents/migration/sql-analysis-runner.ts(58,19): error TS1005: ';' expected.
agents/migration/sql-analysis-runner.ts(58,33): error TS1109: Expression expected.
agents/migration/sql-analysis-runner.ts(65,16): error TS1005: ';' expected.
agents/migration/sql-analysis-runner.ts(66,12): error TS1005: ':' expected.
agents/migration/sql-analysis-runner.ts(71,6): error TS1005: ',' expected.
agents/migration/sql-analysis-runner.ts(79,11): error TS1005: ';' expected.
agents/migration/sql-analysis-runner.ts(86,3): error TS1005: 'try' expected.
agents/migration/sql-analysis-runner.ts(86,9): error TS1003: Identifier expected.
agents/migration/sql-analysis-runner.ts(93,17): error TS1005: ';' expected.
agents/migration/sql-analysis-runner.ts(100,26): error TS1005: ';' expected.
agents/migration/sql-analysis-runner.ts(107,3): error TS1005: 'try' expected.
agents/migration/sql-analysis-runner.ts(107,9): error TS1003: Identifier expected.
agents/migration/sql-analysis-runner.ts(114,3): error TS1005: 'try' expected.
agents/migration/sql-analysis-runner.ts(114,9): error TS1003: Identifier expected.
agents/migration/sql-analysis-runner.ts(121,24): error TS1005: ';' expected.
agents/migration/sql-analysis-runner.ts(128,6): error TS1109: Expression expected.
agents/migration/sql-analysis-runner.ts(135,12): error TS1005: ';' expected.
agents/migration/sql-analysis-runner.ts(142,3): error TS1005: 'try' expected.
agents/migration/sql-analysis-runner.ts(142,9): error TS1003: Identifier expected.
agents/migration/sql-analysis-runner.ts(149,22): error TS1005: ';' expected.
agents/migration/sql-analysis-runner.ts(156,12): error TS1005: ';' expected.
agents/migration/sql-analysis-runner.ts(163,12): error TS1005: ';' expected.
agents/migration/sql-analysis-runner.ts(170,12): error TS1005: ';' expected.
agents/migration/sql-analysis-runner.ts(177,6): error TS1109: Expression expected.
agents/migration/sql-analysis-runner.ts(184,12): error TS1005: ';' expected.
agents/migration/sql-analysis-runner.ts(191,3): error TS1005: 'try' expected.
agents/migration/sql-analysis-runner.ts(191,9): error TS1003: Identifier expected.
agents/migration/sql-analysis-runner.ts(198,22): error TS1005: ';' expected.
agents/migration/sql-analysis-runner.ts(205,12): error TS1005: ';' expected.
agents/migration/sql-analysis-runner.ts(212,6): error TS1109: Expression expected.
agents/migration/sql-analysis-runner.ts(219,6): error TS1109: Expression expected.
agents/migration/sql-analysis-runner.ts(226,6): error TS1109: Expression expected.
agents/migration/sql-analysis-runner.ts(233,6): error TS1109: Expression expected.
agents/migration/sql-analysis-runner.ts(240,6): error TS1109: Expression expected.
agents/migration/sql-analysis-runner.ts(247,17): error TS1005: ';' expected.
agents/migration/sql-analysis-runner.ts(254,11): error TS1005: ';' expected.
agents/migration/sql-analysis-runner.ts(266,3): error TS1434: Unexpected keyword or identifier.
agents/migration/sql-analysis-runner.ts(266,25): error TS1005: ';' expected.
agents/migration/sql-analysis-runner.ts(267,12): error TS1005: ':' expected.
agents/migration/sql-analysis-runner.ts(270,6): error TS1005: ',' expected.
agents/migration/sql-analyzer+prisma-builder.ts(29,1): error TS1003: Identifier expected.
agents/migration/sql-analyzer+prisma-builder.ts(29,8): error TS1005: ',' expected.
agents/migration/sql-analyzer+prisma-builder.ts(29,26): error TS1005: ';' expected.
agents/migration/sql-analyzer+prisma-builder.ts(35,21): error TS1005: '{' expected.
agents/migration/sql-analyzer+prisma-builder.ts(35,52): error TS1005: ';' expected.
agents/migration/sql-analyzer+prisma-builder.ts(42,17): error TS1005: '{' expected.
agents/migration/sql-analyzer+prisma-builder.ts(42,42): error TS1005: ';' expected.
agents/migration/sql-analyzer+prisma-builder.ts(42,119): error TS1005: ';' expected.
agents/migration/sql-analyzer+prisma-builder.ts(48,23): error TS1005: ',' expected.
agents/migration/sql-analyzer+prisma-builder.ts(48,29): error TS1005: ',' expected.
agents/migration/sql-analyzer+prisma-builder.ts(48,66): error TS1005: ';' expected.
agents/migration/sql-analyzer+prisma-builder.ts(55,3): error TS1434: Unexpected keyword or identifier.
agents/migration/sql-analyzer+prisma-builder.ts(55,28): error TS1109: Expression expected.
agents/migration/sql-analyzer+prisma-builder.ts(55,50): error TS1005: ';' expected.
agents/migration/sql-analyzer+prisma-builder.ts(55,64): error TS1109: Expression expected.
agents/migration/sql-analyzer+prisma-builder.ts(62,12): error TS1005: ';' expected.
agents/migration/sql-analyzer+prisma-builder.ts(62,14): error TS1434: Unexpected keyword or identifier.
agents/migration/sql-analyzer+prisma-builder.ts(69,3): error TS1434: Unexpected keyword or identifier.
agents/migration/sql-analyzer+prisma-builder.ts(69,19): error TS1005: ';' expected.
agents/migration/sql-analyzer+prisma-builder.ts(69,33): error TS1109: Expression expected.
agents/migration/sql-analyzer+prisma-builder.ts(76,16): error TS1005: ';' expected.
agents/migration/sql-analyzer+prisma-builder.ts(77,12): error TS1005: ':' expected.
agents/migration/sql-analyzer+prisma-builder.ts(82,6): error TS1005: ',' expected.
agents/migration/sql-analyzer+prisma-builder.ts(90,11): error TS1005: ';' expected.
agents/migration/sql-analyzer+prisma-builder.ts(97,6): error TS1109: Expression expected.
agents/migration/sql-analyzer+prisma-builder.ts(104,6): error TS1109: Expression expected.
agents/migration/sql-analyzer+prisma-builder.ts(111,6): error TS1109: Expression expected.
agents/migration/sql-analyzer+prisma-builder.ts(118,6): error TS1109: Expression expected.
agents/migration/sql-analyzer+prisma-builder.ts(125,6): error TS1109: Expression expected.
agents/migration/sql-analyzer+prisma-builder.ts(132,6): error TS1109: Expression expected.
agents/migration/sql-analyzer+prisma-builder.ts(139,6): error TS1109: Expression expected.
agents/migration/sql-analyzer+prisma-builder.ts(146,6): error TS1109: Expression expected.
agents/migration/sql-analyzer+prisma-builder.ts(153,3): error TS1005: 'try' expected.
agents/migration/sql-analyzer+prisma-builder.ts(153,9): error TS1003: Identifier expected.
agents/migration/sql-analyzer+prisma-builder.ts(160,16): error TS1005: ';' expected.
agents/migration/sql-analyzer+prisma-builder.ts(167,20): error TS1005: ';' expected.
agents/migration/sql-analyzer+prisma-builder.ts(174,24): error TS1005: ';' expected.
agents/migration/sql-analyzer+prisma-builder.ts(181,24): error TS1005: ';' expected.
agents/migration/sql-analyzer+prisma-builder.ts(188,26): error TS1005: ';' expected.
agents/migration/sql-analyzer+prisma-builder.ts(195,33): error TS1005: ';' expected.
agents/migration/sql-analyzer+prisma-builder.ts(202,6): error TS1109: Expression expected.
agents/migration/sql-analyzer+prisma-builder.ts(209,6): error TS1109: Expression expected.
agents/migration/sql-analyzer+prisma-builder.ts(216,6): error TS1109: Expression expected.
agents/migration/sql-analyzer+prisma-builder.ts(223,7): error TS1109: Expression expected.
agents/migration/sql-analyzer+prisma-builder.ts(230,6): error TS1109: Expression expected.
agents/migration/sql-analyzer+prisma-builder.ts(237,7): error TS1109: Expression expected.
agents/migration/sql-analyzer+prisma-builder.ts(244,6): error TS1109: Expression expected.
agents/migration/sql-analyzer+prisma-builder.ts(251,6): error TS1109: Expression expected.
agents/migration/sql-analyzer+prisma-builder.ts(258,7): error TS1109: Expression expected.
agents/migration/sql-analyzer+prisma-builder.ts(265,6): error TS1109: Expression expected.
agents/migration/sql-analyzer+prisma-builder.ts(272,7): error TS1109: Expression expected.
agents/migration/sql-analyzer+prisma-builder.ts(279,6): error TS1109: Expression expected.
agents/migration/sql-analyzer+prisma-builder.ts(286,7): error TS1109: Expression expected.
agents/migration/sql-analyzer+prisma-builder.ts(293,6): error TS1109: Expression expected.
agents/migration/sql-analyzer+prisma-builder.ts(300,7): error TS1109: Expression expected.
agents/migration/sql-analyzer+prisma-builder.ts(307,10): error TS1005: ';' expected.
agents/migration/sql-analyzer+prisma-builder.ts(314,35): error TS1005: ';' expected.
agents/migration/sql-analyzer+prisma-builder.ts(321,6): error TS1109: Expression expected.
agents/migration/sql-analyzer+prisma-builder.ts(328,7): error TS1109: Expression expected.
agents/migration/sql-analyzer+prisma-builder.ts(335,7): error TS1109: Expression expected.
agents/migration/sql-analyzer+prisma-builder.ts(342,7): error TS1109: Expression expected.
agents/migration/sql-analyzer+prisma-builder.ts(349,6): error TS1109: Expression expected.
agents/migration/sql-analyzer+prisma-builder.ts(356,7): error TS1109: Expression expected.
agents/migration/sql-analyzer+prisma-builder.ts(363,7): error TS1109: Expression expected.
agents/migration/sql-analyzer+prisma-builder.ts(370,6): error TS1109: Expression expected.
agents/migration/sql-analyzer+prisma-builder.ts(377,7): error TS1109: Expression expected.
agents/migration/sql-analyzer+prisma-builder.ts(384,6): error TS1109: Expression expected.
agents/migration/sql-analyzer+prisma-builder.ts(391,7): error TS1109: Expression expected.
agents/migration/sql-analyzer+prisma-builder.ts(398,16): error TS1005: ';' expected.
agents/migration/sql-analyzer+prisma-builder.ts(405,7): error TS1109: Expression expected.
agents/migration/sql-analyzer+prisma-builder.ts(412,33): error TS1005: ';' expected.
agents/migration/sql-analyzer+prisma-builder.ts(419,6): error TS1109: Expression expected.
agents/migration/sql-analyzer+prisma-builder.ts(426,6): error TS1109: Expression expected.
agents/migration/sql-analyzer+prisma-builder.ts(433,7): error TS1109: Expression expected.
agents/migration/sql-analyzer+prisma-builder.ts(440,6): error TS1109: Expression expected.
agents/migration/sql-analyzer+prisma-builder.ts(447,6): error TS1109: Expression expected.
agents/migration/sql-analyzer+prisma-builder.ts(454,7): error TS1109: Expression expected.
agents/migration/sql-analyzer+prisma-builder.ts(461,6): error TS1109: Expression expected.
agents/migration/sql-analyzer+prisma-builder.ts(468,6): error TS1109: Expression expected.
agents/migration/sql-analyzer+prisma-builder.ts(475,6): error TS1109: Expression expected.
agents/migration/sql-analyzer+prisma-builder.ts(482,6): error TS1109: Expression expected.
agents/migration/sql-analyzer+prisma-builder.ts(489,18): error TS1005: ';' expected.
agents/migration/sql-analyzer+prisma-builder.ts(496,6): error TS1109: Expression expected.
agents/migration/sql-analyzer+prisma-builder.ts(508,3): error TS1434: Unexpected keyword or identifier.
agents/migration/sql-analyzer+prisma-builder.ts(508,19): error TS1005: ';' expected.
agents/migration/sql-analyzer+prisma-builder.ts(509,12): error TS1005: ':' expected.
agents/migration/sql-analyzer+prisma-builder.ts(512,6): error TS1005: ',' expected.
agents/migration/sql-prisma-migration-planner.ts(19,21): error TS1005: '{' expected.
agents/migration/sql-prisma-migration-planner.ts(19,53): error TS1005: ';' expected.
agents/migration/sql-prisma-migration-planner.ts(26,17): error TS1005: '{' expected.
agents/migration/sql-prisma-migration-planner.ts(26,43): error TS1005: ';' expected.
agents/migration/sql-prisma-migration-planner.ts(26,119): error TS1005: ';' expected.
agents/migration/sql-prisma-migration-planner.ts(32,23): error TS1005: ',' expected.
agents/migration/sql-prisma-migration-planner.ts(32,29): error TS1005: ',' expected.
agents/migration/sql-prisma-migration-planner.ts(32,67): error TS1005: ';' expected.
agents/migration/sql-prisma-migration-planner.ts(39,3): error TS1434: Unexpected keyword or identifier.
agents/migration/sql-prisma-migration-planner.ts(39,28): error TS1109: Expression expected.
agents/migration/sql-prisma-migration-planner.ts(39,50): error TS1005: ';' expected.
agents/migration/sql-prisma-migration-planner.ts(39,64): error TS1109: Expression expected.
agents/migration/sql-prisma-migration-planner.ts(46,12): error TS1005: ';' expected.
agents/migration/sql-prisma-migration-planner.ts(46,14): error TS1434: Unexpected keyword or identifier.
agents/migration/sql-prisma-migration-planner.ts(53,3): error TS1434: Unexpected keyword or identifier.
agents/migration/sql-prisma-migration-planner.ts(53,19): error TS1005: ';' expected.
agents/migration/sql-prisma-migration-planner.ts(53,33): error TS1109: Expression expected.
agents/migration/sql-prisma-migration-planner.ts(60,16): error TS1005: ';' expected.
agents/migration/sql-prisma-migration-planner.ts(61,12): error TS1005: ':' expected.
agents/migration/sql-prisma-migration-planner.ts(66,6): error TS1005: ',' expected.
agents/migration/sql-prisma-migration-planner.ts(74,27): error TS1005: ';' expected.
agents/migration/sql-prisma-migration-planner.ts(81,25): error TS1005: ';' expected.
agents/migration/sql-prisma-migration-planner.ts(88,6): error TS1109: Expression expected.
agents/migration/sql-prisma-migration-planner.ts(95,10): error TS1005: ';' expected.
agents/migration/sql-prisma-migration-planner.ts(102,10): error TS1005: ';' expected.
agents/migration/sql-prisma-migration-planner.ts(109,6): error TS1109: Expression expected.
agents/migration/sql-prisma-migration-planner.ts(116,30): error TS1005: ';' expected.
agents/migration/sql-prisma-migration-planner.ts(123,7): error TS1109: Expression expected.
agents/migration/sql-prisma-migration-planner.ts(130,7): error TS1109: Expression expected.
agents/migration/sql-prisma-migration-planner.ts(137,7): error TS1109: Expression expected.
agents/migration/sql-prisma-migration-planner.ts(144,6): error TS1109: Expression expected.
agents/migration/sql-prisma-migration-planner.ts(151,6): error TS1109: Expression expected.
agents/migration/sql-prisma-migration-planner.ts(158,6): error TS1109: Expression expected.
agents/migration/sql-prisma-migration-planner.ts(165,26): error TS1005: ';' expected.
agents/migration/sql-prisma-migration-planner.ts(172,7): error TS1109: Expression expected.
agents/migration/sql-prisma-migration-planner.ts(179,6): error TS1109: Expression expected.
agents/migration/sql-prisma-migration-planner.ts(186,6): error TS1109: Expression expected.
agents/migration/sql-prisma-migration-planner.ts(193,32): error TS1005: ';' expected.
agents/migration/sql-prisma-migration-planner.ts(200,7): error TS1109: Expression expected.
agents/migration/sql-prisma-migration-planner.ts(207,6): error TS1109: Expression expected.
agents/migration/sql-prisma-migration-planner.ts(214,7): error TS1109: Expression expected.
agents/migration/sql-prisma-migration-planner.ts(221,6): error TS1109: Expression expected.
agents/migration/sql-prisma-migration-planner.ts(228,6): error TS1109: Expression expected.
agents/migration/sql-prisma-migration-planner.ts(235,7): error TS1109: Expression expected.
agents/migration/sql-prisma-migration-planner.ts(242,6): error TS1109: Expression expected.
agents/migration/sql-prisma-migration-planner.ts(249,6): error TS1109: Expression expected.
agents/migration/sql-prisma-migration-planner.ts(256,6): error TS1109: Expression expected.
agents/migration/sql-prisma-migration-planner.ts(263,7): error TS1109: Expression expected.
agents/migration/sql-prisma-migration-planner.ts(270,6): error TS1109: Expression expected.
agents/migration/sql-prisma-migration-planner.ts(277,28): error TS1005: ';' expected.
agents/migration/sql-prisma-migration-planner.ts(284,7): error TS1109: Expression expected.
agents/migration/sql-prisma-migration-planner.ts(291,6): error TS1109: Expression expected.
agents/migration/sql-prisma-migration-planner.ts(298,6): error TS1109: Expression expected.
agents/migration/sql-prisma-migration-planner.ts(305,6): error TS1109: Expression expected.
agents/migration/sql-prisma-migration-planner.ts(312,6): error TS1109: Expression expected.
agents/migration/sql-prisma-migration-planner.ts(319,6): error TS1109: Expression expected.
agents/migration/sql-prisma-migration-planner.ts(326,6): error TS1109: Expression expected.
agents/migration/sql-prisma-migration-planner.ts(333,29): error TS1005: ';' expected.
agents/migration/sql-prisma-migration-planner.ts(340,7): error TS1109: Expression expected.
agents/migration/sql-prisma-migration-planner.ts(347,6): error TS1109: Expression expected.
agents/migration/sql-prisma-migration-planner.ts(354,6): error TS1109: Expression expected.
agents/migration/sql-prisma-migration-planner.ts(361,6): error TS1109: Expression expected.
agents/migration/sql-prisma-migration-planner.ts(368,6): error TS1109: Expression expected.
agents/migration/sql-prisma-migration-planner.ts(375,6): error TS1109: Expression expected.
agents/migration/sql-prisma-migration-planner.ts(382,6): error TS1109: Expression expected.
agents/migration/sql-prisma-migration-planner.ts(389,7): error TS1109: Expression expected.
agents/migration/sql-prisma-migration-planner.ts(396,23): error TS1005: ';' expected.
agents/migration/sql-prisma-migration-planner.ts(403,21): error TS1005: ';' expected.
agents/migration/sql-prisma-migration-planner.ts(410,35): error TS1005: ';' expected.
agents/migration/sql-prisma-migration-planner.ts(417,7): error TS1109: Expression expected.
agents/migration/sql-prisma-migration-planner.ts(424,6): error TS1109: Expression expected.
agents/migration/sql-prisma-migration-planner.ts(431,6): error TS1109: Expression expected.
agents/migration/sql-prisma-migration-planner.ts(438,7): error TS1109: Expression expected.
agents/migration/sql-prisma-migration-planner.ts(445,10): error TS1005: ';' expected.
agents/migration/sql-prisma-migration-planner.ts(452,6): error TS1109: Expression expected.
agents/migration/sql-prisma-migration-planner.ts(459,7): error TS1109: Expression expected.
agents/migration/sql-prisma-migration-planner.ts(466,6): error TS1109: Expression expected.
agents/migration/sql-prisma-migration-planner.ts(473,6): error TS1109: Expression expected.
agents/migration/sql-prisma-migration-planner.ts(480,7): error TS1109: Expression expected.
agents/migration/sql-prisma-migration-planner.ts(487,6): error TS1109: Expression expected.
agents/migration/sql-prisma-migration-planner.ts(494,7): error TS1109: Expression expected.
agents/migration/sql-prisma-migration-planner.ts(501,6): error TS1109: Expression expected.
agents/migration/sql-prisma-migration-planner.ts(508,7): error TS1109: Expression expected.
agents/migration/sql-prisma-migration-planner.ts(515,6): error TS1109: Expression expected.
agents/migration/sql-prisma-migration-planner.ts(522,7): error TS1109: Expression expected.
agents/migration/sql-prisma-migration-planner.ts(529,6): error TS1109: Expression expected.
agents/migration/sql-prisma-migration-planner.ts(536,7): error TS1109: Expression expected.
agents/migration/sql-prisma-migration-planner.ts(543,6): error TS1109: Expression expected.
agents/migration/sql-prisma-migration-planner.ts(550,7): error TS1109: Expression expected.
agents/migration/sql-prisma-migration-planner.ts(557,7): error TS1109: Expression expected.
agents/migration/sql-prisma-migration-planner.ts(564,31): error TS1005: ';' expected.
agents/migration/sql-prisma-migration-planner.ts(571,7): error TS1109: Expression expected.
agents/migration/sql-prisma-migration-planner.ts(578,7): error TS1109: Expression expected.
agents/migration/sql-prisma-migration-planner.ts(585,7): error TS1109: Expression expected.
agents/migration/sql-prisma-migration-planner.ts(592,6): error TS1109: Expression expected.
agents/migration/sql-prisma-migration-planner.ts(599,23): error TS1005: ';' expected.
agents/migration/sql-prisma-migration-planner.ts(606,6): error TS1109: Expression expected.
agents/migration/sql-prisma-migration-planner.ts(613,6): error TS1109: Expression expected.
agents/migration/sql-prisma-migration-planner.ts(620,6): error TS1109: Expression expected.
agents/migration/sql-prisma-migration-planner.ts(627,29): error TS1005: ';' expected.
agents/migration/sql-prisma-migration-planner.ts(634,23): error TS1005: ';' expected.
agents/migration/sql-prisma-migration-planner.ts(641,22): error TS1005: ';' expected.
agents/migration/sql-prisma-migration-planner.ts(648,23): error TS1005: ';' expected.
agents/migration/sql-prisma-migration-planner.ts(655,10): error TS1005: ';' expected.
agents/migration/sql-prisma-migration-planner.ts(662,3): error TS1005: 'try' expected.
agents/migration/sql-prisma-migration-planner.ts(662,9): error TS1003: Identifier expected.
agents/migration/sql-prisma-migration-planner.ts(669,6): error TS1109: Expression expected.
agents/migration/sql-prisma-migration-planner.ts(681,3): error TS1434: Unexpected keyword or identifier.
agents/migration/sql-prisma-migration-planner.ts(681,19): error TS1005: ';' expected.
agents/migration/sql-prisma-migration-planner.ts(682,12): error TS1005: ':' expected.
agents/migration/sql-prisma-migration-planner.ts(685,6): error TS1005: ',' expected.
agents/migration/type-audit-agent.ts(19,22): error TS1005: '{' expected.
agents/migration/type-audit-agent.ts(19,41): error TS1005: ';' expected.
agents/migration/type-audit-agent.ts(26,18): error TS1005: '{' expected.
agents/migration/type-audit-agent.ts(26,31): error TS1005: ';' expected.
agents/migration/type-audit-agent.ts(26,107): error TS1005: ';' expected.
agents/migration/type-audit-agent.ts(32,23): error TS1005: ',' expected.
agents/migration/type-audit-agent.ts(32,29): error TS1005: ',' expected.
agents/migration/type-audit-agent.ts(32,55): error TS1005: ';' expected.
agents/migration/type-audit-agent.ts(39,3): error TS1434: Unexpected keyword or identifier.
agents/migration/type-audit-agent.ts(39,28): error TS1109: Expression expected.
agents/migration/type-audit-agent.ts(39,50): error TS1005: ';' expected.
agents/migration/type-audit-agent.ts(39,64): error TS1109: Expression expected.
agents/migration/type-audit-agent.ts(46,12): error TS1005: ';' expected.
agents/migration/type-audit-agent.ts(46,14): error TS1434: Unexpected keyword or identifier.
agents/migration/type-audit-agent.ts(53,3): error TS1434: Unexpected keyword or identifier.
agents/migration/type-audit-agent.ts(53,19): error TS1005: ';' expected.
agents/migration/type-audit-agent.ts(53,33): error TS1109: Expression expected.
agents/migration/type-audit-agent.ts(60,16): error TS1005: ';' expected.
agents/migration/type-audit-agent.ts(61,12): error TS1005: ':' expected.
agents/migration/type-audit-agent.ts(66,6): error TS1005: ',' expected.
agents/migration/type-audit-agent.ts(74,16): error TS1005: ';' expected.
agents/migration/type-audit-agent.ts(81,6): error TS1109: Expression expected.
agents/migration/type-audit-agent.ts(88,6): error TS1109: Expression expected.
agents/migration/type-audit-agent.ts(95,19): error TS1005: ';' expected.
agents/migration/type-audit-agent.ts(102,23): error TS1005: ';' expected.
agents/migration/type-audit-agent.ts(109,6): error TS1109: Expression expected.
agents/migration/type-audit-agent.ts(116,6): error TS1109: Expression expected.
agents/migration/type-audit-agent.ts(123,6): error TS1109: Expression expected.
agents/migration/type-audit-agent.ts(130,6): error TS1109: Expression expected.
agents/migration/type-audit-agent.ts(137,24): error TS1005: ';' expected.
agents/migration/type-audit-agent.ts(144,6): error TS1109: Expression expected.
agents/migration/type-audit-agent.ts(151,6): error TS1109: Expression expected.
agents/migration/type-audit-agent.ts(158,21): error TS1005: ';' expected.
agents/migration/type-audit-agent.ts(165,22): error TS1005: ';' expected.
agents/migration/type-audit-agent.ts(172,6): error TS1109: Expression expected.
agents/migration/type-audit-agent.ts(179,26): error TS1005: ';' expected.
agents/migration/type-audit-agent.ts(186,6): error TS1109: Expression expected.
agents/migration/type-audit-agent.ts(193,16): error TS1005: ';' expected.
agents/migration/type-audit-agent.ts(200,6): error TS1109: Expression expected.
agents/migration/type-audit-agent.ts(207,6): error TS1109: Expression expected.
agents/migration/type-audit-agent.ts(214,6): error TS1109: Expression expected.
agents/migration/type-audit-agent.ts(221,6): error TS1109: Expression expected.
agents/migration/type-audit-agent.ts(228,6): error TS1109: Expression expected.
agents/migration/type-audit-agent.ts(235,6): error TS1109: Expression expected.
agents/migration/type-audit-agent.ts(242,24): error TS1005: ';' expected.
agents/migration/type-audit-agent.ts(249,18): error TS1005: ';' expected.
agents/migration/type-audit-agent.ts(256,17): error TS1005: ';' expected.
agents/migration/type-audit-agent.ts(263,25): error TS1005: ';' expected.
agents/migration/type-audit-agent.ts(270,7): error TS1109: Expression expected.
agents/migration/type-audit-agent.ts(277,7): error TS1109: Expression expected.
agents/migration/type-audit-agent.ts(284,32): error TS1005: ';' expected.
agents/migration/type-audit-agent.ts(291,6): error TS1109: Expression expected.
agents/migration/type-audit-agent.ts(298,7): error TS1109: Expression expected.
agents/migration/type-audit-agent.ts(305,6): error TS1109: Expression expected.
agents/migration/type-audit-agent.ts(312,6): error TS1109: Expression expected.
agents/migration/type-audit-agent.ts(319,6): error TS1109: Expression expected.
agents/migration/type-audit-agent.ts(326,6): error TS1109: Expression expected.
agents/migration/type-audit-agent.ts(333,6): error TS1109: Expression expected.
agents/migration/type-audit-agent.ts(340,16): error TS1005: ';' expected.
agents/migration/type-audit-agent.ts(347,20): error TS1005: ';' expected.
agents/migration/type-audit-agent.ts(354,10): error TS1005: ';' expected.
agents/migration/type-audit-agent.ts(361,3): error TS1005: 'try' expected.
agents/migration/type-audit-agent.ts(361,9): error TS1003: Identifier expected.
agents/migration/type-audit-agent.ts(368,6): error TS1109: Expression expected.
agents/migration/type-audit-agent.ts(380,3): error TS1434: Unexpected keyword or identifier.
agents/migration/type-audit-agent.ts(380,19): error TS1005: ';' expected.
agents/migration/type-audit-agent.ts(381,12): error TS1005: ':' expected.
agents/migration/type-audit-agent.ts(384,6): error TS1005: ',' expected.
agents/monitoring-check.ts(23,28): error TS1005: '{' expected.
agents/monitoring-check.ts(23,41): error TS1005: ';' expected.
agents/monitoring-check.ts(30,24): error TS1005: '{' expected.
agents/monitoring-check.ts(30,31): error TS1005: ';' expected.
agents/monitoring-check.ts(30,117): error TS1005: ';' expected.
agents/monitoring-check.ts(36,23): error TS1005: ',' expected.
agents/monitoring-check.ts(36,29): error TS1005: ',' expected.
agents/monitoring-check.ts(36,55): error TS1005: ';' expected.
agents/monitoring-check.ts(43,3): error TS1434: Unexpected keyword or identifier.
agents/monitoring-check.ts(43,28): error TS1109: Expression expected.
agents/monitoring-check.ts(43,50): error TS1005: ';' expected.
agents/monitoring-check.ts(43,64): error TS1109: Expression expected.
agents/monitoring-check.ts(50,12): error TS1005: ';' expected.
agents/monitoring-check.ts(50,14): error TS1434: Unexpected keyword or identifier.
agents/monitoring-check.ts(57,3): error TS1434: Unexpected keyword or identifier.
agents/monitoring-check.ts(57,19): error TS1005: ';' expected.
agents/monitoring-check.ts(57,33): error TS1109: Expression expected.
agents/monitoring-check.ts(64,16): error TS1005: ';' expected.
agents/monitoring-check.ts(65,12): error TS1005: ':' expected.
agents/monitoring-check.ts(70,6): error TS1005: ',' expected.
agents/monitoring-check.ts(78,23): error TS1005: ';' expected.
agents/monitoring-check.ts(85,3): error TS1005: 'try' expected.
agents/monitoring-check.ts(85,9): error TS1003: Identifier expected.
agents/monitoring-check.ts(92,29): error TS1005: ';' expected.
agents/monitoring-check.ts(99,6): error TS1109: Expression expected.
agents/monitoring-check.ts(106,6): error TS1109: Expression expected.
agents/monitoring-check.ts(113,6): error TS1109: Expression expected.
agents/monitoring-check.ts(120,3): error TS1005: 'try' expected.
agents/monitoring-check.ts(120,9): error TS1003: Identifier expected.
agents/monitoring-check.ts(127,6): error TS1109: Expression expected.
agents/monitoring-check.ts(134,6): error TS1109: Expression expected.
agents/monitoring-check.ts(141,6): error TS1109: Expression expected.
agents/monitoring-check.ts(148,6): error TS1109: Expression expected.
agents/monitoring-check.ts(155,6): error TS1109: Expression expected.
agents/monitoring-check.ts(162,23): error TS1005: ';' expected.
agents/monitoring-check.ts(169,10): error TS1005: ';' expected.
agents/monitoring-check.ts(176,6): error TS1109: Expression expected.
agents/monitoring-check.ts(183,6): error TS1109: Expression expected.
agents/monitoring-check.ts(190,6): error TS1109: Expression expected.
agents/monitoring-check.ts(197,3): error TS1005: 'try' expected.
agents/monitoring-check.ts(197,9): error TS1003: Identifier expected.
agents/monitoring-check.ts(204,20): error TS1005: ';' expected.
agents/monitoring-check.ts(211,6): error TS1109: Expression expected.
agents/monitoring-check.ts(218,6): error TS1109: Expression expected.
agents/monitoring-check.ts(225,14): error TS1005: ';' expected.
agents/monitoring-check.ts(232,6): error TS1109: Expression expected.
agents/monitoring-check.ts(239,35): error TS1005: ';' expected.
agents/monitoring-check.ts(246,3): error TS1005: 'try' expected.
agents/monitoring-check.ts(246,9): error TS1003: Identifier expected.
agents/monitoring-check.ts(253,25): error TS1005: ';' expected.
agents/monitoring-check.ts(260,25): error TS1005: ';' expected.
agents/monitoring-check.ts(267,3): error TS1005: 'try' expected.
agents/monitoring-check.ts(267,9): error TS1003: Identifier expected.
agents/monitoring-check.ts(274,7): error TS1109: Expression expected.
agents/monitoring-check.ts(281,14): error TS1005: ';' expected.
agents/monitoring-check.ts(288,7): error TS1109: Expression expected.
agents/monitoring-check.ts(295,6): error TS1109: Expression expected.
agents/monitoring-check.ts(302,9): error TS1005: ';' expected.
agents/monitoring-check.ts(309,6): error TS1109: Expression expected.
agents/monitoring-check.ts(316,6): error TS1109: Expression expected.
agents/monitoring-check.ts(323,3): error TS1005: 'try' expected.
agents/monitoring-check.ts(323,9): error TS1003: Identifier expected.
agents/monitoring-check.ts(330,7): error TS1109: Expression expected.
agents/monitoring-check.ts(337,6): error TS1109: Expression expected.
agents/monitoring-check.ts(344,6): error TS1109: Expression expected.
agents/monitoring-check.ts(351,6): error TS1109: Expression expected.
agents/monitoring-check.ts(358,6): error TS1109: Expression expected.
agents/monitoring-check.ts(365,6): error TS1109: Expression expected.
agents/monitoring-check.ts(372,6): error TS1109: Expression expected.
agents/monitoring-check.ts(379,6): error TS1109: Expression expected.
agents/monitoring-check.ts(386,6): error TS1109: Expression expected.
agents/monitoring-check.ts(393,6): error TS1109: Expression expected.
agents/monitoring-check.ts(400,3): error TS1005: 'try' expected.
agents/monitoring-check.ts(400,9): error TS1003: Identifier expected.
agents/monitoring-check.ts(407,24): error TS1005: ';' expected.
agents/monitoring-check.ts(414,21): error TS1005: ';' expected.
agents/monitoring-check.ts(421,6): error TS1109: Expression expected.
agents/monitoring-check.ts(428,23): error TS1005: ';' expected.
agents/monitoring-check.ts(435,6): error TS1109: Expression expected.
agents/monitoring-check.ts(442,6): error TS1109: Expression expected.
agents/monitoring-check.ts(449,3): error TS1005: 'try' expected.
agents/monitoring-check.ts(449,9): error TS1003: Identifier expected.
agents/monitoring-check.ts(456,6): error TS1109: Expression expected.
agents/monitoring-check.ts(463,3): error TS1005: 'try' expected.
agents/monitoring-check.ts(463,9): error TS1003: Identifier expected.
agents/monitoring-check.ts(470,9): error TS1005: ';' expected.
agents/monitoring-check.ts(477,6): error TS1109: Expression expected.
agents/monitoring-check.ts(484,3): error TS1005: 'try' expected.
agents/monitoring-check.ts(484,9): error TS1003: Identifier expected.
agents/monitoring-check.ts(491,6): error TS1109: Expression expected.
agents/monitoring-check.ts(498,6): error TS1109: Expression expected.
agents/monitoring-check.ts(510,3): error TS1434: Unexpected keyword or identifier.
agents/monitoring-check.ts(510,25): error TS1005: ';' expected.
agents/monitoring-check.ts(511,12): error TS1005: ':' expected.
agents/monitoring-check.ts(514,6): error TS1005: ',' expected.
agents/notifier.ts(606,12): error TS1005: ';' expected.
agents/notifier.ts(606,14): error TS1434: Unexpected keyword or identifier.
agents/notifier.ts(613,3): error TS1434: Unexpected keyword or identifier.
agents/notifier.ts(613,19): error TS1005: ';' expected.
agents/notifier.ts(613,33): error TS1109: Expression expected.
agents/notifier.ts(614,12): error TS1005: ',' expected.
agents/notifier.ts(614,43): error TS1005: ',' expected.
agents/notifier.ts(620,16): error TS1005: ';' expected.
agents/notifier.ts(621,12): error TS1005: ':' expected.
agents/notifier.ts(626,6): error TS1005: ',' expected.
agents/notifier.ts(632,3): error TS1434: Unexpected keyword or identifier.
agents/notifier.ts(632,25): error TS1005: ';' expected.
agents/notifier.ts(633,12): error TS1005: ':' expected.
agents/notifier.ts(636,6): error TS1005: ',' expected.
agents/optimization/SupabaseOptimizationTracker.ts(248,3): error TS1434: Unexpected keyword or identifier.
agents/optimization/SupabaseOptimizationTracker.ts(248,28): error TS1109: Expression expected.
agents/optimization/SupabaseOptimizationTracker.ts(248,50): error TS1005: ';' expected.
agents/optimization/SupabaseOptimizationTracker.ts(248,64): error TS1109: Expression expected.
agents/optimization/SupabaseOptimizationTracker.ts(250,12): error TS1005: ',' expected.
agents/optimization/SupabaseOptimizationTracker.ts(250,52): error TS1005: ',' expected.
agents/optimization/SupabaseOptimizationTracker.ts(256,12): error TS1005: ';' expected.
agents/optimization/SupabaseOptimizationTracker.ts(256,14): error TS1434: Unexpected keyword or identifier.
agents/optimization/SupabaseOptimizationTracker.ts(263,3): error TS1434: Unexpected keyword or identifier.
agents/optimization/SupabaseOptimizationTracker.ts(263,19): error TS1005: ';' expected.
agents/optimization/SupabaseOptimizationTracker.ts(263,33): error TS1109: Expression expected.
agents/optimization/SupabaseOptimizationTracker.ts(264,12): error TS1005: ',' expected.
agents/optimization/SupabaseOptimizationTracker.ts(264,43): error TS1005: ',' expected.
agents/optimization/SupabaseOptimizationTracker.ts(270,16): error TS1005: ';' expected.
agents/optimization/SupabaseOptimizationTracker.ts(271,12): error TS1005: ':' expected.
agents/optimization/SupabaseOptimizationTracker.ts(276,6): error TS1005: ',' expected.
agents/optimization/SupabaseOptimizationTracker.ts(282,3): error TS1434: Unexpected keyword or identifier.
agents/optimization/SupabaseOptimizationTracker.ts(282,19): error TS1005: ';' expected.
agents/optimization/SupabaseOptimizationTracker.ts(283,12): error TS1005: ':' expected.
agents/optimization/SupabaseOptimizationTracker.ts(286,6): error TS1005: ',' expected.
agents/php-analyzer-agent.ts(135,3): error TS1128: Declaration or statement expected.
agents/php-analyzer-agent.ts(139,5): error TS1068: Unexpected token. A constructor, method, accessor, or property was expected.
agents/php-analyzer-agent.ts(149,3): error TS1128: Declaration or statement expected.
agents/php-analyzer-agent.ts(151,3): error TS1434: Unexpected keyword or identifier.
agents/php-analyzer-agent.ts(151,24): error TS1005: ',' expected.
agents/php-analyzer-agent.ts(151,39): error TS1005: ';' expected.
agents/php-analyzer-agent.ts(152,12): error TS1005: ':' expected.
agents/php-analyzer-agent.ts(217,7): error TS1005: ',' expected.
agents/php-analyzer-agent.ts(220,3): error TS1128: Declaration or statement expected.
agents/php-analyzer-agent.ts(220,13): error TS1434: Unexpected keyword or identifier.
agents/php-analyzer-agent.ts(220,47): error TS1005: ',' expected.
agents/php-analyzer-agent.ts(220,62): error TS1005: ';' expected.
agents/php-analyzer-agent.ts(222,16): error TS1005: ',' expected.
agents/php-analyzer-agent.ts(222,30): error TS1005: ',' expected.
agents/php-analyzer-agent.ts(222,32): error TS1136: Property assignment expected.
agents/php-analyzer-agent.ts(244,3): error TS1128: Declaration or statement expected.
agents/php-analyzer-agent.ts(249,3): error TS1128: Declaration or statement expected.
agents/php-analyzer-agent.ts(249,11): error TS1434: Unexpected keyword or identifier.
agents/php-analyzer-agent.ts(249,36): error TS1005: ';' expected.
agents/php-analyzer-agent.ts(249,50): error TS1109: Expression expected.
agents/php-analyzer-agent.ts(250,9): error TS1005: ':' expected.
agents/php-analyzer-agent.ts(252,13): error TS1005: ',' expected.
agents/php-analyzer-agent.ts(252,27): error TS1003: Identifier expected.
agents/php-analyzer-agent.ts(252,32): error TS1138: Parameter declaration expected.
agents/php-analyzer-agent.ts(252,35): error TS1181: Array element destructuring pattern expected.
agents/php-analyzer-agent.ts(252,39): error TS1005: ')' expected.
agents/php-analyzer-agent.ts(252,40): error TS1136: Property assignment expected.
agents/php-analyzer-agent.ts(252,41): error TS1136: Property assignment expected.
agents/php-analyzer-agent.ts(255,15): error TS1005: ',' expected.
agents/php-analyzer-agent.ts(255,36): error TS1005: ',' expected.
agents/php-analyzer-agent.ts(255,38): error TS1136: Property assignment expected.
agents/php-analyzer-agent.ts(260,5): error TS1128: Declaration or statement expected.
agents/php-analyzer-agent.ts(260,7): error TS1005: 'try' expected.
agents/php-analyzer-agent.ts(263,3): error TS1128: Declaration or statement expected.
agents/php-analyzer-agent.ts(268,3): error TS1128: Declaration or statement expected.
agents/php-analyzer-agent.ts(268,11): error TS1434: Unexpected keyword or identifier.
agents/php-analyzer-agent.ts(268,40): error TS1005: ',' expected.
agents/php-analyzer-agent.ts(268,49): error TS1005: ';' expected.
agents/php-analyzer-agent.ts(268,66): error TS1011: An element access expression should take an argument.
agents/php-analyzer-agent.ts(269,11): error TS1005: ':' expected.
agents/php-analyzer-agent.ts(269,19): error TS1005: ',' expected.
agents/php-analyzer-agent.ts(269,27): error TS1005: ',' expected.
agents/php-analyzer-agent.ts(269,28): error TS1109: Expression expected.
agents/php-analyzer-agent.ts(269,30): error TS1005: ':' expected.
agents/php-analyzer-agent.ts(269,34): error TS1005: ',' expected.
agents/php-analyzer-agent.ts(271,20): error TS1005: ':' expected.
agents/php-analyzer-agent.ts(271,28): error TS1005: ',' expected.
agents/php-analyzer-agent.ts(271,38): error TS1005: ',' expected.
agents/php-analyzer-agent.ts(287,3): error TS1128: Declaration or statement expected.
agents/php-analyzer-agent.ts(292,3): error TS1128: Declaration or statement expected.
agents/php-analyzer-agent.ts(292,11): error TS1434: Unexpected keyword or identifier.
agents/php-analyzer-agent.ts(292,40): error TS1005: ',' expected.
agents/php-analyzer-agent.ts(292,49): error TS1005: ';' expected.
agents/php-analyzer-agent.ts(293,9): error TS1005: ':' expected.
agents/php-analyzer-agent.ts(293,56): error TS1005: ',' expected.
agents/php-analyzer-agent.ts(296,11): error TS1005: ':' expected.
agents/php-analyzer-agent.ts(296,57): error TS1005: ',' expected.
agents/php-analyzer-agent.ts(297,11): error TS1005: ':' expected.
agents/php-analyzer-agent.ts(297,38): error TS1005: ',' expected.
agents/php-analyzer-agent.ts(300,11): error TS1005: ':' expected.
agents/php-analyzer-agent.ts(300,29): error TS1005: ',' expected.
agents/php-analyzer-agent.ts(301,11): error TS1005: ':' expected.
agents/php-analyzer-agent.ts(301,76): error TS1005: ',' expected.
agents/php-analyzer-agent.ts(302,11): error TS1005: ':' expected.
agents/php-analyzer-agent.ts(302,109): error TS1005: ',' expected.
agents/php-analyzer-agent.ts(305,9): error TS1005: ',' expected.
agents/php-analyzer-agent.ts(305,33): error TS1011: An element access expression should take an argument.
agents/php-analyzer-agent.ts(305,39): error TS1005: ',' expected.
agents/php-analyzer-agent.ts(306,9): error TS1005: ',' expected.
agents/php-analyzer-agent.ts(306,30): error TS1011: An element access expression should take an argument.
agents/php-analyzer-agent.ts(306,36): error TS1005: ',' expected.
agents/php-analyzer-agent.ts(307,9): error TS1005: ',' expected.
agents/php-analyzer-agent.ts(312,12): error TS1005: ',' expected.
agents/php-analyzer-agent.ts(313,9): error TS1005: ',' expected.
agents/php-analyzer-agent.ts(313,54): error TS1005: ',' expected.
agents/php-analyzer-agent.ts(315,13): error TS1005: ',' expected.
agents/php-analyzer-agent.ts(315,45): error TS1005: ',' expected.
agents/php-analyzer-agent.ts(315,47): error TS1136: Property assignment expected.
agents/php-analyzer-agent.ts(329,7): error TS1128: Declaration or statement expected.
agents/php-analyzer-agent.ts(344,3): error TS1128: Declaration or statement expected.
agents/php-analyzer-agent.ts(349,3): error TS1128: Declaration or statement expected.
agents/php-analyzer-agent.ts(349,32): error TS1005: ',' expected.
agents/php-analyzer-agent.ts(349,41): error TS1005: ';' expected.
agents/php-analyzer-agent.ts(349,43): error TS1434: Unexpected keyword or identifier.
agents/php-analyzer-agent.ts(364,3): error TS1128: Declaration or statement expected.
agents/php-analyzer-agent.ts(364,37): error TS1005: ',' expected.
agents/php-analyzer-agent.ts(364,46): error TS1005: ';' expected.
agents/php-analyzer-agent.ts(364,48): error TS1434: Unexpected keyword or identifier.
agents/php-analyzer-agent.ts(384,3): error TS1128: Declaration or statement expected.
agents/php-analyzer-agent.ts(384,38): error TS1005: ',' expected.
agents/php-analyzer-agent.ts(384,47): error TS1005: ';' expected.
agents/php-analyzer-agent.ts(384,56): error TS1011: An element access expression should take an argument.
agents/php-analyzer-agent.ts(384,58): error TS1005: ';' expected.
agents/php-analyzer-agent.ts(406,3): error TS1128: Declaration or statement expected.
agents/php-analyzer-agent.ts(406,39): error TS1005: ',' expected.
agents/php-analyzer-agent.ts(406,48): error TS1005: ';' expected.
agents/php-analyzer-agent.ts(406,64): error TS1011: An element access expression should take an argument.
agents/php-analyzer-agent.ts(406,66): error TS1005: ';' expected.
agents/php-analyzer-agent.ts(468,3): error TS1128: Declaration or statement expected.
agents/php-analyzer-agent.ts(468,32): error TS1005: ',' expected.
agents/php-analyzer-agent.ts(468,47): error TS1005: ',' expected.
agents/php-analyzer-agent.ts(468,56): error TS1005: ';' expected.
agents/php-analyzer-agent.ts(468,58): error TS1434: Unexpected keyword or identifier.
agents/php-analyzer-agent.ts(476,3): error TS1128: Declaration or statement expected.
agents/php-analyzer-agent.ts(476,11): error TS1434: Unexpected keyword or identifier.
agents/php-analyzer-agent.ts(476,41): error TS1005: ',' expected.
agents/php-analyzer-agent.ts(476,50): error TS1005: ';' expected.
agents/php-analyzer-agent.ts(477,29): error TS1011: An element access expression should take an argument.
agents/php-analyzer-agent.ts(477,30): error TS1005: ',' expected.
agents/php-analyzer-agent.ts(478,26): error TS1011: An element access expression should take an argument.
agents/php-analyzer-agent.ts(478,27): error TS1005: ',' expected.
agents/php-analyzer-agent.ts(484,7): error TS1005: ',' expected.
agents/php-analyzer-agent.ts(487,11): error TS1005: ':' expected.
agents/php-analyzer-agent.ts(487,93): error TS1005: ',' expected.
agents/php-analyzer-agent.ts(489,9): error TS1005: ':' expected.
agents/php-analyzer-agent.ts(490,13): error TS1005: ':' expected.
agents/php-analyzer-agent.ts(490,79): error TS1005: ',' expected.
agents/php-analyzer-agent.ts(491,13): error TS1005: ':' expected.
agents/php-analyzer-agent.ts(491,40): error TS1005: ',' expected.
agents/php-analyzer-agent.ts(493,14): error TS1005: ':' expected.
agents/php-analyzer-agent.ts(493,20): error TS1005: ',' expected.
agents/php-analyzer-agent.ts(494,7): error TS1005: ',' expected.
agents/php-analyzer-agent.ts(514,3): error TS1128: Declaration or statement expected.
agents/php-analyzer-agent.ts(514,39): error TS1005: ',' expected.
agents/php-analyzer-agent.ts(514,57): error TS1011: An element access expression should take an argument.
agents/php-analyzer-agent.ts(514,59): error TS1005: ';' expected.
agents/php-analyzer-agent.ts(514,90): error TS1005: ';' expected.
agents/php-analyzer-agent.ts(550,1): error TS1128: Declaration or statement expected.
agents/pipeline-strategy-auditor.ts(20,26): error TS1005: '{' expected.
agents/pipeline-strategy-auditor.ts(20,50): error TS1005: ';' expected.
agents/pipeline-strategy-auditor.ts(27,22): error TS1005: '{' expected.
agents/pipeline-strategy-auditor.ts(27,40): error TS1005: ';' expected.
agents/pipeline-strategy-auditor.ts(27,116): error TS1005: ';' expected.
agents/pipeline-strategy-auditor.ts(33,23): error TS1005: ',' expected.
agents/pipeline-strategy-auditor.ts(33,29): error TS1005: ',' expected.
agents/pipeline-strategy-auditor.ts(33,64): error TS1005: ';' expected.
agents/pipeline-strategy-auditor.ts(40,3): error TS1434: Unexpected keyword or identifier.
agents/pipeline-strategy-auditor.ts(40,28): error TS1109: Expression expected.
agents/pipeline-strategy-auditor.ts(40,50): error TS1005: ';' expected.
agents/pipeline-strategy-auditor.ts(40,64): error TS1109: Expression expected.
agents/pipeline-strategy-auditor.ts(47,12): error TS1005: ';' expected.
agents/pipeline-strategy-auditor.ts(47,14): error TS1434: Unexpected keyword or identifier.
agents/pipeline-strategy-auditor.ts(54,3): error TS1434: Unexpected keyword or identifier.
agents/pipeline-strategy-auditor.ts(54,19): error TS1005: ';' expected.
agents/pipeline-strategy-auditor.ts(54,33): error TS1109: Expression expected.
agents/pipeline-strategy-auditor.ts(61,16): error TS1005: ';' expected.
agents/pipeline-strategy-auditor.ts(62,12): error TS1005: ':' expected.
agents/pipeline-strategy-auditor.ts(67,6): error TS1005: ',' expected.
agents/pipeline-strategy-auditor.ts(75,23): error TS1005: ';' expected.
agents/pipeline-strategy-auditor.ts(82,3): error TS1005: 'try' expected.
agents/pipeline-strategy-auditor.ts(82,9): error TS1003: Identifier expected.
agents/pipeline-strategy-auditor.ts(89,3): error TS1005: 'try' expected.
agents/pipeline-strategy-auditor.ts(89,9): error TS1003: Identifier expected.
agents/pipeline-strategy-auditor.ts(96,19): error TS1005: ';' expected.
agents/pipeline-strategy-auditor.ts(103,7): error TS1109: Expression expected.
agents/pipeline-strategy-auditor.ts(110,10): error TS1109: Expression expected.
agents/pipeline-strategy-auditor.ts(117,6): error TS1109: Expression expected.
agents/pipeline-strategy-auditor.ts(124,6): error TS1109: Expression expected.
agents/pipeline-strategy-auditor.ts(131,3): error TS1005: 'try' expected.
agents/pipeline-strategy-auditor.ts(131,9): error TS1003: Identifier expected.
agents/pipeline-strategy-auditor.ts(138,19): error TS1005: ';' expected.
agents/pipeline-strategy-auditor.ts(145,6): error TS1109: Expression expected.
agents/pipeline-strategy-auditor.ts(152,6): error TS1109: Expression expected.
agents/pipeline-strategy-auditor.ts(159,3): error TS1005: 'try' expected.
agents/pipeline-strategy-auditor.ts(159,9): error TS1003: Identifier expected.
agents/pipeline-strategy-auditor.ts(166,3): error TS1005: 'try' expected.
agents/pipeline-strategy-auditor.ts(166,9): error TS1003: Identifier expected.
agents/pipeline-strategy-auditor.ts(173,10): error TS1109: Expression expected.
agents/pipeline-strategy-auditor.ts(180,3): error TS1005: 'try' expected.
agents/pipeline-strategy-auditor.ts(180,9): error TS1003: Identifier expected.
agents/pipeline-strategy-auditor.ts(187,22): error TS1005: ';' expected.
agents/pipeline-strategy-auditor.ts(194,6): error TS1109: Expression expected.
agents/pipeline-strategy-auditor.ts(201,20): error TS1005: ';' expected.
agents/pipeline-strategy-auditor.ts(208,7): error TS1109: Expression expected.
agents/pipeline-strategy-auditor.ts(215,26): error TS1005: ';' expected.
agents/pipeline-strategy-auditor.ts(222,6): error TS1109: Expression expected.
agents/pipeline-strategy-auditor.ts(229,6): error TS1109: Expression expected.
agents/pipeline-strategy-auditor.ts(236,6): error TS1109: Expression expected.
agents/pipeline-strategy-auditor.ts(243,34): error TS1005: ';' expected.
agents/pipeline-strategy-auditor.ts(250,26): error TS1005: ';' expected.
agents/pipeline-strategy-auditor.ts(257,6): error TS1109: Expression expected.
agents/pipeline-strategy-auditor.ts(264,6): error TS1109: Expression expected.
agents/pipeline-strategy-auditor.ts(271,6): error TS1109: Expression expected.
agents/pipeline-strategy-auditor.ts(278,6): error TS1109: Expression expected.
agents/pipeline-strategy-auditor.ts(285,37): error TS1005: ';' expected.
agents/pipeline-strategy-auditor.ts(292,6): error TS1109: Expression expected.
agents/pipeline-strategy-auditor.ts(299,6): error TS1109: Expression expected.
agents/pipeline-strategy-auditor.ts(306,37): error TS1005: ';' expected.
agents/pipeline-strategy-auditor.ts(313,6): error TS1109: Expression expected.
agents/pipeline-strategy-auditor.ts(320,6): error TS1109: Expression expected.
agents/pipeline-strategy-auditor.ts(327,6): error TS1109: Expression expected.
agents/pipeline-strategy-auditor.ts(334,6): error TS1109: Expression expected.
agents/pipeline-strategy-auditor.ts(341,6): error TS1109: Expression expected.
agents/pipeline-strategy-auditor.ts(348,6): error TS1109: Expression expected.
agents/pipeline-strategy-auditor.ts(355,28): error TS1005: ';' expected.
agents/pipeline-strategy-auditor.ts(362,6): error TS1109: Expression expected.
agents/pipeline-strategy-auditor.ts(369,6): error TS1109: Expression expected.
agents/pipeline-strategy-auditor.ts(376,6): error TS1109: Expression expected.
agents/pipeline-strategy-auditor.ts(383,6): error TS1109: Expression expected.
agents/pipeline-strategy-auditor.ts(390,6): error TS1109: Expression expected.
agents/pipeline-strategy-auditor.ts(397,30): error TS1005: ';' expected.
agents/pipeline-strategy-auditor.ts(404,20): error TS1005: ';' expected.
agents/pipeline-strategy-auditor.ts(411,10): error TS1109: Expression expected.
agents/pipeline-strategy-auditor.ts(418,22): error TS1005: ';' expected.
agents/pipeline-strategy-auditor.ts(425,10): error TS1109: Expression expected.
agents/pipeline-strategy-auditor.ts(432,24): error TS1005: ';' expected.
agents/pipeline-strategy-auditor.ts(439,10): error TS1109: Expression expected.
agents/pipeline-strategy-auditor.ts(446,14): error TS1005: ';' expected.
agents/pipeline-strategy-auditor.ts(453,6): error TS1109: Expression expected.
agents/pipeline-strategy-auditor.ts(460,6): error TS1109: Expression expected.
agents/pipeline-strategy-auditor.ts(467,3): error TS1005: 'try' expected.
agents/pipeline-strategy-auditor.ts(467,9): error TS1003: Identifier expected.
agents/pipeline-strategy-auditor.ts(474,10): error TS1005: ';' expected.
agents/pipeline-strategy-auditor.ts(481,7): error TS1109: Expression expected.
agents/pipeline-strategy-auditor.ts(488,6): error TS1109: Expression expected.
agents/pipeline-strategy-auditor.ts(495,6): error TS1109: Expression expected.
agents/pipeline-strategy-auditor.ts(502,3): error TS1005: 'try' expected.
agents/pipeline-strategy-auditor.ts(502,9): error TS1003: Identifier expected.
agents/pipeline-strategy-auditor.ts(509,6): error TS1109: Expression expected.
agents/pipeline-strategy-auditor.ts(521,3): error TS1434: Unexpected keyword or identifier.
agents/pipeline-strategy-auditor.ts(521,19): error TS1005: ';' expected.
agents/pipeline-strategy-auditor.ts(522,12): error TS1005: ':' expected.
agents/pipeline-strategy-auditor.ts(525,6): error TS1005: ',' expected.
agents/quality/QualityAgent.ts(93,38): error TS1002: Unterminated string literal.
agents/quality/QualityAgent.ts(94,1): error TS1005: ',' expected.
agents/quality/QualityAgent.ts(94,4): error TS1002: Unterminated string literal.
agents/quality/QualityAgent.ts(95,5): error TS1005: ',' expected.
agents/quality/QualityAgent.ts(95,9): error TS1005: ',' expected.
agents/quality/QualityAgent.ts(95,28): error TS1005: ')' expected.
agents/quality/QualityAgent.ts(265,38): error TS1002: Unterminated string literal.
agents/quality/QualityAgent.ts(266,1): error TS1005: ',' expected.
agents/quality/QualityAgent.ts(266,4): error TS1002: Unterminated string literal.
agents/quality/QualityAgent.ts(267,5): error TS1005: ',' expected.
agents/quality/QualityAgent.ts(269,84): error TS1002: Unterminated string literal.
agents/quality/QualityAgent.ts(270,3): error TS1002: Unterminated string literal.
agents/quality/QualityAgent.ts(274,78): error TS1002: Unterminated string literal.
agents/quality/QualityAgent.ts(275,3): error TS1002: Unterminated string literal.
agents/quality/QualityAgent.ts(283,49): error TS1002: Unterminated string literal.
agents/quality/QualityAgent.ts(284,1): error TS1005: ',' expected.
agents/quality/QualityAgent.ts(284,11): error TS1002: Unterminated string literal.
agents/quality/QualityAgent.ts(285,7): error TS1005: ',' expected.
agents/quality/QualityAgent.ts(300,68): error TS1002: Unterminated string literal.
agents/quality/QualityAgent.ts(301,3): error TS1002: Unterminated string literal.
agents/quality/QualityAgent.ts(308,74): error TS1002: Unterminated string literal.
agents/quality/QualityAgent.ts(309,3): error TS1002: Unterminated string literal.
agents/quality/QualityAgent.ts(324,68): error TS1002: Unterminated string literal.
agents/quality/QualityAgent.ts(325,3): error TS1002: Unterminated string literal.
agents/quality/QualityAgent.ts(335,53): error TS1002: Unterminated string literal.
agents/quality/QualityAgent.ts(336,3): error TS1002: Unterminated string literal.
agents/quality/QualityAgent.ts(343,71): error TS1002: Unterminated string literal.
agents/quality/QualityAgent.ts(344,3): error TS1002: Unterminated string literal.
agents/quality/sql-debt-audit.ts(20,21): error TS1005: '{' expected.
agents/quality/sql-debt-audit.ts(20,39): error TS1005: ';' expected.
agents/quality/sql-debt-audit.ts(27,17): error TS1005: '{' expected.
agents/quality/sql-debt-audit.ts(27,29): error TS1005: ';' expected.
agents/quality/sql-debt-audit.ts(27,105): error TS1005: ';' expected.
agents/quality/sql-debt-audit.ts(33,23): error TS1005: ',' expected.
agents/quality/sql-debt-audit.ts(33,29): error TS1005: ',' expected.
agents/quality/sql-debt-audit.ts(33,53): error TS1005: ';' expected.
agents/quality/sql-debt-audit.ts(40,3): error TS1434: Unexpected keyword or identifier.
agents/quality/sql-debt-audit.ts(40,28): error TS1109: Expression expected.
agents/quality/sql-debt-audit.ts(40,50): error TS1005: ';' expected.
agents/quality/sql-debt-audit.ts(40,64): error TS1109: Expression expected.
agents/quality/sql-debt-audit.ts(47,12): error TS1005: ';' expected.
agents/quality/sql-debt-audit.ts(47,14): error TS1434: Unexpected keyword or identifier.
agents/quality/sql-debt-audit.ts(54,3): error TS1434: Unexpected keyword or identifier.
agents/quality/sql-debt-audit.ts(54,19): error TS1005: ';' expected.
agents/quality/sql-debt-audit.ts(54,33): error TS1109: Expression expected.
agents/quality/sql-debt-audit.ts(61,16): error TS1005: ';' expected.
agents/quality/sql-debt-audit.ts(62,12): error TS1005: ':' expected.
agents/quality/sql-debt-audit.ts(67,6): error TS1005: ',' expected.
agents/quality/sql-debt-audit.ts(75,10): error TS1005: ';' expected.
agents/quality/sql-debt-audit.ts(82,6): error TS1109: Expression expected.
agents/quality/sql-debt-audit.ts(89,6): error TS1109: Expression expected.
agents/quality/sql-debt-audit.ts(96,19): error TS1005: ';' expected.
agents/quality/sql-debt-audit.ts(103,6): error TS1109: Expression expected.
agents/quality/sql-debt-audit.ts(110,6): error TS1109: Expression expected.
agents/quality/sql-debt-audit.ts(117,6): error TS1109: Expression expected.
agents/quality/sql-debt-audit.ts(124,6): error TS1109: Expression expected.
agents/quality/sql-debt-audit.ts(131,6): error TS1109: Expression expected.
agents/quality/sql-debt-audit.ts(138,6): error TS1109: Expression expected.
agents/quality/sql-debt-audit.ts(145,6): error TS1109: Expression expected.
agents/quality/sql-debt-audit.ts(152,6): error TS1109: Expression expected.
agents/quality/sql-debt-audit.ts(159,6): error TS1109: Expression expected.
agents/quality/sql-debt-audit.ts(166,6): error TS1109: Expression expected.
agents/quality/sql-debt-audit.ts(173,6): error TS1109: Expression expected.
agents/quality/sql-debt-audit.ts(180,6): error TS1109: Expression expected.
agents/quality/sql-debt-audit.ts(187,6): error TS1109: Expression expected.
agents/quality/sql-debt-audit.ts(194,6): error TS1109: Expression expected.
agents/quality/sql-debt-audit.ts(201,6): error TS1109: Expression expected.
agents/quality/sql-debt-audit.ts(208,6): error TS1109: Expression expected.
agents/quality/sql-debt-audit.ts(215,6): error TS1109: Expression expected.
agents/quality/sql-debt-audit.ts(222,6): error TS1109: Expression expected.
agents/quality/sql-debt-audit.ts(229,6): error TS1109: Expression expected.
agents/quality/sql-debt-audit.ts(236,6): error TS1109: Expression expected.
agents/quality/sql-debt-audit.ts(243,29): error TS1005: ';' expected.
agents/quality/sql-debt-audit.ts(250,6): error TS1109: Expression expected.
agents/quality/sql-debt-audit.ts(257,24): error TS1005: ';' expected.
agents/quality/sql-debt-audit.ts(264,28): error TS1005: ';' expected.
agents/quality/sql-debt-audit.ts(271,6): error TS1109: Expression expected.
agents/quality/sql-debt-audit.ts(278,7): error TS1109: Expression expected.
agents/quality/sql-debt-audit.ts(285,6): error TS1109: Expression expected.
agents/quality/sql-debt-audit.ts(292,6): error TS1109: Expression expected.
agents/quality/sql-debt-audit.ts(299,7): error TS1109: Expression expected.
agents/quality/sql-debt-audit.ts(306,6): error TS1109: Expression expected.
agents/quality/sql-debt-audit.ts(313,7): error TS1109: Expression expected.
agents/quality/sql-debt-audit.ts(320,6): error TS1109: Expression expected.
agents/quality/sql-debt-audit.ts(327,6): error TS1109: Expression expected.
agents/quality/sql-debt-audit.ts(334,6): error TS1109: Expression expected.
agents/quality/sql-debt-audit.ts(341,6): error TS1109: Expression expected.
agents/quality/sql-debt-audit.ts(348,6): error TS1109: Expression expected.
agents/quality/sql-debt-audit.ts(355,6): error TS1109: Expression expected.
agents/quality/sql-debt-audit.ts(362,6): error TS1109: Expression expected.
agents/quality/sql-debt-audit.ts(369,6): error TS1109: Expression expected.
agents/quality/sql-debt-audit.ts(376,6): error TS1109: Expression expected.
agents/quality/sql-debt-audit.ts(383,6): error TS1109: Expression expected.
agents/quality/sql-debt-audit.ts(390,7): error TS1109: Expression expected.
agents/quality/sql-debt-audit.ts(397,7): error TS1109: Expression expected.
agents/quality/sql-debt-audit.ts(404,7): error TS1109: Expression expected.
agents/quality/sql-debt-audit.ts(411,7): error TS1109: Expression expected.
agents/quality/sql-debt-audit.ts(418,22): error TS1005: ';' expected.
agents/quality/sql-debt-audit.ts(425,10): error TS1109: Expression expected.
agents/quality/sql-debt-audit.ts(432,6): error TS1109: Expression expected.
agents/quality/sql-debt-audit.ts(439,6): error TS1109: Expression expected.
agents/quality/sql-debt-audit.ts(451,3): error TS1434: Unexpected keyword or identifier.
agents/quality/sql-debt-audit.ts(451,19): error TS1005: ';' expected.
agents/quality/sql-debt-audit.ts(452,12): error TS1005: ':' expected.
agents/quality/sql-debt-audit.ts(455,6): error TS1005: ',' expected.
agents/tools/agent-version-auditor.ts(19,23): error TS1005: '{' expected.
agents/tools/agent-version-auditor.ts(19,46): error TS1005: ';' expected.
agents/tools/agent-version-auditor.ts(26,19): error TS1005: '{' expected.
agents/tools/agent-version-auditor.ts(26,36): error TS1005: ';' expected.
agents/tools/agent-version-auditor.ts(26,112): error TS1005: ';' expected.
agents/tools/agent-version-auditor.ts(32,23): error TS1005: ',' expected.
agents/tools/agent-version-auditor.ts(32,29): error TS1005: ',' expected.
agents/tools/agent-version-auditor.ts(32,60): error TS1005: ';' expected.
agents/tools/agent-version-auditor.ts(39,3): error TS1434: Unexpected keyword or identifier.
agents/tools/agent-version-auditor.ts(39,28): error TS1109: Expression expected.
agents/tools/agent-version-auditor.ts(39,50): error TS1005: ';' expected.
agents/tools/agent-version-auditor.ts(39,64): error TS1109: Expression expected.
agents/tools/agent-version-auditor.ts(46,12): error TS1005: ';' expected.
agents/tools/agent-version-auditor.ts(46,14): error TS1434: Unexpected keyword or identifier.
agents/tools/agent-version-auditor.ts(53,3): error TS1434: Unexpected keyword or identifier.
agents/tools/agent-version-auditor.ts(53,19): error TS1005: ';' expected.
agents/tools/agent-version-auditor.ts(53,33): error TS1109: Expression expected.
agents/tools/agent-version-auditor.ts(60,16): error TS1005: ';' expected.
agents/tools/agent-version-auditor.ts(61,12): error TS1005: ':' expected.
agents/tools/agent-version-auditor.ts(66,6): error TS1005: ',' expected.
agents/tools/agent-version-auditor.ts(74,22): error TS1005: ';' expected.
agents/tools/agent-version-auditor.ts(81,27): error TS1005: ';' expected.
agents/tools/agent-version-auditor.ts(88,29): error TS1005: ';' expected.
agents/tools/agent-version-auditor.ts(95,6): error TS1109: Expression expected.
agents/tools/agent-version-auditor.ts(102,6): error TS1109: Expression expected.
agents/tools/agent-version-auditor.ts(109,6): error TS1109: Expression expected.
agents/tools/agent-version-auditor.ts(116,6): error TS1109: Expression expected.
agents/tools/agent-version-auditor.ts(123,6): error TS1109: Expression expected.
agents/tools/agent-version-auditor.ts(130,6): error TS1109: Expression expected.
agents/tools/agent-version-auditor.ts(137,24): error TS1005: ';' expected.
agents/tools/agent-version-auditor.ts(144,7): error TS1109: Expression expected.
agents/tools/agent-version-auditor.ts(151,6): error TS1109: Expression expected.
agents/tools/agent-version-auditor.ts(158,10): error TS1005: ';' expected.
agents/tools/agent-version-auditor.ts(165,6): error TS1109: Expression expected.
agents/tools/agent-version-auditor.ts(172,3): error TS1005: 'try' expected.
agents/tools/agent-version-auditor.ts(172,9): error TS1003: Identifier expected.
agents/tools/agent-version-auditor.ts(179,6): error TS1109: Expression expected.
agents/tools/agent-version-auditor.ts(191,3): error TS1434: Unexpected keyword or identifier.
agents/tools/agent-version-auditor.ts(191,19): error TS1005: ';' expected.
agents/tools/agent-version-auditor.ts(192,12): error TS1005: ':' expected.
agents/tools/agent-version-auditor.ts(195,6): error TS1005: ',' expected.
agents/workers/mcp-verifier.worker.ts(19,21): error TS1005: '{' expected.
agents/workers/mcp-verifier.worker.ts(19,44): error TS1005: ';' expected.
agents/workers/mcp-verifier.worker.ts(26,17): error TS1005: '{' expected.
agents/workers/mcp-verifier.worker.ts(26,34): error TS1005: ';' expected.
agents/workers/mcp-verifier.worker.ts(26,120): error TS1005: ';' expected.
agents/workers/mcp-verifier.worker.ts(32,23): error TS1005: ',' expected.
agents/workers/mcp-verifier.worker.ts(32,29): error TS1005: ',' expected.
agents/workers/mcp-verifier.worker.ts(32,58): error TS1005: ';' expected.
agents/workers/mcp-verifier.worker.ts(39,3): error TS1434: Unexpected keyword or identifier.
agents/workers/mcp-verifier.worker.ts(39,28): error TS1109: Expression expected.
agents/workers/mcp-verifier.worker.ts(39,50): error TS1005: ';' expected.
agents/workers/mcp-verifier.worker.ts(39,64): error TS1109: Expression expected.
agents/workers/mcp-verifier.worker.ts(46,12): error TS1005: ';' expected.
agents/workers/mcp-verifier.worker.ts(46,14): error TS1434: Unexpected keyword or identifier.
agents/workers/mcp-verifier.worker.ts(53,3): error TS1434: Unexpected keyword or identifier.
agents/workers/mcp-verifier.worker.ts(53,19): error TS1005: ';' expected.
agents/workers/mcp-verifier.worker.ts(53,33): error TS1109: Expression expected.
agents/workers/mcp-verifier.worker.ts(60,16): error TS1005: ';' expected.
agents/workers/mcp-verifier.worker.ts(61,12): error TS1005: ':' expected.
agents/workers/mcp-verifier.worker.ts(66,6): error TS1005: ',' expected.
agents/workers/mcp-verifier.worker.ts(74,28): error TS1005: ';' expected.
agents/workers/mcp-verifier.worker.ts(81,3): error TS1005: 'try' expected.
agents/workers/mcp-verifier.worker.ts(81,9): error TS1003: Identifier expected.
agents/workers/mcp-verifier.worker.ts(88,6): error TS1109: Expression expected.
agents/workers/mcp-verifier.worker.ts(100,3): error TS1434: Unexpected keyword or identifier.
agents/workers/mcp-verifier.worker.ts(100,25): error TS1005: ';' expected.
agents/workers/mcp-verifier.worker.ts(101,12): error TS1005: ':' expected.
agents/workers/mcp-verifier.worker.ts(104,6): error TS1005: ',' expected.
agents/workers/php-analyzer.worker.ts(19,21): error TS1005: '{' expected.
agents/workers/php-analyzer.worker.ts(19,44): error TS1005: ';' expected.
agents/workers/php-analyzer.worker.ts(26,17): error TS1005: '{' expected.
agents/workers/php-analyzer.worker.ts(26,34): error TS1005: ';' expected.
agents/workers/php-analyzer.worker.ts(26,120): error TS1005: ';' expected.
agents/workers/php-analyzer.worker.ts(32,23): error TS1005: ',' expected.
agents/workers/php-analyzer.worker.ts(32,29): error TS1005: ',' expected.
agents/workers/php-analyzer.worker.ts(32,58): error TS1005: ';' expected.
agents/workers/php-analyzer.worker.ts(39,3): error TS1434: Unexpected keyword or identifier.
agents/workers/php-analyzer.worker.ts(39,28): error TS1109: Expression expected.
agents/workers/php-analyzer.worker.ts(39,50): error TS1005: ';' expected.
agents/workers/php-analyzer.worker.ts(39,64): error TS1109: Expression expected.
agents/workers/php-analyzer.worker.ts(46,12): error TS1005: ';' expected.
agents/workers/php-analyzer.worker.ts(46,14): error TS1434: Unexpected keyword or identifier.
agents/workers/php-analyzer.worker.ts(53,3): error TS1434: Unexpected keyword or identifier.
agents/workers/php-analyzer.worker.ts(53,19): error TS1005: ';' expected.
agents/workers/php-analyzer.worker.ts(53,33): error TS1109: Expression expected.
agents/workers/php-analyzer.worker.ts(60,16): error TS1005: ';' expected.
agents/workers/php-analyzer.worker.ts(61,12): error TS1005: ':' expected.
agents/workers/php-analyzer.worker.ts(66,6): error TS1005: ',' expected.
agents/workers/php-analyzer.worker.ts(74,28): error TS1005: ';' expected.
agents/workers/php-analyzer.worker.ts(81,3): error TS1005: 'try' expected.
agents/workers/php-analyzer.worker.ts(81,9): error TS1003: Identifier expected.
agents/workers/php-analyzer.worker.ts(88,11): error TS1005: ';' expected.
agents/workers/php-analyzer.worker.ts(95,6): error TS1109: Expression expected.
agents/workers/php-analyzer.worker.ts(107,3): error TS1434: Unexpected keyword or identifier.
agents/workers/php-analyzer.worker.ts(107,25): error TS1005: ';' expected.
agents/workers/php-analyzer.worker.ts(108,12): error TS1005: ':' expected.
agents/workers/php-analyzer.worker.ts(111,6): error TS1005: ',' expected.
apps/mcp-server-php/src/index.ts(20,40): error TS1005: ',' expected.
apps/mcp-server-php/src/index.ts(20,48): error TS1005: ',' expected.
apps/mcp-server-php/src/index.ts(20,51): error TS1005: ',' expected.
apps/mcp-server-php/src/index.ts(20,56): error TS1005: ',' expected.
apps/mcp-server-php/src/index.ts(20,60): error TS1005: ',' expected.
apps/mcp-server-php/src/index.ts(20,65): error TS1005: ',' expected.
apps/mcp-server-php/src/index.ts(20,77): error TS1005: ',' expected.
apps/mcp-server-php/src/index.ts(20,85): error TS1005: ',' expected.
apps/mcp-server-php/src/index.ts(20,87): error TS1002: Unterminated string literal.
apps/mcp-server-php/src/index.ts(21,7): error TS1005: ':' expected.
apps/mcp-server-php/src/index.ts(21,14): error TS1005: ',' expected.
apps/mcp-server-php/src/index.ts(21,23): error TS1005: ',' expected.
