2025-04-19 23:59:21 - ğŸ” VÃ©rification des scripts essentiels...
2025-04-19 23:59:21 - âœ“ Script disponible: clean-agents-duplicates.sh
2025-04-19 23:59:21 - âœ“ Script disponible: sync-mcp-agents.sh
2025-04-19 23:59:21 - âœ“ Script disponible: integrate-orphan-agents.sh
2025-04-19 23:59:21 - âœ… Tous les scripts essentiels sont disponibles
2025-04-19 23:59:21 - ğŸ”„ Synchronisation des agents...
2025-04-19 23:59:39 - âœ… Synchronisation rÃ©ussie
2025-04-19 23:59:39 - ğŸ“ CrÃ©ation d'une configuration TypeScript temporaire...
2025-04-19 23:59:39 - âœ… Configuration TypeScript temporaire crÃ©Ã©e: /workspaces/cahier-des-charge/reports/ci-agents-20250419-235921/tsconfig.test.json
2025-04-19 23:59:39 - ğŸ§ª Test de l'agent htaccess-router-analyzer...
2025-04-19 23:59:39 - âœ… Fichier d'implÃ©mentation trouvÃ©: /workspaces/cahier-des-charge/packages/mcp-agents/business/analyzers/htaccess-router-analyzer/htaccess-router-analyzer.ts
2025-04-19 23:59:39 - ExÃ©cution du test JavaScript pour l'agent htaccess-router-analyzer...
2025-04-19 23:59:39 - âœ… Test htaccess-router-analyzer rÃ©ussi
2025-04-19 23:59:39 - ğŸ”¨ VÃ©rification de la compilation TypeScript...
2025-04-19 23:59:42 - âŒ Ã‰chec de la compilation TypeScript, voir /workspaces/cahier-des-charge/reports/ci-agents-20250419-235921/tsc.log
packages/mcp-agents/business/analyzers/htaccess-router-analyzer/htaccess-router-analyzer.ts(214,27): error TS2307: Cannot find module '@workspaces/cahier-des-charge/src/core/interfaces/base-agent' or its corresponding type declarations.
packages/mcp-agents/business/analyzers/htaccess-router-analyzer/htaccess-router-analyzer.ts(215,46): error TS2307: Cannot find module '@workspaces/cahier-des-charge/src/core/interfaces/business' or its corresponding type declarations.
packages/mcp-agents/business/analyzers/htaccess-router-analyzer/index.ts(41,27): error TS2307: Cannot find module '@workspaces/cahier-des-charge/src/core/interfaces/base-agent' or its corresponding type declarations.
packages/mcp-agents/business/analyzers/htaccess-router-analyzer/index.ts(42,46): error TS2307: Cannot find module '@workspaces/cahier-des-charge/src/core/interfaces/business' or its corresponding type declarations.
2025-04-19 23:59:42 - ğŸ“Š VÃ©rification de la structure du projet...
2025-04-19 23:59:42 - Structure des agents:
2025-04-19 23:59:42 - - Analyzers: 35
2025-04-19 23:59:42 - - Generators: 25
2025-04-19 23:59:42 - - Validators: 12
2025-04-19 23:59:42 - - Misc: 105
2025-04-19 23:59:42 - âŒ Le pipeline CI a rencontrÃ© des problÃ¨mes. Veuillez consulter les logs pour plus de dÃ©tails.
2025-04-19 23:59:42 - ğŸ“ Rapport d'Ã©chec crÃ©Ã©: /workspaces/cahier-des-charge/reports/ci-agents-20250419-235921/failure-report.md
